<?xml version="1.0" encoding="UTF-8"?>
<testsuite name="com.hivemq.cli.commands.cli.test_broker.TestBrokerConnectST" tests="26" skipped="0" failures="0" errors="0" timestamp="2026-02-16T11:45:16" hostname="runnervmjduv7" time="30.065">
  <properties/>
  <testcase name="[1] '3'" classname="com.hivemq.cli.commands.cli.test_broker.TestBrokerConnectST" time="2.106"/>
  <testcase name="[2] '5'" classname="com.hivemq.cli.commands.cli.test_broker.TestBrokerConnectST" time="1.028"/>
  <testcase name="[1] '3'" classname="com.hivemq.cli.commands.cli.test_broker.TestBrokerConnectST" time="0.705"/>
  <testcase name="[2] '5'" classname="com.hivemq.cli.commands.cli.test_broker.TestBrokerConnectST" time="1.032"/>
  <testcase name="[1] '3'" classname="com.hivemq.cli.commands.cli.test_broker.TestBrokerConnectST" time="0.754"/>
  <testcase name="[2] '5'" classname="com.hivemq.cli.commands.cli.test_broker.TestBrokerConnectST" time="1.023"/>
  <testcase name="[1] '3'" classname="com.hivemq.cli.commands.cli.test_broker.TestBrokerConnectST" time="1.84"/>
  <testcase name="[2] '5'" classname="com.hivemq.cli.commands.cli.test_broker.TestBrokerConnectST" time="1.039"/>
  <testcase name="[1] '3'" classname="com.hivemq.cli.commands.cli.test_broker.TestBrokerConnectST" time="0.902"/>
  <testcase name="[2] '5'" classname="com.hivemq.cli.commands.cli.test_broker.TestBrokerConnectST" time="0.881"/>
  <testcase name="[1] '3'" classname="com.hivemq.cli.commands.cli.test_broker.TestBrokerConnectST" time="0.975"/>
  <testcase name="[2] '5'" classname="com.hivemq.cli.commands.cli.test_broker.TestBrokerConnectST" time="0.893"/>
  <testcase name="[1] '3'" classname="com.hivemq.cli.commands.cli.test_broker.TestBrokerConnectST" time="0.721"/>
  <testcase name="[2] '5'" classname="com.hivemq.cli.commands.cli.test_broker.TestBrokerConnectST" time="1.037"/>
  <testcase name="[1] '3'" classname="com.hivemq.cli.commands.cli.test_broker.TestBrokerConnectST" time="0.62"/>
  <testcase name="[2] '5'" classname="com.hivemq.cli.commands.cli.test_broker.TestBrokerConnectST" time="0.657"/>
  <testcase name="[1] '3'" classname="com.hivemq.cli.commands.cli.test_broker.TestBrokerConnectST" time="1.739"/>
  <testcase name="[2] '5'" classname="com.hivemq.cli.commands.cli.test_broker.TestBrokerConnectST" time="1.031"/>
  <testcase name="[1] '3'" classname="com.hivemq.cli.commands.cli.test_broker.TestBrokerConnectST" time="1.789"/>
  <testcase name="[2] '5'" classname="com.hivemq.cli.commands.cli.test_broker.TestBrokerConnectST" time="1.03"/>
  <testcase name="[1] '3'" classname="com.hivemq.cli.commands.cli.test_broker.TestBrokerConnectST" time="1.712"/>
  <testcase name="[2] '5'" classname="com.hivemq.cli.commands.cli.test_broker.TestBrokerConnectST" time="1.021"/>
  <testcase name="[1] '3'" classname="com.hivemq.cli.commands.cli.test_broker.TestBrokerConnectST" time="1.712"/>
  <testcase name="[2] '5'" classname="com.hivemq.cli.commands.cli.test_broker.TestBrokerConnectST" time="1.041"/>
  <testcase name="[1] '3'" classname="com.hivemq.cli.commands.cli.test_broker.TestBrokerConnectST" time="1.71"/>
  <testcase name="[2] '5'" classname="com.hivemq.cli.commands.cli.test_broker.TestBrokerConnectST" time="1.025"/>
</testsuite>
