<?xml version="1.0" encoding="UTF-8"?>
<testsuite name="com.hivemq.cli.commands.cli.subscribe.SubscribeDeprecationST" tests="22" skipped="0" failures="0" errors="0" timestamp="2026-06-13T16:00:14.250Z" hostname="runnervm1li68" time="9.873">
  <properties/>
  <testcase name="[1] '3'" classname="com.hivemq.cli.commands.cli.subscribe.SubscribeDeprecationST" time="0.216"/>
  <testcase name="[2] '5'" classname="com.hivemq.cli.commands.cli.subscribe.SubscribeDeprecationST" time="0.212"/>
  <testcase name="[1] '3'" classname="com.hivemq.cli.commands.cli.subscribe.SubscribeDeprecationST" time="0.212"/>
  <testcase name="[2] '5'" classname="com.hivemq.cli.commands.cli.subscribe.SubscribeDeprecationST" time="0.212"/>
  <testcase name="[1] '3'" classname="com.hivemq.cli.commands.cli.subscribe.SubscribeDeprecationST" time="0.211"/>
  <testcase name="[2] '5'" classname="com.hivemq.cli.commands.cli.subscribe.SubscribeDeprecationST" time="0.211"/>
  <testcase name="[1] '3'" classname="com.hivemq.cli.commands.cli.subscribe.SubscribeDeprecationST" time="1.153"/>
  <testcase name="[2] '5'" classname="com.hivemq.cli.commands.cli.subscribe.SubscribeDeprecationST" time="1.025"/>
  <testcase name="[1] '3'" classname="com.hivemq.cli.commands.cli.subscribe.SubscribeDeprecationST" time="0.725"/>
  <testcase name="[2] '5'" classname="com.hivemq.cli.commands.cli.subscribe.SubscribeDeprecationST" time="0.625"/>
  <testcase name="[1] '3'" classname="com.hivemq.cli.commands.cli.subscribe.SubscribeDeprecationST" time="0.211"/>
  <testcase name="[2] '5'" classname="com.hivemq.cli.commands.cli.subscribe.SubscribeDeprecationST" time="0.21"/>
  <testcase name="[1] '3'" classname="com.hivemq.cli.commands.cli.subscribe.SubscribeDeprecationST" time="0.622"/>
  <testcase name="[2] '5'" classname="com.hivemq.cli.commands.cli.subscribe.SubscribeDeprecationST" time="0.618"/>
  <testcase name="[1] '3'" classname="com.hivemq.cli.commands.cli.subscribe.SubscribeDeprecationST" time="0.109"/>
  <testcase name="[2] '5'" classname="com.hivemq.cli.commands.cli.subscribe.SubscribeDeprecationST" time="0.109"/>
  <testcase name="[1] '3'" classname="com.hivemq.cli.commands.cli.subscribe.SubscribeDeprecationST" time="0.62"/>
  <testcase name="[2] '5'" classname="com.hivemq.cli.commands.cli.subscribe.SubscribeDeprecationST" time="0.619"/>
  <testcase name="[1] '3'" classname="com.hivemq.cli.commands.cli.subscribe.SubscribeDeprecationST" time="0.211"/>
  <testcase name="[2] '5'" classname="com.hivemq.cli.commands.cli.subscribe.SubscribeDeprecationST" time="0.209"/>
  <testcase name="[1] '3'" classname="com.hivemq.cli.commands.cli.subscribe.SubscribeDeprecationST" time="0.619"/>
  <testcase name="[2] '5'" classname="com.hivemq.cli.commands.cli.subscribe.SubscribeDeprecationST" time="0.619"/>
</testsuite>
