<?xml version="1.0" encoding="UTF-8"?>
<testsuite name="com.hivemq.cli.mqtt.test.Mqtt3FeatureTesterQos0IT" tests="3" skipped="0" failures="0" errors="0" timestamp="2026-05-05T09:49:55.171Z" hostname="runnervmeorf1" time="32.43">
  <properties/>
  <testcase name="qos_1_failed()" classname="com.hivemq.cli.mqtt.test.Mqtt3FeatureTesterQos0IT" time="14.795"/>
  <testcase name="qos_0_success()" classname="com.hivemq.cli.mqtt.test.Mqtt3FeatureTesterQos0IT" time="8.903"/>
  <testcase name="qos_2_failed()" classname="com.hivemq.cli.mqtt.test.Mqtt3FeatureTesterQos0IT" time="8.715"/>
</testsuite>
