<?xml version="1.0" encoding="UTF-8"?>
<testsuite name="com.hivemq.cli.mqtt.test.Mqtt3FeatureTesterDefaultIT" tests="12" skipped="0" failures="0" errors="0" timestamp="2026-05-24T07:12:12.246Z" hostname="runnervmg397c" time="110.977">
  <properties/>
  <testcase name="wildcard_subscriptions_success()" classname="com.hivemq.cli.mqtt.test.Mqtt3FeatureTesterDefaultIT" time="17.497"/>
  <testcase name="clientId_length_success()" classname="com.hivemq.cli.mqtt.test.Mqtt3FeatureTesterDefaultIT" time="8.135"/>
  <testcase name="retain_success()" classname="com.hivemq.cli.mqtt.test.Mqtt3FeatureTesterDefaultIT" time="8.117"/>
  <testcase name="qos_1_success()" classname="com.hivemq.cli.mqtt.test.Mqtt3FeatureTesterDefaultIT" time="8.323"/>
  <testcase name="shared_subscriptions_success()" classname="com.hivemq.cli.mqtt.test.Mqtt3FeatureTesterDefaultIT" time="8.346"/>
  <testcase name="asciiChars_success()" classname="com.hivemq.cli.mqtt.test.Mqtt3FeatureTesterDefaultIT" time="8.536"/>
  <testcase name="connect_success()" classname="com.hivemq.cli.mqtt.test.Mqtt3FeatureTesterDefaultIT" time="8.127"/>
  <testcase name="qos_0_success()" classname="com.hivemq.cli.mqtt.test.Mqtt3FeatureTesterDefaultIT" time="8.535"/>
  <testcase name="connect_failed()" classname="com.hivemq.cli.mqtt.test.Mqtt3FeatureTesterDefaultIT" time="8.195"/>
  <testcase name="qos_2_success()" classname="com.hivemq.cli.mqtt.test.Mqtt3FeatureTesterDefaultIT" time="8.489"/>
  <testcase name="topic_length_success()" classname="com.hivemq.cli.mqtt.test.Mqtt3FeatureTesterDefaultIT" time="8.557"/>
  <testcase name="payload_size_1MB_success()" classname="com.hivemq.cli.mqtt.test.Mqtt3FeatureTesterDefaultIT" time="8.302"/>
</testsuite>
