<?xml version="1.0" encoding="UTF-8"?>
<testsuite name="com.hivemq.cli.commands.cli.HierarchyTlsST" tests="96" skipped="0" failures="0" errors="0" timestamp="2026-06-15T16:48:39.065Z" hostname="runnervm1li68" time="101.95">
  <properties/>
  <testcase name="[1] 3, TLSv1.2, jks, pkcs1.aes256.pem" classname="com.hivemq.cli.commands.cli.HierarchyTlsST" time="0.767"/>
  <testcase name="[2] 3, TLSv1.2, jks, pkcs1.des3.pem" classname="com.hivemq.cli.commands.cli.HierarchyTlsST" time="0.686"/>
  <testcase name="[3] 3, TLSv1.2, jks, pkcs8.aes256.pem" classname="com.hivemq.cli.commands.cli.HierarchyTlsST" time="0.661"/>
  <testcase name="[4] 3, TLSv1.2, jks, pkcs8.des3.pem" classname="com.hivemq.cli.commands.cli.HierarchyTlsST" time="0.678"/>
  <testcase name="[5] 3, TLSv1.2, p12, pkcs1.aes256.pem" classname="com.hivemq.cli.commands.cli.HierarchyTlsST" time="0.693"/>
  <testcase name="[6] 3, TLSv1.2, p12, pkcs1.des3.pem" classname="com.hivemq.cli.commands.cli.HierarchyTlsST" time="0.683"/>
  <testcase name="[7] 3, TLSv1.2, p12, pkcs8.aes256.pem" classname="com.hivemq.cli.commands.cli.HierarchyTlsST" time="0.682"/>
  <testcase name="[8] 3, TLSv1.2, p12, pkcs8.des3.pem" classname="com.hivemq.cli.commands.cli.HierarchyTlsST" time="0.691"/>
  <testcase name="[9] 3, TLSv1.3, jks, pkcs1.aes256.pem" classname="com.hivemq.cli.commands.cli.HierarchyTlsST" time="0.653"/>
  <testcase name="[10] 3, TLSv1.3, jks, pkcs1.des3.pem" classname="com.hivemq.cli.commands.cli.HierarchyTlsST" time="0.705"/>
  <testcase name="[11] 3, TLSv1.3, jks, pkcs8.aes256.pem" classname="com.hivemq.cli.commands.cli.HierarchyTlsST" time="0.658"/>
  <testcase name="[12] 3, TLSv1.3, jks, pkcs8.des3.pem" classname="com.hivemq.cli.commands.cli.HierarchyTlsST" time="0.69"/>
  <testcase name="[13] 3, TLSv1.3, p12, pkcs1.aes256.pem" classname="com.hivemq.cli.commands.cli.HierarchyTlsST" time="0.69"/>
  <testcase name="[14] 3, TLSv1.3, p12, pkcs1.des3.pem" classname="com.hivemq.cli.commands.cli.HierarchyTlsST" time="0.655"/>
  <testcase name="[15] 3, TLSv1.3, p12, pkcs8.aes256.pem" classname="com.hivemq.cli.commands.cli.HierarchyTlsST" time="0.671"/>
  <testcase name="[16] 3, TLSv1.3, p12, pkcs8.des3.pem" classname="com.hivemq.cli.commands.cli.HierarchyTlsST" time="0.641"/>
  <testcase name="[17] 5, TLSv1.2, jks, pkcs1.aes256.pem" classname="com.hivemq.cli.commands.cli.HierarchyTlsST" time="0.662"/>
  <testcase name="[18] 5, TLSv1.2, jks, pkcs1.des3.pem" classname="com.hivemq.cli.commands.cli.HierarchyTlsST" time="0.667"/>
  <testcase name="[19] 5, TLSv1.2, jks, pkcs8.aes256.pem" classname="com.hivemq.cli.commands.cli.HierarchyTlsST" time="0.672"/>
  <testcase name="[20] 5, TLSv1.2, jks, pkcs8.des3.pem" classname="com.hivemq.cli.commands.cli.HierarchyTlsST" time="0.676"/>
  <testcase name="[21] 5, TLSv1.2, p12, pkcs1.aes256.pem" classname="com.hivemq.cli.commands.cli.HierarchyTlsST" time="0.662"/>
  <testcase name="[22] 5, TLSv1.2, p12, pkcs1.des3.pem" classname="com.hivemq.cli.commands.cli.HierarchyTlsST" time="0.646"/>
  <testcase name="[23] 5, TLSv1.2, p12, pkcs8.aes256.pem" classname="com.hivemq.cli.commands.cli.HierarchyTlsST" time="0.674"/>
  <testcase name="[24] 5, TLSv1.2, p12, pkcs8.des3.pem" classname="com.hivemq.cli.commands.cli.HierarchyTlsST" time="0.667"/>
  <testcase name="[25] 5, TLSv1.3, jks, pkcs1.aes256.pem" classname="com.hivemq.cli.commands.cli.HierarchyTlsST" time="0.654"/>
  <testcase name="[26] 5, TLSv1.3, jks, pkcs1.des3.pem" classname="com.hivemq.cli.commands.cli.HierarchyTlsST" time="0.667"/>
  <testcase name="[27] 5, TLSv1.3, jks, pkcs8.aes256.pem" classname="com.hivemq.cli.commands.cli.HierarchyTlsST" time="0.688"/>
  <testcase name="[28] 5, TLSv1.3, jks, pkcs8.des3.pem" classname="com.hivemq.cli.commands.cli.HierarchyTlsST" time="0.713"/>
  <testcase name="[29] 5, TLSv1.3, p12, pkcs1.aes256.pem" classname="com.hivemq.cli.commands.cli.HierarchyTlsST" time="0.668"/>
  <testcase name="[30] 5, TLSv1.3, p12, pkcs1.des3.pem" classname="com.hivemq.cli.commands.cli.HierarchyTlsST" time="0.671"/>
  <testcase name="[31] 5, TLSv1.3, p12, pkcs8.aes256.pem" classname="com.hivemq.cli.commands.cli.HierarchyTlsST" time="0.703"/>
  <testcase name="[32] 5, TLSv1.3, p12, pkcs8.des3.pem" classname="com.hivemq.cli.commands.cli.HierarchyTlsST" time="0.673"/>
  <testcase name="[1] 3, TLSv1.2, jks, pkcs1.aes256.pem" classname="com.hivemq.cli.commands.cli.HierarchyTlsST" time="0.676"/>
  <testcase name="[2] 3, TLSv1.2, jks, pkcs1.des3.pem" classname="com.hivemq.cli.commands.cli.HierarchyTlsST" time="0.685"/>
  <testcase name="[3] 3, TLSv1.2, jks, pkcs8.aes256.pem" classname="com.hivemq.cli.commands.cli.HierarchyTlsST" time="0.685"/>
  <testcase name="[4] 3, TLSv1.2, jks, pkcs8.des3.pem" classname="com.hivemq.cli.commands.cli.HierarchyTlsST" time="0.653"/>
  <testcase name="[5] 3, TLSv1.2, p12, pkcs1.aes256.pem" classname="com.hivemq.cli.commands.cli.HierarchyTlsST" time="0.668"/>
  <testcase name="[6] 3, TLSv1.2, p12, pkcs1.des3.pem" classname="com.hivemq.cli.commands.cli.HierarchyTlsST" time="0.648"/>
  <testcase name="[7] 3, TLSv1.2, p12, pkcs8.aes256.pem" classname="com.hivemq.cli.commands.cli.HierarchyTlsST" time="0.676"/>
  <testcase name="[8] 3, TLSv1.2, p12, pkcs8.des3.pem" classname="com.hivemq.cli.commands.cli.HierarchyTlsST" time="0.674"/>
  <testcase name="[9] 3, TLSv1.3, jks, pkcs1.aes256.pem" classname="com.hivemq.cli.commands.cli.HierarchyTlsST" time="0.665"/>
  <testcase name="[10] 3, TLSv1.3, jks, pkcs1.des3.pem" classname="com.hivemq.cli.commands.cli.HierarchyTlsST" time="0.672"/>
  <testcase name="[11] 3, TLSv1.3, jks, pkcs8.aes256.pem" classname="com.hivemq.cli.commands.cli.HierarchyTlsST" time="0.693"/>
  <testcase name="[12] 3, TLSv1.3, jks, pkcs8.des3.pem" classname="com.hivemq.cli.commands.cli.HierarchyTlsST" time="0.676"/>
  <testcase name="[13] 3, TLSv1.3, p12, pkcs1.aes256.pem" classname="com.hivemq.cli.commands.cli.HierarchyTlsST" time="0.709"/>
  <testcase name="[14] 3, TLSv1.3, p12, pkcs1.des3.pem" classname="com.hivemq.cli.commands.cli.HierarchyTlsST" time="0.684"/>
  <testcase name="[15] 3, TLSv1.3, p12, pkcs8.aes256.pem" classname="com.hivemq.cli.commands.cli.HierarchyTlsST" time="0.668"/>
  <testcase name="[16] 3, TLSv1.3, p12, pkcs8.des3.pem" classname="com.hivemq.cli.commands.cli.HierarchyTlsST" time="0.692"/>
  <testcase name="[17] 5, TLSv1.2, jks, pkcs1.aes256.pem" classname="com.hivemq.cli.commands.cli.HierarchyTlsST" time="0.684"/>
  <testcase name="[18] 5, TLSv1.2, jks, pkcs1.des3.pem" classname="com.hivemq.cli.commands.cli.HierarchyTlsST" time="0.68"/>
  <testcase name="[19] 5, TLSv1.2, jks, pkcs8.aes256.pem" classname="com.hivemq.cli.commands.cli.HierarchyTlsST" time="0.696"/>
  <testcase name="[20] 5, TLSv1.2, jks, pkcs8.des3.pem" classname="com.hivemq.cli.commands.cli.HierarchyTlsST" time="0.664"/>
  <testcase name="[21] 5, TLSv1.2, p12, pkcs1.aes256.pem" classname="com.hivemq.cli.commands.cli.HierarchyTlsST" time="0.685"/>
  <testcase name="[22] 5, TLSv1.2, p12, pkcs1.des3.pem" classname="com.hivemq.cli.commands.cli.HierarchyTlsST" time="0.685"/>
  <testcase name="[23] 5, TLSv1.2, p12, pkcs8.aes256.pem" classname="com.hivemq.cli.commands.cli.HierarchyTlsST" time="0.674"/>
  <testcase name="[24] 5, TLSv1.2, p12, pkcs8.des3.pem" classname="com.hivemq.cli.commands.cli.HierarchyTlsST" time="0.664"/>
  <testcase name="[25] 5, TLSv1.3, jks, pkcs1.aes256.pem" classname="com.hivemq.cli.commands.cli.HierarchyTlsST" time="0.689"/>
  <testcase name="[26] 5, TLSv1.3, jks, pkcs1.des3.pem" classname="com.hivemq.cli.commands.cli.HierarchyTlsST" time="0.687"/>
  <testcase name="[27] 5, TLSv1.3, jks, pkcs8.aes256.pem" classname="com.hivemq.cli.commands.cli.HierarchyTlsST" time="0.698"/>
  <testcase name="[28] 5, TLSv1.3, jks, pkcs8.des3.pem" classname="com.hivemq.cli.commands.cli.HierarchyTlsST" time="0.677"/>
  <testcase name="[29] 5, TLSv1.3, p12, pkcs1.aes256.pem" classname="com.hivemq.cli.commands.cli.HierarchyTlsST" time="0.687"/>
  <testcase name="[30] 5, TLSv1.3, p12, pkcs1.des3.pem" classname="com.hivemq.cli.commands.cli.HierarchyTlsST" time="0.683"/>
  <testcase name="[31] 5, TLSv1.3, p12, pkcs8.aes256.pem" classname="com.hivemq.cli.commands.cli.HierarchyTlsST" time="0.69"/>
  <testcase name="[32] 5, TLSv1.3, p12, pkcs8.des3.pem" classname="com.hivemq.cli.commands.cli.HierarchyTlsST" time="0.705"/>
  <testcase name="[1] 3, TLSv1.2, jks, pkcs1.aes256.pem" classname="com.hivemq.cli.commands.cli.HierarchyTlsST" time="1.939"/>
  <testcase name="[2] 3, TLSv1.2, jks, pkcs1.des3.pem" classname="com.hivemq.cli.commands.cli.HierarchyTlsST" time="1.713"/>
  <testcase name="[3] 3, TLSv1.2, jks, pkcs8.aes256.pem" classname="com.hivemq.cli.commands.cli.HierarchyTlsST" time="1.814"/>
  <testcase name="[4] 3, TLSv1.2, jks, pkcs8.des3.pem" classname="com.hivemq.cli.commands.cli.HierarchyTlsST" time="1.715"/>
  <testcase name="[5] 3, TLSv1.2, p12, pkcs1.aes256.pem" classname="com.hivemq.cli.commands.cli.HierarchyTlsST" time="1.713"/>
  <testcase name="[6] 3, TLSv1.2, p12, pkcs1.des3.pem" classname="com.hivemq.cli.commands.cli.HierarchyTlsST" time="1.716"/>
  <testcase name="[7] 3, TLSv1.2, p12, pkcs8.aes256.pem" classname="com.hivemq.cli.commands.cli.HierarchyTlsST" time="1.714"/>
  <testcase name="[8] 3, TLSv1.2, p12, pkcs8.des3.pem" classname="com.hivemq.cli.commands.cli.HierarchyTlsST" time="1.813"/>
  <testcase name="[9] 3, TLSv1.3, jks, pkcs1.aes256.pem" classname="com.hivemq.cli.commands.cli.HierarchyTlsST" time="1.715"/>
  <testcase name="[10] 3, TLSv1.3, jks, pkcs1.des3.pem" classname="com.hivemq.cli.commands.cli.HierarchyTlsST" time="1.815"/>
  <testcase name="[11] 3, TLSv1.3, jks, pkcs8.aes256.pem" classname="com.hivemq.cli.commands.cli.HierarchyTlsST" time="1.72"/>
  <testcase name="[12] 3, TLSv1.3, jks, pkcs8.des3.pem" classname="com.hivemq.cli.commands.cli.HierarchyTlsST" time="1.715"/>
  <testcase name="[13] 3, TLSv1.3, p12, pkcs1.aes256.pem" classname="com.hivemq.cli.commands.cli.HierarchyTlsST" time="1.726"/>
  <testcase name="[14] 3, TLSv1.3, p12, pkcs1.des3.pem" classname="com.hivemq.cli.commands.cli.HierarchyTlsST" time="1.815"/>
  <testcase name="[15] 3, TLSv1.3, p12, pkcs8.aes256.pem" classname="com.hivemq.cli.commands.cli.HierarchyTlsST" time="1.713"/>
  <testcase name="[16] 3, TLSv1.3, p12, pkcs8.des3.pem" classname="com.hivemq.cli.commands.cli.HierarchyTlsST" time="1.715"/>
  <testcase name="[17] 5, TLSv1.2, jks, pkcs1.aes256.pem" classname="com.hivemq.cli.commands.cli.HierarchyTlsST" time="1.715"/>
  <testcase name="[18] 5, TLSv1.2, jks, pkcs1.des3.pem" classname="com.hivemq.cli.commands.cli.HierarchyTlsST" time="1.82"/>
  <testcase name="[19] 5, TLSv1.2, jks, pkcs8.aes256.pem" classname="com.hivemq.cli.commands.cli.HierarchyTlsST" time="1.813"/>
  <testcase name="[20] 5, TLSv1.2, jks, pkcs8.des3.pem" classname="com.hivemq.cli.commands.cli.HierarchyTlsST" time="1.714"/>
  <testcase name="[21] 5, TLSv1.2, p12, pkcs1.aes256.pem" classname="com.hivemq.cli.commands.cli.HierarchyTlsST" time="1.716"/>
  <testcase name="[22] 5, TLSv1.2, p12, pkcs1.des3.pem" classname="com.hivemq.cli.commands.cli.HierarchyTlsST" time="1.717"/>
  <testcase name="[23] 5, TLSv1.2, p12, pkcs8.aes256.pem" classname="com.hivemq.cli.commands.cli.HierarchyTlsST" time="1.614"/>
  <testcase name="[24] 5, TLSv1.2, p12, pkcs8.des3.pem" classname="com.hivemq.cli.commands.cli.HierarchyTlsST" time="1.718"/>
  <testcase name="[25] 5, TLSv1.3, jks, pkcs1.aes256.pem" classname="com.hivemq.cli.commands.cli.HierarchyTlsST" time="1.715"/>
  <testcase name="[26] 5, TLSv1.3, jks, pkcs1.des3.pem" classname="com.hivemq.cli.commands.cli.HierarchyTlsST" time="1.719"/>
  <testcase name="[27] 5, TLSv1.3, jks, pkcs8.aes256.pem" classname="com.hivemq.cli.commands.cli.HierarchyTlsST" time="1.819"/>
  <testcase name="[28] 5, TLSv1.3, jks, pkcs8.des3.pem" classname="com.hivemq.cli.commands.cli.HierarchyTlsST" time="1.716"/>
  <testcase name="[29] 5, TLSv1.3, p12, pkcs1.aes256.pem" classname="com.hivemq.cli.commands.cli.HierarchyTlsST" time="1.711"/>
  <testcase name="[30] 5, TLSv1.3, p12, pkcs1.des3.pem" classname="com.hivemq.cli.commands.cli.HierarchyTlsST" time="1.711"/>
  <testcase name="[31] 5, TLSv1.3, p12, pkcs8.aes256.pem" classname="com.hivemq.cli.commands.cli.HierarchyTlsST" time="1.713"/>
  <testcase name="[32] 5, TLSv1.3, p12, pkcs8.des3.pem" classname="com.hivemq.cli.commands.cli.HierarchyTlsST" time="1.816"/>
</testsuite>
