<?xml version="1.0" encoding="UTF-8"?>
<testsuite name="com.hivemq.cli.commands.cli.subscribe.SubscribeConnectTlsST" tests="50" skipped="0" failures="0" errors="0" timestamp="2026-02-15T18:12:20" hostname="runnervmjduv7" time="73.238">
  <properties/>
  <testcase name="[1] 3, TLSv1.2, jks" classname="com.hivemq.cli.commands.cli.subscribe.SubscribeConnectTlsST" time="1.482"/>
  <testcase name="[2] 3, TLSv1.2, p12" classname="com.hivemq.cli.commands.cli.subscribe.SubscribeConnectTlsST" time="1.426"/>
  <testcase name="[3] 3, TLSv1.3, jks" classname="com.hivemq.cli.commands.cli.subscribe.SubscribeConnectTlsST" time="1.425"/>
  <testcase name="[4] 3, TLSv1.3, p12" classname="com.hivemq.cli.commands.cli.subscribe.SubscribeConnectTlsST" time="1.525"/>
  <testcase name="[5] 5, TLSv1.2, jks" classname="com.hivemq.cli.commands.cli.subscribe.SubscribeConnectTlsST" time="1.321"/>
  <testcase name="[6] 5, TLSv1.2, p12" classname="com.hivemq.cli.commands.cli.subscribe.SubscribeConnectTlsST" time="1.423"/>
  <testcase name="[7] 5, TLSv1.3, jks" classname="com.hivemq.cli.commands.cli.subscribe.SubscribeConnectTlsST" time="1.421"/>
  <testcase name="[8] 5, TLSv1.3, p12" classname="com.hivemq.cli.commands.cli.subscribe.SubscribeConnectTlsST" time="1.522"/>
  <testcase name="[1] 3, TLSv1.2" classname="com.hivemq.cli.commands.cli.subscribe.SubscribeConnectTlsST" time="1.424"/>
  <testcase name="[2] 3, TLSv1.3" classname="com.hivemq.cli.commands.cli.subscribe.SubscribeConnectTlsST" time="1.521"/>
  <testcase name="[3] 5, TLSv1.2" classname="com.hivemq.cli.commands.cli.subscribe.SubscribeConnectTlsST" time="1.422"/>
  <testcase name="[4] 5, TLSv1.3" classname="com.hivemq.cli.commands.cli.subscribe.SubscribeConnectTlsST" time="1.526"/>
  <testcase name="[1] 3, TLSv1.2, jks" classname="com.hivemq.cli.commands.cli.subscribe.SubscribeConnectTlsST" time="1.424"/>
  <testcase name="[2] 3, TLSv1.2, p12" classname="com.hivemq.cli.commands.cli.subscribe.SubscribeConnectTlsST" time="1.523"/>
  <testcase name="[3] 3, TLSv1.3, jks" classname="com.hivemq.cli.commands.cli.subscribe.SubscribeConnectTlsST" time="1.529"/>
  <testcase name="[4] 3, TLSv1.3, p12" classname="com.hivemq.cli.commands.cli.subscribe.SubscribeConnectTlsST" time="1.624"/>
  <testcase name="[5] 5, TLSv1.2, jks" classname="com.hivemq.cli.commands.cli.subscribe.SubscribeConnectTlsST" time="1.426"/>
  <testcase name="[6] 5, TLSv1.2, p12" classname="com.hivemq.cli.commands.cli.subscribe.SubscribeConnectTlsST" time="1.526"/>
  <testcase name="[7] 5, TLSv1.3, jks" classname="com.hivemq.cli.commands.cli.subscribe.SubscribeConnectTlsST" time="1.525"/>
  <testcase name="[8] 5, TLSv1.3, p12" classname="com.hivemq.cli.commands.cli.subscribe.SubscribeConnectTlsST" time="1.527"/>
  <testcase name="[1] 3, TLSv1.2" classname="com.hivemq.cli.commands.cli.subscribe.SubscribeConnectTlsST" time="1.42"/>
  <testcase name="[2] 3, TLSv1.3" classname="com.hivemq.cli.commands.cli.subscribe.SubscribeConnectTlsST" time="1.524"/>
  <testcase name="[3] 5, TLSv1.2" classname="com.hivemq.cli.commands.cli.subscribe.SubscribeConnectTlsST" time="1.424"/>
  <testcase name="[4] 5, TLSv1.3" classname="com.hivemq.cli.commands.cli.subscribe.SubscribeConnectTlsST" time="1.523"/>
  <testcase name="[1] 3, TLSv1.2" classname="com.hivemq.cli.commands.cli.subscribe.SubscribeConnectTlsST" time="1.425"/>
  <testcase name="[2] 3, TLSv1.3" classname="com.hivemq.cli.commands.cli.subscribe.SubscribeConnectTlsST" time="1.628"/>
  <testcase name="[3] 5, TLSv1.2" classname="com.hivemq.cli.commands.cli.subscribe.SubscribeConnectTlsST" time="1.526"/>
  <testcase name="[4] 5, TLSv1.3" classname="com.hivemq.cli.commands.cli.subscribe.SubscribeConnectTlsST" time="1.527"/>
  <testcase name="[1] 3, TLSv1.2, jks" classname="com.hivemq.cli.commands.cli.subscribe.SubscribeConnectTlsST" time="1.323"/>
  <testcase name="[2] 3, TLSv1.2, p12" classname="com.hivemq.cli.commands.cli.subscribe.SubscribeConnectTlsST" time="1.423"/>
  <testcase name="[3] 3, TLSv1.3, jks" classname="com.hivemq.cli.commands.cli.subscribe.SubscribeConnectTlsST" time="1.422"/>
  <testcase name="[4] 3, TLSv1.3, p12" classname="com.hivemq.cli.commands.cli.subscribe.SubscribeConnectTlsST" time="1.523"/>
  <testcase name="[5] 5, TLSv1.2, jks" classname="com.hivemq.cli.commands.cli.subscribe.SubscribeConnectTlsST" time="1.323"/>
  <testcase name="[6] 5, TLSv1.2, p12" classname="com.hivemq.cli.commands.cli.subscribe.SubscribeConnectTlsST" time="1.424"/>
  <testcase name="[7] 5, TLSv1.3, jks" classname="com.hivemq.cli.commands.cli.subscribe.SubscribeConnectTlsST" time="1.422"/>
  <testcase name="[8] 5, TLSv1.3, p12" classname="com.hivemq.cli.commands.cli.subscribe.SubscribeConnectTlsST" time="1.427"/>
  <testcase name="[1] 3, TLSv1.2" classname="com.hivemq.cli.commands.cli.subscribe.SubscribeConnectTlsST" time="1.42"/>
  <testcase name="[2] 3, TLSv1.3" classname="com.hivemq.cli.commands.cli.subscribe.SubscribeConnectTlsST" time="1.528"/>
  <testcase name="[3] 5, TLSv1.2" classname="com.hivemq.cli.commands.cli.subscribe.SubscribeConnectTlsST" time="1.421"/>
  <testcase name="[4] 5, TLSv1.3" classname="com.hivemq.cli.commands.cli.subscribe.SubscribeConnectTlsST" time="1.527"/>
  <testcase name="[1] 3, TLSv1.2" classname="com.hivemq.cli.commands.cli.subscribe.SubscribeConnectTlsST" time="1.429"/>
  <testcase name="[2] 3, TLSv1.3" classname="com.hivemq.cli.commands.cli.subscribe.SubscribeConnectTlsST" time="1.523"/>
  <testcase name="[3] 5, TLSv1.2" classname="com.hivemq.cli.commands.cli.subscribe.SubscribeConnectTlsST" time="1.421"/>
  <testcase name="[4] 5, TLSv1.3" classname="com.hivemq.cli.commands.cli.subscribe.SubscribeConnectTlsST" time="1.524"/>
  <testcase name="[1] 3, TLSv1.2" classname="com.hivemq.cli.commands.cli.subscribe.SubscribeConnectTlsST" time="1.423"/>
  <testcase name="[2] 3, TLSv1.3" classname="com.hivemq.cli.commands.cli.subscribe.SubscribeConnectTlsST" time="1.521"/>
  <testcase name="[3] 5, TLSv1.2" classname="com.hivemq.cli.commands.cli.subscribe.SubscribeConnectTlsST" time="1.423"/>
  <testcase name="[4] 5, TLSv1.3" classname="com.hivemq.cli.commands.cli.subscribe.SubscribeConnectTlsST" time="1.525"/>
  <testcase name="[1] '3'" classname="com.hivemq.cli.commands.cli.subscribe.SubscribeConnectTlsST" time="1.325"/>
  <testcase name="[2] '5'" classname="com.hivemq.cli.commands.cli.subscribe.SubscribeConnectTlsST" time="1.31"/>
</testsuite>
