<?xml version="1.0" encoding="UTF-8"?>
<testsuite name="com.hivemq.cli.mqtt.test.Mqtt3FeatureTesterQos1IT" tests="3" skipped="0" failures="0" errors="0" timestamp="2026-09-20T23:32:02.134Z" hostname="runnervmlun5p" time="38.83">
  <properties/>
  <testcase name="qos_1_success()" classname="com.hivemq.cli.mqtt.test.Mqtt3FeatureTesterQos1IT" time="19.16"/>
  <testcase name="qos_0_success()" classname="com.hivemq.cli.mqtt.test.Mqtt3FeatureTesterQos1IT" time="8.109"/>
  <testcase name="qos_2_failed()" classname="com.hivemq.cli.mqtt.test.Mqtt3FeatureTesterQos1IT" time="8.105"/>
</testsuite>
