<?xml version="1.0" encoding="UTF-8"?>
<testsuite name="com.hivemq.cli.commands.cli.HierarchyTlsST" tests="96" skipped="0" failures="0" errors="0" timestamp="2026-09-26T05:46:06.799Z" hostname="runnervmtr4k5" time="75.274">
  <properties/>
  <testcase name="[1] 3, TLSv1.2, jks, pkcs1.aes256.pem" classname="com.hivemq.cli.commands.cli.HierarchyTlsST" time="0.561"/>
  <testcase name="[2] 3, TLSv1.2, jks, pkcs1.des3.pem" classname="com.hivemq.cli.commands.cli.HierarchyTlsST" time="0.47"/>
  <testcase name="[3] 3, TLSv1.2, jks, pkcs8.aes256.pem" classname="com.hivemq.cli.commands.cli.HierarchyTlsST" time="0.486"/>
  <testcase name="[4] 3, TLSv1.2, jks, pkcs8.des3.pem" classname="com.hivemq.cli.commands.cli.HierarchyTlsST" time="0.49"/>
  <testcase name="[5] 3, TLSv1.2, p12, pkcs1.aes256.pem" classname="com.hivemq.cli.commands.cli.HierarchyTlsST" time="0.489"/>
  <testcase name="[6] 3, TLSv1.2, p12, pkcs1.des3.pem" classname="com.hivemq.cli.commands.cli.HierarchyTlsST" time="0.504"/>
  <testcase name="[7] 3, TLSv1.2, p12, pkcs8.aes256.pem" classname="com.hivemq.cli.commands.cli.HierarchyTlsST" time="0.471"/>
  <testcase name="[8] 3, TLSv1.2, p12, pkcs8.des3.pem" classname="com.hivemq.cli.commands.cli.HierarchyTlsST" time="0.482"/>
  <testcase name="[9] 3, TLSv1.3, jks, pkcs1.aes256.pem" classname="com.hivemq.cli.commands.cli.HierarchyTlsST" time="0.478"/>
  <testcase name="[10] 3, TLSv1.3, jks, pkcs1.des3.pem" classname="com.hivemq.cli.commands.cli.HierarchyTlsST" time="0.48"/>
  <testcase name="[11] 3, TLSv1.3, jks, pkcs8.aes256.pem" classname="com.hivemq.cli.commands.cli.HierarchyTlsST" time="0.479"/>
  <testcase name="[12] 3, TLSv1.3, jks, pkcs8.des3.pem" classname="com.hivemq.cli.commands.cli.HierarchyTlsST" time="0.453"/>
  <testcase name="[13] 3, TLSv1.3, p12, pkcs1.aes256.pem" classname="com.hivemq.cli.commands.cli.HierarchyTlsST" time="0.478"/>
  <testcase name="[14] 3, TLSv1.3, p12, pkcs1.des3.pem" classname="com.hivemq.cli.commands.cli.HierarchyTlsST" time="0.513"/>
  <testcase name="[15] 3, TLSv1.3, p12, pkcs8.aes256.pem" classname="com.hivemq.cli.commands.cli.HierarchyTlsST" time="0.505"/>
  <testcase name="[16] 3, TLSv1.3, p12, pkcs8.des3.pem" classname="com.hivemq.cli.commands.cli.HierarchyTlsST" time="0.466"/>
  <testcase name="[17] 5, TLSv1.2, jks, pkcs1.aes256.pem" classname="com.hivemq.cli.commands.cli.HierarchyTlsST" time="0.489"/>
  <testcase name="[18] 5, TLSv1.2, jks, pkcs1.des3.pem" classname="com.hivemq.cli.commands.cli.HierarchyTlsST" time="0.507"/>
  <testcase name="[19] 5, TLSv1.2, jks, pkcs8.aes256.pem" classname="com.hivemq.cli.commands.cli.HierarchyTlsST" time="0.503"/>
  <testcase name="[20] 5, TLSv1.2, jks, pkcs8.des3.pem" classname="com.hivemq.cli.commands.cli.HierarchyTlsST" time="0.519"/>
  <testcase name="[21] 5, TLSv1.2, p12, pkcs1.aes256.pem" classname="com.hivemq.cli.commands.cli.HierarchyTlsST" time="0.5"/>
  <testcase name="[22] 5, TLSv1.2, p12, pkcs1.des3.pem" classname="com.hivemq.cli.commands.cli.HierarchyTlsST" time="0.498"/>
  <testcase name="[23] 5, TLSv1.2, p12, pkcs8.aes256.pem" classname="com.hivemq.cli.commands.cli.HierarchyTlsST" time="0.491"/>
  <testcase name="[24] 5, TLSv1.2, p12, pkcs8.des3.pem" classname="com.hivemq.cli.commands.cli.HierarchyTlsST" time="0.459"/>
  <testcase name="[25] 5, TLSv1.3, jks, pkcs1.aes256.pem" classname="com.hivemq.cli.commands.cli.HierarchyTlsST" time="0.513"/>
  <testcase name="[26] 5, TLSv1.3, jks, pkcs1.des3.pem" classname="com.hivemq.cli.commands.cli.HierarchyTlsST" time="0.484"/>
  <testcase name="[27] 5, TLSv1.3, jks, pkcs8.aes256.pem" classname="com.hivemq.cli.commands.cli.HierarchyTlsST" time="0.473"/>
  <testcase name="[28] 5, TLSv1.3, jks, pkcs8.des3.pem" classname="com.hivemq.cli.commands.cli.HierarchyTlsST" time="0.492"/>
  <testcase name="[29] 5, TLSv1.3, p12, pkcs1.aes256.pem" classname="com.hivemq.cli.commands.cli.HierarchyTlsST" time="0.496"/>
  <testcase name="[30] 5, TLSv1.3, p12, pkcs1.des3.pem" classname="com.hivemq.cli.commands.cli.HierarchyTlsST" time="0.61"/>
  <testcase name="[31] 5, TLSv1.3, p12, pkcs8.aes256.pem" classname="com.hivemq.cli.commands.cli.HierarchyTlsST" time="0.507"/>
  <testcase name="[32] 5, TLSv1.3, p12, pkcs8.des3.pem" classname="com.hivemq.cli.commands.cli.HierarchyTlsST" time="0.483"/>
  <testcase name="[1] 3, TLSv1.2, jks, pkcs1.aes256.pem" classname="com.hivemq.cli.commands.cli.HierarchyTlsST" time="0.486"/>
  <testcase name="[2] 3, TLSv1.2, jks, pkcs1.des3.pem" classname="com.hivemq.cli.commands.cli.HierarchyTlsST" time="0.493"/>
  <testcase name="[3] 3, TLSv1.2, jks, pkcs8.aes256.pem" classname="com.hivemq.cli.commands.cli.HierarchyTlsST" time="0.494"/>
  <testcase name="[4] 3, TLSv1.2, jks, pkcs8.des3.pem" classname="com.hivemq.cli.commands.cli.HierarchyTlsST" time="0.476"/>
  <testcase name="[5] 3, TLSv1.2, p12, pkcs1.aes256.pem" classname="com.hivemq.cli.commands.cli.HierarchyTlsST" time="0.482"/>
  <testcase name="[6] 3, TLSv1.2, p12, pkcs1.des3.pem" classname="com.hivemq.cli.commands.cli.HierarchyTlsST" time="0.471"/>
  <testcase name="[7] 3, TLSv1.2, p12, pkcs8.aes256.pem" classname="com.hivemq.cli.commands.cli.HierarchyTlsST" time="0.467"/>
  <testcase name="[8] 3, TLSv1.2, p12, pkcs8.des3.pem" classname="com.hivemq.cli.commands.cli.HierarchyTlsST" time="0.484"/>
  <testcase name="[9] 3, TLSv1.3, jks, pkcs1.aes256.pem" classname="com.hivemq.cli.commands.cli.HierarchyTlsST" time="0.484"/>
  <testcase name="[10] 3, TLSv1.3, jks, pkcs1.des3.pem" classname="com.hivemq.cli.commands.cli.HierarchyTlsST" time="0.451"/>
  <testcase name="[11] 3, TLSv1.3, jks, pkcs8.aes256.pem" classname="com.hivemq.cli.commands.cli.HierarchyTlsST" time="0.47"/>
  <testcase name="[12] 3, TLSv1.3, jks, pkcs8.des3.pem" classname="com.hivemq.cli.commands.cli.HierarchyTlsST" time="0.467"/>
  <testcase name="[13] 3, TLSv1.3, p12, pkcs1.aes256.pem" classname="com.hivemq.cli.commands.cli.HierarchyTlsST" time="0.47"/>
  <testcase name="[14] 3, TLSv1.3, p12, pkcs1.des3.pem" classname="com.hivemq.cli.commands.cli.HierarchyTlsST" time="0.482"/>
  <testcase name="[15] 3, TLSv1.3, p12, pkcs8.aes256.pem" classname="com.hivemq.cli.commands.cli.HierarchyTlsST" time="0.474"/>
  <testcase name="[16] 3, TLSv1.3, p12, pkcs8.des3.pem" classname="com.hivemq.cli.commands.cli.HierarchyTlsST" time="0.493"/>
  <testcase name="[17] 5, TLSv1.2, jks, pkcs1.aes256.pem" classname="com.hivemq.cli.commands.cli.HierarchyTlsST" time="0.462"/>
  <testcase name="[18] 5, TLSv1.2, jks, pkcs1.des3.pem" classname="com.hivemq.cli.commands.cli.HierarchyTlsST" time="0.471"/>
  <testcase name="[19] 5, TLSv1.2, jks, pkcs8.aes256.pem" classname="com.hivemq.cli.commands.cli.HierarchyTlsST" time="0.472"/>
  <testcase name="[20] 5, TLSv1.2, jks, pkcs8.des3.pem" classname="com.hivemq.cli.commands.cli.HierarchyTlsST" time="0.493"/>
  <testcase name="[21] 5, TLSv1.2, p12, pkcs1.aes256.pem" classname="com.hivemq.cli.commands.cli.HierarchyTlsST" time="0.461"/>
  <testcase name="[22] 5, TLSv1.2, p12, pkcs1.des3.pem" classname="com.hivemq.cli.commands.cli.HierarchyTlsST" time="0.51"/>
  <testcase name="[23] 5, TLSv1.2, p12, pkcs8.aes256.pem" classname="com.hivemq.cli.commands.cli.HierarchyTlsST" time="0.509"/>
  <testcase name="[24] 5, TLSv1.2, p12, pkcs8.des3.pem" classname="com.hivemq.cli.commands.cli.HierarchyTlsST" time="0.495"/>
  <testcase name="[25] 5, TLSv1.3, jks, pkcs1.aes256.pem" classname="com.hivemq.cli.commands.cli.HierarchyTlsST" time="0.508"/>
  <testcase name="[26] 5, TLSv1.3, jks, pkcs1.des3.pem" classname="com.hivemq.cli.commands.cli.HierarchyTlsST" time="0.526"/>
  <testcase name="[27] 5, TLSv1.3, jks, pkcs8.aes256.pem" classname="com.hivemq.cli.commands.cli.HierarchyTlsST" time="0.482"/>
  <testcase name="[28] 5, TLSv1.3, jks, pkcs8.des3.pem" classname="com.hivemq.cli.commands.cli.HierarchyTlsST" time="0.48"/>
  <testcase name="[29] 5, TLSv1.3, p12, pkcs1.aes256.pem" classname="com.hivemq.cli.commands.cli.HierarchyTlsST" time="0.508"/>
  <testcase name="[30] 5, TLSv1.3, p12, pkcs1.des3.pem" classname="com.hivemq.cli.commands.cli.HierarchyTlsST" time="0.565"/>
  <testcase name="[31] 5, TLSv1.3, p12, pkcs8.aes256.pem" classname="com.hivemq.cli.commands.cli.HierarchyTlsST" time="0.472"/>
  <testcase name="[32] 5, TLSv1.3, p12, pkcs8.des3.pem" classname="com.hivemq.cli.commands.cli.HierarchyTlsST" time="0.466"/>
  <testcase name="[1] 3, TLSv1.2, jks, pkcs1.aes256.pem" classname="com.hivemq.cli.commands.cli.HierarchyTlsST" time="1.631"/>
  <testcase name="[2] 3, TLSv1.2, jks, pkcs1.des3.pem" classname="com.hivemq.cli.commands.cli.HierarchyTlsST" time="1.215"/>
  <testcase name="[3] 3, TLSv1.2, jks, pkcs8.aes256.pem" classname="com.hivemq.cli.commands.cli.HierarchyTlsST" time="1.313"/>
  <testcase name="[4] 3, TLSv1.2, jks, pkcs8.des3.pem" classname="com.hivemq.cli.commands.cli.HierarchyTlsST" time="1.209"/>
  <testcase name="[5] 3, TLSv1.2, p12, pkcs1.aes256.pem" classname="com.hivemq.cli.commands.cli.HierarchyTlsST" time="1.214"/>
  <testcase name="[6] 3, TLSv1.2, p12, pkcs1.des3.pem" classname="com.hivemq.cli.commands.cli.HierarchyTlsST" time="1.207"/>
  <testcase name="[7] 3, TLSv1.2, p12, pkcs8.aes256.pem" classname="com.hivemq.cli.commands.cli.HierarchyTlsST" time="1.212"/>
  <testcase name="[8] 3, TLSv1.2, p12, pkcs8.des3.pem" classname="com.hivemq.cli.commands.cli.HierarchyTlsST" time="1.311"/>
  <testcase name="[9] 3, TLSv1.3, jks, pkcs1.aes256.pem" classname="com.hivemq.cli.commands.cli.HierarchyTlsST" time="1.211"/>
  <testcase name="[10] 3, TLSv1.3, jks, pkcs1.des3.pem" classname="com.hivemq.cli.commands.cli.HierarchyTlsST" time="1.215"/>
  <testcase name="[11] 3, TLSv1.3, jks, pkcs8.aes256.pem" classname="com.hivemq.cli.commands.cli.HierarchyTlsST" time="1.214"/>
  <testcase name="[12] 3, TLSv1.3, jks, pkcs8.des3.pem" classname="com.hivemq.cli.commands.cli.HierarchyTlsST" time="1.312"/>
  <testcase name="[13] 3, TLSv1.3, p12, pkcs1.aes256.pem" classname="com.hivemq.cli.commands.cli.HierarchyTlsST" time="1.312"/>
  <testcase name="[14] 3, TLSv1.3, p12, pkcs1.des3.pem" classname="com.hivemq.cli.commands.cli.HierarchyTlsST" time="1.212"/>
  <testcase name="[15] 3, TLSv1.3, p12, pkcs8.aes256.pem" classname="com.hivemq.cli.commands.cli.HierarchyTlsST" time="1.31"/>
  <testcase name="[16] 3, TLSv1.3, p12, pkcs8.des3.pem" classname="com.hivemq.cli.commands.cli.HierarchyTlsST" time="1.31"/>
  <testcase name="[17] 5, TLSv1.2, jks, pkcs1.aes256.pem" classname="com.hivemq.cli.commands.cli.HierarchyTlsST" time="1.21"/>
  <testcase name="[18] 5, TLSv1.2, jks, pkcs1.des3.pem" classname="com.hivemq.cli.commands.cli.HierarchyTlsST" time="1.214"/>
  <testcase name="[19] 5, TLSv1.2, jks, pkcs8.aes256.pem" classname="com.hivemq.cli.commands.cli.HierarchyTlsST" time="1.212"/>
  <testcase name="[20] 5, TLSv1.2, jks, pkcs8.des3.pem" classname="com.hivemq.cli.commands.cli.HierarchyTlsST" time="1.312"/>
  <testcase name="[21] 5, TLSv1.2, p12, pkcs1.aes256.pem" classname="com.hivemq.cli.commands.cli.HierarchyTlsST" time="1.512"/>
  <testcase name="[22] 5, TLSv1.2, p12, pkcs1.des3.pem" classname="com.hivemq.cli.commands.cli.HierarchyTlsST" time="1.313"/>
  <testcase name="[23] 5, TLSv1.2, p12, pkcs8.aes256.pem" classname="com.hivemq.cli.commands.cli.HierarchyTlsST" time="1.315"/>
  <testcase name="[24] 5, TLSv1.2, p12, pkcs8.des3.pem" classname="com.hivemq.cli.commands.cli.HierarchyTlsST" time="1.311"/>
  <testcase name="[25] 5, TLSv1.3, jks, pkcs1.aes256.pem" classname="com.hivemq.cli.commands.cli.HierarchyTlsST" time="1.314"/>
  <testcase name="[26] 5, TLSv1.3, jks, pkcs1.des3.pem" classname="com.hivemq.cli.commands.cli.HierarchyTlsST" time="1.21"/>
  <testcase name="[27] 5, TLSv1.3, jks, pkcs8.aes256.pem" classname="com.hivemq.cli.commands.cli.HierarchyTlsST" time="1.414"/>
  <testcase name="[28] 5, TLSv1.3, jks, pkcs8.des3.pem" classname="com.hivemq.cli.commands.cli.HierarchyTlsST" time="1.314"/>
  <testcase name="[29] 5, TLSv1.3, p12, pkcs1.aes256.pem" classname="com.hivemq.cli.commands.cli.HierarchyTlsST" time="1.211"/>
  <testcase name="[30] 5, TLSv1.3, p12, pkcs1.des3.pem" classname="com.hivemq.cli.commands.cli.HierarchyTlsST" time="1.214"/>
  <testcase name="[31] 5, TLSv1.3, p12, pkcs8.aes256.pem" classname="com.hivemq.cli.commands.cli.HierarchyTlsST" time="1.315"/>
  <testcase name="[32] 5, TLSv1.3, p12, pkcs8.des3.pem" classname="com.hivemq.cli.commands.cli.HierarchyTlsST" time="1.211"/>
</testsuite>
