<?xml version="1.0" encoding="UTF-8"?>
<testsuite name="com.hivemq.cli.commands.cli.test_broker.TestBrokerConnectMTlsST" tests="92" skipped="4" failures="0" errors="0" timestamp="2026-03-19T09:14:02.031Z" hostname="runnervm46oaq" time="159.23">
  <properties/>
  <testcase name="[1] 3, TLSv1.2, jks" classname="com.hivemq.cli.commands.cli.test_broker.TestBrokerConnectMTlsST" time="1.904"/>
  <testcase name="[2] 3, TLSv1.2, p12" classname="com.hivemq.cli.commands.cli.test_broker.TestBrokerConnectMTlsST" time="1.733"/>
  <testcase name="[3] 3, TLSv1.3, jks" classname="com.hivemq.cli.commands.cli.test_broker.TestBrokerConnectMTlsST" time="1.631"/>
  <testcase name="[4] 3, TLSv1.3, p12" classname="com.hivemq.cli.commands.cli.test_broker.TestBrokerConnectMTlsST" time="1.531"/>
  <testcase name="[5] 5, TLSv1.2, jks" classname="com.hivemq.cli.commands.cli.test_broker.TestBrokerConnectMTlsST" time="1.519"/>
  <testcase name="[6] 5, TLSv1.2, p12" classname="com.hivemq.cli.commands.cli.test_broker.TestBrokerConnectMTlsST" time="1.518"/>
  <testcase name="[7] 5, TLSv1.3, jks" classname="com.hivemq.cli.commands.cli.test_broker.TestBrokerConnectMTlsST" time="1.517"/>
  <testcase name="[8] 5, TLSv1.3, p12" classname="com.hivemq.cli.commands.cli.test_broker.TestBrokerConnectMTlsST" time="1.617"/>
  <testcase name="test_properties_encrypted_der_private_keys_mutualTls(char, TlsVersion, String)" classname="com.hivemq.cli.commands.cli.test_broker.TestBrokerConnectMTlsST" time="143.855">
    <skipped/>
  </testcase>
  <testcase name="[1] 3, TLSv1.2, jks" classname="com.hivemq.cli.commands.cli.test_broker.TestBrokerConnectMTlsST" time="1.426"/>
  <testcase name="[2] 3, TLSv1.2, p12" classname="com.hivemq.cli.commands.cli.test_broker.TestBrokerConnectMTlsST" time="1.631"/>
  <testcase name="[3] 3, TLSv1.3, jks" classname="com.hivemq.cli.commands.cli.test_broker.TestBrokerConnectMTlsST" time="1.53"/>
  <testcase name="[4] 3, TLSv1.3, p12" classname="com.hivemq.cli.commands.cli.test_broker.TestBrokerConnectMTlsST" time="1.746"/>
  <testcase name="[5] 5, TLSv1.2, jks" classname="com.hivemq.cli.commands.cli.test_broker.TestBrokerConnectMTlsST" time="1.517"/>
  <testcase name="[6] 5, TLSv1.2, p12" classname="com.hivemq.cli.commands.cli.test_broker.TestBrokerConnectMTlsST" time="1.52"/>
  <testcase name="[7] 5, TLSv1.3, jks" classname="com.hivemq.cli.commands.cli.test_broker.TestBrokerConnectMTlsST" time="1.415"/>
  <testcase name="[8] 5, TLSv1.3, p12" classname="com.hivemq.cli.commands.cli.test_broker.TestBrokerConnectMTlsST" time="1.617"/>
  <testcase name="[1] 3, TLSv1.2, jks" classname="com.hivemq.cli.commands.cli.test_broker.TestBrokerConnectMTlsST" time="1.227"/>
  <testcase name="[2] 3, TLSv1.2, p12" classname="com.hivemq.cli.commands.cli.test_broker.TestBrokerConnectMTlsST" time="1.429"/>
  <testcase name="[3] 3, TLSv1.3, jks" classname="com.hivemq.cli.commands.cli.test_broker.TestBrokerConnectMTlsST" time="1.435"/>
  <testcase name="[4] 3, TLSv1.3, p12" classname="com.hivemq.cli.commands.cli.test_broker.TestBrokerConnectMTlsST" time="1.634"/>
  <testcase name="[5] 5, TLSv1.2, jks" classname="com.hivemq.cli.commands.cli.test_broker.TestBrokerConnectMTlsST" time="1.317"/>
  <testcase name="[6] 5, TLSv1.2, p12" classname="com.hivemq.cli.commands.cli.test_broker.TestBrokerConnectMTlsST" time="1.414"/>
  <testcase name="[7] 5, TLSv1.3, jks" classname="com.hivemq.cli.commands.cli.test_broker.TestBrokerConnectMTlsST" time="1.315"/>
  <testcase name="[8] 5, TLSv1.3, p12" classname="com.hivemq.cli.commands.cli.test_broker.TestBrokerConnectMTlsST" time="1.515"/>
  <testcase name="[1] 3, TLSv1.2, pkcs1.unencrypted.pem" classname="com.hivemq.cli.commands.cli.test_broker.TestBrokerConnectMTlsST" time="1.833"/>
  <testcase name="[2] 3, TLSv1.2, pkcs8.unencrypted.pem" classname="com.hivemq.cli.commands.cli.test_broker.TestBrokerConnectMTlsST" time="1.834"/>
  <testcase name="[3] 3, TLSv1.3, pkcs1.unencrypted.pem" classname="com.hivemq.cli.commands.cli.test_broker.TestBrokerConnectMTlsST" time="1.931"/>
  <testcase name="[4] 3, TLSv1.3, pkcs8.unencrypted.pem" classname="com.hivemq.cli.commands.cli.test_broker.TestBrokerConnectMTlsST" time="1.83"/>
  <testcase name="[5] 5, TLSv1.2, pkcs1.unencrypted.pem" classname="com.hivemq.cli.commands.cli.test_broker.TestBrokerConnectMTlsST" time="1.716"/>
  <testcase name="[6] 5, TLSv1.2, pkcs8.unencrypted.pem" classname="com.hivemq.cli.commands.cli.test_broker.TestBrokerConnectMTlsST" time="1.715"/>
  <testcase name="[7] 5, TLSv1.3, pkcs1.unencrypted.pem" classname="com.hivemq.cli.commands.cli.test_broker.TestBrokerConnectMTlsST" time="1.718"/>
  <testcase name="[8] 5, TLSv1.3, pkcs8.unencrypted.pem" classname="com.hivemq.cli.commands.cli.test_broker.TestBrokerConnectMTlsST" time="1.822"/>
  <testcase name="[1] 3, TLSv1.2, pkcs1.aes256.pem" classname="com.hivemq.cli.commands.cli.test_broker.TestBrokerConnectMTlsST" time="1.731"/>
  <testcase name="[2] 3, TLSv1.2, pkcs1.des3.pem" classname="com.hivemq.cli.commands.cli.test_broker.TestBrokerConnectMTlsST" time="1.836"/>
  <testcase name="[3] 3, TLSv1.2, pkcs8.aes256.pem" classname="com.hivemq.cli.commands.cli.test_broker.TestBrokerConnectMTlsST" time="2.028"/>
  <testcase name="[4] 3, TLSv1.2, pkcs8.des3.pem" classname="com.hivemq.cli.commands.cli.test_broker.TestBrokerConnectMTlsST" time="1.929"/>
  <testcase name="[5] 3, TLSv1.3, pkcs1.aes256.pem" classname="com.hivemq.cli.commands.cli.test_broker.TestBrokerConnectMTlsST" time="1.929"/>
  <testcase name="[6] 3, TLSv1.3, pkcs1.des3.pem" classname="com.hivemq.cli.commands.cli.test_broker.TestBrokerConnectMTlsST" time="1.828"/>
  <testcase name="[7] 3, TLSv1.3, pkcs8.aes256.pem" classname="com.hivemq.cli.commands.cli.test_broker.TestBrokerConnectMTlsST" time="1.934"/>
  <testcase name="[8] 3, TLSv1.3, pkcs8.des3.pem" classname="com.hivemq.cli.commands.cli.test_broker.TestBrokerConnectMTlsST" time="1.827"/>
  <testcase name="[9] 5, TLSv1.2, pkcs1.aes256.pem" classname="com.hivemq.cli.commands.cli.test_broker.TestBrokerConnectMTlsST" time="1.613"/>
  <testcase name="[10] 5, TLSv1.2, pkcs1.des3.pem" classname="com.hivemq.cli.commands.cli.test_broker.TestBrokerConnectMTlsST" time="1.815"/>
  <testcase name="[11] 5, TLSv1.2, pkcs8.aes256.pem" classname="com.hivemq.cli.commands.cli.test_broker.TestBrokerConnectMTlsST" time="1.717"/>
  <testcase name="[12] 5, TLSv1.2, pkcs8.des3.pem" classname="com.hivemq.cli.commands.cli.test_broker.TestBrokerConnectMTlsST" time="1.914"/>
  <testcase name="[13] 5, TLSv1.3, pkcs1.aes256.pem" classname="com.hivemq.cli.commands.cli.test_broker.TestBrokerConnectMTlsST" time="1.82"/>
  <testcase name="[14] 5, TLSv1.3, pkcs1.des3.pem" classname="com.hivemq.cli.commands.cli.test_broker.TestBrokerConnectMTlsST" time="1.813"/>
  <testcase name="[15] 5, TLSv1.3, pkcs8.aes256.pem" classname="com.hivemq.cli.commands.cli.test_broker.TestBrokerConnectMTlsST" time="2.016"/>
  <testcase name="[16] 5, TLSv1.3, pkcs8.des3.pem" classname="com.hivemq.cli.commands.cli.test_broker.TestBrokerConnectMTlsST" time="1.817"/>
  <testcase name="[1] 3, TLSv1.2, jks" classname="com.hivemq.cli.commands.cli.test_broker.TestBrokerConnectMTlsST" time="1.223"/>
  <testcase name="[2] 3, TLSv1.2, p12" classname="com.hivemq.cli.commands.cli.test_broker.TestBrokerConnectMTlsST" time="1.427"/>
  <testcase name="[3] 3, TLSv1.3, jks" classname="com.hivemq.cli.commands.cli.test_broker.TestBrokerConnectMTlsST" time="1.425"/>
  <testcase name="[4] 3, TLSv1.3, p12" classname="com.hivemq.cli.commands.cli.test_broker.TestBrokerConnectMTlsST" time="1.528"/>
  <testcase name="[5] 5, TLSv1.2, jks" classname="com.hivemq.cli.commands.cli.test_broker.TestBrokerConnectMTlsST" time="1.313"/>
  <testcase name="[6] 5, TLSv1.2, p12" classname="com.hivemq.cli.commands.cli.test_broker.TestBrokerConnectMTlsST" time="1.412"/>
  <testcase name="[7] 5, TLSv1.3, jks" classname="com.hivemq.cli.commands.cli.test_broker.TestBrokerConnectMTlsST" time="1.413"/>
  <testcase name="[8] 5, TLSv1.3, p12" classname="com.hivemq.cli.commands.cli.test_broker.TestBrokerConnectMTlsST" time="1.617"/>
  <testcase name="test_password_options_encrypted_der_private_keys_mutualTls(char, TlsVersion, String)" classname="com.hivemq.cli.commands.cli.test_broker.TestBrokerConnectMTlsST" time="64.765">
    <skipped/>
  </testcase>
  <testcase name="test_encrypted_der_private_keys_mutualTls(char, TlsVersion, String)" classname="com.hivemq.cli.commands.cli.test_broker.TestBrokerConnectMTlsST" time="64.764">
    <skipped/>
  </testcase>
  <testcase name="[1] 3, TLSv1.2, pkcs1.aes256.pem" classname="com.hivemq.cli.commands.cli.test_broker.TestBrokerConnectMTlsST" time="1.729"/>
  <testcase name="[2] 3, TLSv1.2, pkcs1.des3.pem" classname="com.hivemq.cli.commands.cli.test_broker.TestBrokerConnectMTlsST" time="1.826"/>
  <testcase name="[3] 3, TLSv1.2, pkcs8.aes256.pem" classname="com.hivemq.cli.commands.cli.test_broker.TestBrokerConnectMTlsST" time="1.935"/>
  <testcase name="[4] 3, TLSv1.2, pkcs8.des3.pem" classname="com.hivemq.cli.commands.cli.test_broker.TestBrokerConnectMTlsST" time="1.934"/>
  <testcase name="[5] 3, TLSv1.3, pkcs1.aes256.pem" classname="com.hivemq.cli.commands.cli.test_broker.TestBrokerConnectMTlsST" time="1.934"/>
  <testcase name="[6] 3, TLSv1.3, pkcs1.des3.pem" classname="com.hivemq.cli.commands.cli.test_broker.TestBrokerConnectMTlsST" time="1.932"/>
  <testcase name="[7] 3, TLSv1.3, pkcs8.aes256.pem" classname="com.hivemq.cli.commands.cli.test_broker.TestBrokerConnectMTlsST" time="1.831"/>
  <testcase name="[8] 3, TLSv1.3, pkcs8.des3.pem" classname="com.hivemq.cli.commands.cli.test_broker.TestBrokerConnectMTlsST" time="1.93"/>
  <testcase name="[9] 5, TLSv1.2, pkcs1.aes256.pem" classname="com.hivemq.cli.commands.cli.test_broker.TestBrokerConnectMTlsST" time="1.819"/>
  <testcase name="[10] 5, TLSv1.2, pkcs1.des3.pem" classname="com.hivemq.cli.commands.cli.test_broker.TestBrokerConnectMTlsST" time="1.816"/>
  <testcase name="[11] 5, TLSv1.2, pkcs8.aes256.pem" classname="com.hivemq.cli.commands.cli.test_broker.TestBrokerConnectMTlsST" time="1.816"/>
  <testcase name="[12] 5, TLSv1.2, pkcs8.des3.pem" classname="com.hivemq.cli.commands.cli.test_broker.TestBrokerConnectMTlsST" time="1.816"/>
  <testcase name="[13] 5, TLSv1.3, pkcs1.aes256.pem" classname="com.hivemq.cli.commands.cli.test_broker.TestBrokerConnectMTlsST" time="1.913"/>
  <testcase name="[14] 5, TLSv1.3, pkcs1.des3.pem" classname="com.hivemq.cli.commands.cli.test_broker.TestBrokerConnectMTlsST" time="2.016"/>
  <testcase name="[15] 5, TLSv1.3, pkcs8.aes256.pem" classname="com.hivemq.cli.commands.cli.test_broker.TestBrokerConnectMTlsST" time="1.917"/>
  <testcase name="[16] 5, TLSv1.3, pkcs8.des3.pem" classname="com.hivemq.cli.commands.cli.test_broker.TestBrokerConnectMTlsST" time="1.812"/>
  <testcase name="[1] 3, TLSv1.2, pkcs1.aes256.pem" classname="com.hivemq.cli.commands.cli.test_broker.TestBrokerConnectMTlsST" time="1.828"/>
  <testcase name="[2] 3, TLSv1.2, pkcs1.des3.pem" classname="com.hivemq.cli.commands.cli.test_broker.TestBrokerConnectMTlsST" time="1.829"/>
  <testcase name="[3] 3, TLSv1.2, pkcs8.aes256.pem" classname="com.hivemq.cli.commands.cli.test_broker.TestBrokerConnectMTlsST" time="1.929"/>
  <testcase name="[4] 3, TLSv1.2, pkcs8.des3.pem" classname="com.hivemq.cli.commands.cli.test_broker.TestBrokerConnectMTlsST" time="1.931"/>
  <testcase name="[5] 3, TLSv1.3, pkcs1.aes256.pem" classname="com.hivemq.cli.commands.cli.test_broker.TestBrokerConnectMTlsST" time="1.832"/>
  <testcase name="[6] 3, TLSv1.3, pkcs1.des3.pem" classname="com.hivemq.cli.commands.cli.test_broker.TestBrokerConnectMTlsST" time="1.928"/>
  <testcase name="[7] 3, TLSv1.3, pkcs8.aes256.pem" classname="com.hivemq.cli.commands.cli.test_broker.TestBrokerConnectMTlsST" time="2.031"/>
  <testcase name="[8] 3, TLSv1.3, pkcs8.des3.pem" classname="com.hivemq.cli.commands.cli.test_broker.TestBrokerConnectMTlsST" time="2.032"/>
  <testcase name="[9] 5, TLSv1.2, pkcs1.aes256.pem" classname="com.hivemq.cli.commands.cli.test_broker.TestBrokerConnectMTlsST" time="2.015"/>
  <testcase name="[10] 5, TLSv1.2, pkcs1.des3.pem" classname="com.hivemq.cli.commands.cli.test_broker.TestBrokerConnectMTlsST" time="1.915"/>
  <testcase name="[11] 5, TLSv1.2, pkcs8.aes256.pem" classname="com.hivemq.cli.commands.cli.test_broker.TestBrokerConnectMTlsST" time="1.915"/>
  <testcase name="[12] 5, TLSv1.2, pkcs8.des3.pem" classname="com.hivemq.cli.commands.cli.test_broker.TestBrokerConnectMTlsST" time="1.815"/>
  <testcase name="[13] 5, TLSv1.3, pkcs1.aes256.pem" classname="com.hivemq.cli.commands.cli.test_broker.TestBrokerConnectMTlsST" time="1.822"/>
  <testcase name="[14] 5, TLSv1.3, pkcs1.des3.pem" classname="com.hivemq.cli.commands.cli.test_broker.TestBrokerConnectMTlsST" time="1.917"/>
  <testcase name="[15] 5, TLSv1.3, pkcs8.aes256.pem" classname="com.hivemq.cli.commands.cli.test_broker.TestBrokerConnectMTlsST" time="1.916"/>
  <testcase name="[16] 5, TLSv1.3, pkcs8.des3.pem" classname="com.hivemq.cli.commands.cli.test_broker.TestBrokerConnectMTlsST" time="1.821"/>
  <testcase name="test_unencrypted_der_private_keys_mutualTls(char, TlsVersion, String)" classname="com.hivemq.cli.commands.cli.test_broker.TestBrokerConnectMTlsST" time="4.26">
    <skipped/>
  </testcase>
</testsuite>
