<?xml version="1.0" encoding="UTF-8"?>
<testsuite name="com.hivemq.cli.commands.cli.publish.PublishConnectWebsocketsST" tests="2" skipped="0" failures="0" errors="0" timestamp="2026-04-21T22:10:30.448Z" hostname="runnervmeorf1" time="4.095">
  <properties/>
  <testcase name="[1] '3'" classname="com.hivemq.cli.commands.cli.publish.PublishConnectWebsocketsST" time="1.289"/>
  <testcase name="[2] '5'" classname="com.hivemq.cli.commands.cli.publish.PublishConnectWebsocketsST" time="1.12"/>
</testsuite>
