<?xml version="1.0" encoding="UTF-8"?>
<testsuite name="com.hivemq.cli.commands.cli.subscribe.SubscribeLoggingST" tests="12" skipped="0" failures="0" errors="0" timestamp="2026-05-13T12:19:13.938Z" hostname="runnervmeorf1" time="23.134">
  <properties/>
  <testcase name="test_subscribe_with_message_mqtt3_qos1_logging()" classname="com.hivemq.cli.commands.cli.subscribe.SubscribeLoggingST" time="1.968"/>
  <testcase name="test_subscribe_mqtt5_qos2_logging_not_authorized()" classname="com.hivemq.cli.commands.cli.subscribe.SubscribeLoggingST" time="1.817"/>
  <testcase name="test_subscribe_mqtt5_qos1_logging_not_authorized()" classname="com.hivemq.cli.commands.cli.subscribe.SubscribeLoggingST" time="1.816"/>
  <testcase name="test_subscribe_mqtt5_qos0_logging_not_authorized()" classname="com.hivemq.cli.commands.cli.subscribe.SubscribeLoggingST" time="1.818"/>
  <testcase name="test_subscribe_with_message_mqtt5_qos0_logging()" classname="com.hivemq.cli.commands.cli.subscribe.SubscribeLoggingST" time="1.735"/>
  <testcase name="test_subscribe_with_message_mqtt5_qos2_logging()" classname="com.hivemq.cli.commands.cli.subscribe.SubscribeLoggingST" time="2.434"/>
  <testcase name="test_subscribe_with_message_mqtt3_qos0_logging()" classname="com.hivemq.cli.commands.cli.subscribe.SubscribeLoggingST" time="1.829"/>
  <testcase name="test_subscribe_with_message_mqtt3_qos2_logging()" classname="com.hivemq.cli.commands.cli.subscribe.SubscribeLoggingST" time="1.73"/>
  <testcase name="test_subscribe_mqtt3_qos2_logging_not_authorized()" classname="com.hivemq.cli.commands.cli.subscribe.SubscribeLoggingST" time="1.817"/>
  <testcase name="test_subscribe_mqtt3_qos1_logging_not_authorized()" classname="com.hivemq.cli.commands.cli.subscribe.SubscribeLoggingST" time="1.917"/>
  <testcase name="test_subscribe_mqtt3_qos0_logging_not_authorized()" classname="com.hivemq.cli.commands.cli.subscribe.SubscribeLoggingST" time="1.919"/>
  <testcase name="test_subscribe_with_message_mqtt5_qos1_logging()" classname="com.hivemq.cli.commands.cli.subscribe.SubscribeLoggingST" time="2.033"/>
</testsuite>
