<?xml version="1.0" encoding="UTF-8"?>
<testsuite name="com.hivemq.cli.commands.cli.subscribe.SubscribeST" tests="19" skipped="0" failures="0" errors="0" timestamp="2026-09-24T21:04:21.668Z" hostname="runnervmtr4k5" time="26.778">
  <properties/>
  <testcase name="[1] '3'" classname="com.hivemq.cli.commands.cli.subscribe.SubscribeST" time="1.462"/>
  <testcase name="[2] '5'" classname="com.hivemq.cli.commands.cli.subscribe.SubscribeST" time="1.333"/>
  <testcase name="[1] '3'" classname="com.hivemq.cli.commands.cli.subscribe.SubscribeST" time="1.734"/>
  <testcase name="[2] '5'" classname="com.hivemq.cli.commands.cli.subscribe.SubscribeST" time="1.731"/>
  <testcase name="[1] '3'" classname="com.hivemq.cli.commands.cli.subscribe.SubscribeST" time="1.222"/>
  <testcase name="[2] '5'" classname="com.hivemq.cli.commands.cli.subscribe.SubscribeST" time="1.219"/>
  <testcase name="[1] '3'" classname="com.hivemq.cli.commands.cli.subscribe.SubscribeST" time="1.539"/>
  <testcase name="[2] '5'" classname="com.hivemq.cli.commands.cli.subscribe.SubscribeST" time="1.638"/>
  <testcase name="[1] '3'" classname="com.hivemq.cli.commands.cli.subscribe.SubscribeST" time="1.326"/>
  <testcase name="[2] '5'" classname="com.hivemq.cli.commands.cli.subscribe.SubscribeST" time="1.323"/>
  <testcase name="[1] '3'" classname="com.hivemq.cli.commands.cli.subscribe.SubscribeST" time="1.429"/>
  <testcase name="[2] '5'" classname="com.hivemq.cli.commands.cli.subscribe.SubscribeST" time="1.424"/>
  <testcase name="test_subscribeMissingTopic()" classname="com.hivemq.cli.commands.cli.subscribe.SubscribeST" time="0.593"/>
  <testcase name="[1] '3'" classname="com.hivemq.cli.commands.cli.subscribe.SubscribeST" time="1.328"/>
  <testcase name="[2] '5'" classname="com.hivemq.cli.commands.cli.subscribe.SubscribeST" time="1.327"/>
  <testcase name="[1] '3'" classname="com.hivemq.cli.commands.cli.subscribe.SubscribeST" time="1.538"/>
  <testcase name="[2] '5'" classname="com.hivemq.cli.commands.cli.subscribe.SubscribeST" time="1.536"/>
  <testcase name="[1] '3'" classname="com.hivemq.cli.commands.cli.subscribe.SubscribeST" time="1.432"/>
  <testcase name="[2] '5'" classname="com.hivemq.cli.commands.cli.subscribe.SubscribeST" time="1.325"/>
</testsuite>
