<?xml version="1.0" encoding="UTF-8"?>
<testsuite name="com.hivemq.cli.commands.cli.publish.PublishConnectST" tests="52" skipped="0" failures="0" errors="0" timestamp="2026-08-03T10:31:50.059Z" hostname="runnervmvrwv9" time="8.564">
  <properties/>
  <testcase name="[1] '3'" classname="com.hivemq.cli.commands.cli.publish.PublishConnectST" time="0.302"/>
  <testcase name="[2] '5'" classname="com.hivemq.cli.commands.cli.publish.PublishConnectST" time="0.155"/>
  <testcase name="[1] '3'" classname="com.hivemq.cli.commands.cli.publish.PublishConnectST" time="0.151"/>
  <testcase name="[2] '5'" classname="com.hivemq.cli.commands.cli.publish.PublishConnectST" time="0.147"/>
  <testcase name="[1] '3'" classname="com.hivemq.cli.commands.cli.publish.PublishConnectST" time="0.15"/>
  <testcase name="[2] '5'" classname="com.hivemq.cli.commands.cli.publish.PublishConnectST" time="0.148"/>
  <testcase name="[1] '3'" classname="com.hivemq.cli.commands.cli.publish.PublishConnectST" time="0.048"/>
  <testcase name="[2] '5'" classname="com.hivemq.cli.commands.cli.publish.PublishConnectST" time="0.05"/>
  <testcase name="[1] '3'" classname="com.hivemq.cli.commands.cli.publish.PublishConnectST" time="0.046"/>
  <testcase name="[2] '5'" classname="com.hivemq.cli.commands.cli.publish.PublishConnectST" time="0.045"/>
  <testcase name="[1] '3'" classname="com.hivemq.cli.commands.cli.publish.PublishConnectST" time="0.149"/>
  <testcase name="[2] '5'" classname="com.hivemq.cli.commands.cli.publish.PublishConnectST" time="0.147"/>
  <testcase name="[1] '3'" classname="com.hivemq.cli.commands.cli.publish.PublishConnectST" time="0.146"/>
  <testcase name="[2] '5'" classname="com.hivemq.cli.commands.cli.publish.PublishConnectST" time="0.146"/>
  <testcase name="[1] '3'" classname="com.hivemq.cli.commands.cli.publish.PublishConnectST" time="0.146"/>
  <testcase name="[2] '5'" classname="com.hivemq.cli.commands.cli.publish.PublishConnectST" time="0.145"/>
  <testcase name="[1] '3'" classname="com.hivemq.cli.commands.cli.publish.PublishConnectST" time="0.03"/>
  <testcase name="[2] '5'" classname="com.hivemq.cli.commands.cli.publish.PublishConnectST" time="0.146"/>
  <testcase name="[1] '3'" classname="com.hivemq.cli.commands.cli.publish.PublishConnectST" time="0.146"/>
  <testcase name="[2] '5'" classname="com.hivemq.cli.commands.cli.publish.PublishConnectST" time="0.145"/>
  <testcase name="[1] '3'" classname="com.hivemq.cli.commands.cli.publish.PublishConnectST" time="0.032"/>
  <testcase name="[2] '5'" classname="com.hivemq.cli.commands.cli.publish.PublishConnectST" time="0.146"/>
  <testcase name="[1] '3'" classname="com.hivemq.cli.commands.cli.publish.PublishConnectST" time="0.146"/>
  <testcase name="[2] '5'" classname="com.hivemq.cli.commands.cli.publish.PublishConnectST" time="0.149"/>
  <testcase name="[1] '3'" classname="com.hivemq.cli.commands.cli.publish.PublishConnectST" time="0.145"/>
  <testcase name="[2] '5'" classname="com.hivemq.cli.commands.cli.publish.PublishConnectST" time="0.145"/>
  <testcase name="[1] '3'" classname="com.hivemq.cli.commands.cli.publish.PublishConnectST" time="0.144"/>
  <testcase name="[2] '5'" classname="com.hivemq.cli.commands.cli.publish.PublishConnectST" time="0.143"/>
  <testcase name="[1] '3'" classname="com.hivemq.cli.commands.cli.publish.PublishConnectST" time="0.147"/>
  <testcase name="[2] '5'" classname="com.hivemq.cli.commands.cli.publish.PublishConnectST" time="0.146"/>
  <testcase name="[1] '3'" classname="com.hivemq.cli.commands.cli.publish.PublishConnectST" time="0.145"/>
  <testcase name="[2] '5'" classname="com.hivemq.cli.commands.cli.publish.PublishConnectST" time="0.145"/>
  <testcase name="[1] '3'" classname="com.hivemq.cli.commands.cli.publish.PublishConnectST" time="0.248"/>
  <testcase name="[2] '5'" classname="com.hivemq.cli.commands.cli.publish.PublishConnectST" time="0.246"/>
  <testcase name="[1] '3'" classname="com.hivemq.cli.commands.cli.publish.PublishConnectST" time="0.159"/>
  <testcase name="[2] '5'" classname="com.hivemq.cli.commands.cli.publish.PublishConnectST" time="0.149"/>
  <testcase name="[1] '3'" classname="com.hivemq.cli.commands.cli.publish.PublishConnectST" time="0.144"/>
  <testcase name="[2] '5'" classname="com.hivemq.cli.commands.cli.publish.PublishConnectST" time="0.144"/>
  <testcase name="[1] '3'" classname="com.hivemq.cli.commands.cli.publish.PublishConnectST" time="0.05"/>
  <testcase name="[2] '5'" classname="com.hivemq.cli.commands.cli.publish.PublishConnectST" time="0.055"/>
  <testcase name="[1] '3'" classname="com.hivemq.cli.commands.cli.publish.PublishConnectST" time="0.143"/>
  <testcase name="[2] '5'" classname="com.hivemq.cli.commands.cli.publish.PublishConnectST" time="0.045"/>
  <testcase name="[1] '3'" classname="com.hivemq.cli.commands.cli.publish.PublishConnectST" time="0.031"/>
  <testcase name="[2] '5'" classname="com.hivemq.cli.commands.cli.publish.PublishConnectST" time="0.146"/>
  <testcase name="[1] '3'" classname="com.hivemq.cli.commands.cli.publish.PublishConnectST" time="0.146"/>
  <testcase name="[2] '5'" classname="com.hivemq.cli.commands.cli.publish.PublishConnectST" time="0.145"/>
  <testcase name="[1] '3'" classname="com.hivemq.cli.commands.cli.publish.PublishConnectST" time="0.146"/>
  <testcase name="[2] '5'" classname="com.hivemq.cli.commands.cli.publish.PublishConnectST" time="0.144"/>
  <testcase name="[1] '3'" classname="com.hivemq.cli.commands.cli.publish.PublishConnectST" time="0.145"/>
  <testcase name="[2] '5'" classname="com.hivemq.cli.commands.cli.publish.PublishConnectST" time="0.143"/>
  <testcase name="[1] '3'" classname="com.hivemq.cli.commands.cli.publish.PublishConnectST" time="0.145"/>
  <testcase name="[2] '5'" classname="com.hivemq.cli.commands.cli.publish.PublishConnectST" time="0.147"/>
</testsuite>
