<?xml version="1.0" encoding="UTF-8"?>
<testsuite name="com.hivemq.cli.commands.cli.publish.PublishLoggingST" tests="6" skipped="0" failures="0" errors="0" timestamp="2026-04-27T21:24:38.223Z" hostname="runnervmeorf1" time="0.542">
  <properties/>
  <testcase name="test_publish_mqtt5_qos0_logging()" classname="com.hivemq.cli.commands.cli.publish.PublishLoggingST" time="0.05"/>
  <testcase name="test_publish_mqtt5_qos2_logging()" classname="com.hivemq.cli.commands.cli.publish.PublishLoggingST" time="0.045"/>
  <testcase name="test_publish_mqtt3_qos0_logging()" classname="com.hivemq.cli.commands.cli.publish.PublishLoggingST" time="0.045"/>
  <testcase name="test_publish_mqtt5_qos1_logging()" classname="com.hivemq.cli.commands.cli.publish.PublishLoggingST" time="0.046"/>
  <testcase name="test_publish_mqtt5_qos2_logging_not_authorized()" classname="com.hivemq.cli.commands.cli.publish.PublishLoggingST" time="0.048"/>
  <testcase name="test_publish_mqtt5_qos1_logging_not_authorized()" classname="com.hivemq.cli.commands.cli.publish.PublishLoggingST" time="0.042"/>
</testsuite>
