<?xml version="1.0" encoding="UTF-8"?>
<testsuite name="com.hivemq.cli.commands.shell.connect.ShellConnectTlsST" tests="34" skipped="0" failures="0" errors="0" timestamp="2026-07-10T14:15:27.641Z" hostname="runnervm5mmn9" time="55.718">
  <properties/>
  <testcase name="[1] 3, TLSv1.2, jks" classname="com.hivemq.cli.commands.shell.connect.ShellConnectTlsST" time="1.932"/>
  <testcase name="[2] 3, TLSv1.2, p12" classname="com.hivemq.cli.commands.shell.connect.ShellConnectTlsST" time="1.821"/>
  <testcase name="[3] 3, TLSv1.3, jks" classname="com.hivemq.cli.commands.shell.connect.ShellConnectTlsST" time="1.717"/>
  <testcase name="[4] 3, TLSv1.3, p12" classname="com.hivemq.cli.commands.shell.connect.ShellConnectTlsST" time="1.913"/>
  <testcase name="[5] 5, TLSv1.2, jks" classname="com.hivemq.cli.commands.shell.connect.ShellConnectTlsST" time="1.617"/>
  <testcase name="[6] 5, TLSv1.2, p12" classname="com.hivemq.cli.commands.shell.connect.ShellConnectTlsST" time="1.719"/>
  <testcase name="[7] 5, TLSv1.3, jks" classname="com.hivemq.cli.commands.shell.connect.ShellConnectTlsST" time="1.718"/>
  <testcase name="[8] 5, TLSv1.3, p12" classname="com.hivemq.cli.commands.shell.connect.ShellConnectTlsST" time="1.817"/>
  <testcase name="[1] 3, TLSv1.2, jks" classname="com.hivemq.cli.commands.shell.connect.ShellConnectTlsST" time="1.718"/>
  <testcase name="[2] 3, TLSv1.2, p12" classname="com.hivemq.cli.commands.shell.connect.ShellConnectTlsST" time="1.722"/>
  <testcase name="[3] 3, TLSv1.3, jks" classname="com.hivemq.cli.commands.shell.connect.ShellConnectTlsST" time="1.82"/>
  <testcase name="[4] 3, TLSv1.3, p12" classname="com.hivemq.cli.commands.shell.connect.ShellConnectTlsST" time="1.92"/>
  <testcase name="[5] 5, TLSv1.2, jks" classname="com.hivemq.cli.commands.shell.connect.ShellConnectTlsST" time="1.716"/>
  <testcase name="[6] 5, TLSv1.2, p12" classname="com.hivemq.cli.commands.shell.connect.ShellConnectTlsST" time="1.821"/>
  <testcase name="[7] 5, TLSv1.3, jks" classname="com.hivemq.cli.commands.shell.connect.ShellConnectTlsST" time="1.718"/>
  <testcase name="[8] 5, TLSv1.3, p12" classname="com.hivemq.cli.commands.shell.connect.ShellConnectTlsST" time="1.916"/>
  <testcase name="[1] 3, TLSv1.2" classname="com.hivemq.cli.commands.shell.connect.ShellConnectTlsST" time="1.419"/>
  <testcase name="[2] 3, TLSv1.3" classname="com.hivemq.cli.commands.shell.connect.ShellConnectTlsST" time="1.517"/>
  <testcase name="[3] 5, TLSv1.2" classname="com.hivemq.cli.commands.shell.connect.ShellConnectTlsST" time="1.414"/>
  <testcase name="[4] 5, TLSv1.3" classname="com.hivemq.cli.commands.shell.connect.ShellConnectTlsST" time="1.518"/>
  <testcase name="[1] 3, TLSv1.2" classname="com.hivemq.cli.commands.shell.connect.ShellConnectTlsST" time="1.514"/>
  <testcase name="[2] 3, TLSv1.3" classname="com.hivemq.cli.commands.shell.connect.ShellConnectTlsST" time="1.524"/>
  <testcase name="[3] 5, TLSv1.2" classname="com.hivemq.cli.commands.shell.connect.ShellConnectTlsST" time="1.413"/>
  <testcase name="[4] 5, TLSv1.3" classname="com.hivemq.cli.commands.shell.connect.ShellConnectTlsST" time="1.516"/>
  <testcase name="[1] 3, TLSv1.2" classname="com.hivemq.cli.commands.shell.connect.ShellConnectTlsST" time="1.42"/>
  <testcase name="[2] 3, TLSv1.3" classname="com.hivemq.cli.commands.shell.connect.ShellConnectTlsST" time="1.519"/>
  <testcase name="[3] 5, TLSv1.2" classname="com.hivemq.cli.commands.shell.connect.ShellConnectTlsST" time="1.414"/>
  <testcase name="[4] 5, TLSv1.3" classname="com.hivemq.cli.commands.shell.connect.ShellConnectTlsST" time="1.517"/>
  <testcase name="[1] 3, TLSv1.2" classname="com.hivemq.cli.commands.shell.connect.ShellConnectTlsST" time="1.415"/>
  <testcase name="[2] 3, TLSv1.3" classname="com.hivemq.cli.commands.shell.connect.ShellConnectTlsST" time="1.516"/>
  <testcase name="[3] 5, TLSv1.2" classname="com.hivemq.cli.commands.shell.connect.ShellConnectTlsST" time="1.416"/>
  <testcase name="[4] 5, TLSv1.3" classname="com.hivemq.cli.commands.shell.connect.ShellConnectTlsST" time="1.521"/>
  <testcase name="[1] '3'" classname="com.hivemq.cli.commands.shell.connect.ShellConnectTlsST" time="1.317"/>
  <testcase name="[2] '5'" classname="com.hivemq.cli.commands.shell.connect.ShellConnectTlsST" time="1.215"/>
</testsuite>
