<?xml version="1.0" encoding="UTF-8"?>
<testsuite name="com.hivemq.cli.commands.cli.test_broker.TestBrokerConnectMTlsST" tests="92" skipped="4" failures="0" errors="0" timestamp="2026-02-16T16:11:21" hostname="runnervmjduv7" time="145.352">
  <properties/>
  <testcase name="[1] 3, TLSv1.2, jks" classname="com.hivemq.cli.commands.cli.test_broker.TestBrokerConnectMTlsST" time="1.686"/>
  <testcase name="[2] 3, TLSv1.2, p12" classname="com.hivemq.cli.commands.cli.test_broker.TestBrokerConnectMTlsST" time="1.528"/>
  <testcase name="[3] 3, TLSv1.3, jks" classname="com.hivemq.cli.commands.cli.test_broker.TestBrokerConnectMTlsST" time="1.632"/>
  <testcase name="[4] 3, TLSv1.3, p12" classname="com.hivemq.cli.commands.cli.test_broker.TestBrokerConnectMTlsST" time="1.527"/>
  <testcase name="[5] 5, TLSv1.2, jks" classname="com.hivemq.cli.commands.cli.test_broker.TestBrokerConnectMTlsST" time="1.413"/>
  <testcase name="[6] 5, TLSv1.2, p12" classname="com.hivemq.cli.commands.cli.test_broker.TestBrokerConnectMTlsST" time="1.42"/>
  <testcase name="[7] 5, TLSv1.3, jks" classname="com.hivemq.cli.commands.cli.test_broker.TestBrokerConnectMTlsST" time="1.513"/>
  <testcase name="[8] 5, TLSv1.3, p12" classname="com.hivemq.cli.commands.cli.test_broker.TestBrokerConnectMTlsST" time="1.517"/>
  <testcase name="[1] 3, TLSv1.2, jks" classname="com.hivemq.cli.commands.cli.test_broker.TestBrokerConnectMTlsST" time="1.426"/>
  <testcase name="[2] 3, TLSv1.2, p12" classname="com.hivemq.cli.commands.cli.test_broker.TestBrokerConnectMTlsST" time="1.427"/>
  <testcase name="[3] 3, TLSv1.3, jks" classname="com.hivemq.cli.commands.cli.test_broker.TestBrokerConnectMTlsST" time="1.424"/>
  <testcase name="[4] 3, TLSv1.3, p12" classname="com.hivemq.cli.commands.cli.test_broker.TestBrokerConnectMTlsST" time="1.524"/>
  <testcase name="[5] 5, TLSv1.2, jks" classname="com.hivemq.cli.commands.cli.test_broker.TestBrokerConnectMTlsST" time="1.313"/>
  <testcase name="[6] 5, TLSv1.2, p12" classname="com.hivemq.cli.commands.cli.test_broker.TestBrokerConnectMTlsST" time="1.514"/>
  <testcase name="[7] 5, TLSv1.3, jks" classname="com.hivemq.cli.commands.cli.test_broker.TestBrokerConnectMTlsST" time="1.412"/>
  <testcase name="[8] 5, TLSv1.3, p12" classname="com.hivemq.cli.commands.cli.test_broker.TestBrokerConnectMTlsST" time="1.622"/>
  <testcase name="[1] 3, TLSv1.2, jks" classname="com.hivemq.cli.commands.cli.test_broker.TestBrokerConnectMTlsST" time="1.221"/>
  <testcase name="[2] 3, TLSv1.2, p12" classname="com.hivemq.cli.commands.cli.test_broker.TestBrokerConnectMTlsST" time="1.427"/>
  <testcase name="[3] 3, TLSv1.3, jks" classname="com.hivemq.cli.commands.cli.test_broker.TestBrokerConnectMTlsST" time="1.323"/>
  <testcase name="[4] 3, TLSv1.3, p12" classname="com.hivemq.cli.commands.cli.test_broker.TestBrokerConnectMTlsST" time="1.423"/>
  <testcase name="[5] 5, TLSv1.2, jks" classname="com.hivemq.cli.commands.cli.test_broker.TestBrokerConnectMTlsST" time="1.213"/>
  <testcase name="[6] 5, TLSv1.2, p12" classname="com.hivemq.cli.commands.cli.test_broker.TestBrokerConnectMTlsST" time="1.412"/>
  <testcase name="[7] 5, TLSv1.3, jks" classname="com.hivemq.cli.commands.cli.test_broker.TestBrokerConnectMTlsST" time="1.314"/>
  <testcase name="[8] 5, TLSv1.3, p12" classname="com.hivemq.cli.commands.cli.test_broker.TestBrokerConnectMTlsST" time="1.412"/>
  <testcase name="[1] 3, TLSv1.2, pkcs1.unencrypted.pem" classname="com.hivemq.cli.commands.cli.test_broker.TestBrokerConnectMTlsST" time="1.627"/>
  <testcase name="[2] 3, TLSv1.2, pkcs8.unencrypted.pem" classname="com.hivemq.cli.commands.cli.test_broker.TestBrokerConnectMTlsST" time="1.624"/>
  <testcase name="[3] 3, TLSv1.3, pkcs1.unencrypted.pem" classname="com.hivemq.cli.commands.cli.test_broker.TestBrokerConnectMTlsST" time="1.629"/>
  <testcase name="[4] 3, TLSv1.3, pkcs8.unencrypted.pem" classname="com.hivemq.cli.commands.cli.test_broker.TestBrokerConnectMTlsST" time="1.725"/>
  <testcase name="[5] 5, TLSv1.2, pkcs1.unencrypted.pem" classname="com.hivemq.cli.commands.cli.test_broker.TestBrokerConnectMTlsST" time="1.612"/>
  <testcase name="[6] 5, TLSv1.2, pkcs8.unencrypted.pem" classname="com.hivemq.cli.commands.cli.test_broker.TestBrokerConnectMTlsST" time="1.612"/>
  <testcase name="[7] 5, TLSv1.3, pkcs1.unencrypted.pem" classname="com.hivemq.cli.commands.cli.test_broker.TestBrokerConnectMTlsST" time="1.714"/>
  <testcase name="[8] 5, TLSv1.3, pkcs8.unencrypted.pem" classname="com.hivemq.cli.commands.cli.test_broker.TestBrokerConnectMTlsST" time="1.611"/>
  <testcase name="[1] 3, TLSv1.2, pkcs1.aes256.pem" classname="com.hivemq.cli.commands.cli.test_broker.TestBrokerConnectMTlsST" time="1.528"/>
  <testcase name="[2] 3, TLSv1.2, pkcs1.des3.pem" classname="com.hivemq.cli.commands.cli.test_broker.TestBrokerConnectMTlsST" time="1.524"/>
  <testcase name="[3] 3, TLSv1.2, pkcs8.aes256.pem" classname="com.hivemq.cli.commands.cli.test_broker.TestBrokerConnectMTlsST" time="1.726"/>
  <testcase name="[4] 3, TLSv1.2, pkcs8.des3.pem" classname="com.hivemq.cli.commands.cli.test_broker.TestBrokerConnectMTlsST" time="1.728"/>
  <testcase name="[5] 3, TLSv1.3, pkcs1.aes256.pem" classname="com.hivemq.cli.commands.cli.test_broker.TestBrokerConnectMTlsST" time="1.724"/>
  <testcase name="[6] 3, TLSv1.3, pkcs1.des3.pem" classname="com.hivemq.cli.commands.cli.test_broker.TestBrokerConnectMTlsST" time="1.723"/>
  <testcase name="[7] 3, TLSv1.3, pkcs8.aes256.pem" classname="com.hivemq.cli.commands.cli.test_broker.TestBrokerConnectMTlsST" time="1.825"/>
  <testcase name="[8] 3, TLSv1.3, pkcs8.des3.pem" classname="com.hivemq.cli.commands.cli.test_broker.TestBrokerConnectMTlsST" time="1.723"/>
  <testcase name="[9] 5, TLSv1.2, pkcs1.aes256.pem" classname="com.hivemq.cli.commands.cli.test_broker.TestBrokerConnectMTlsST" time="1.717"/>
  <testcase name="[10] 5, TLSv1.2, pkcs1.des3.pem" classname="com.hivemq.cli.commands.cli.test_broker.TestBrokerConnectMTlsST" time="1.611"/>
  <testcase name="[11] 5, TLSv1.2, pkcs8.aes256.pem" classname="com.hivemq.cli.commands.cli.test_broker.TestBrokerConnectMTlsST" time="1.712"/>
  <testcase name="[12] 5, TLSv1.2, pkcs8.des3.pem" classname="com.hivemq.cli.commands.cli.test_broker.TestBrokerConnectMTlsST" time="1.712"/>
  <testcase name="[13] 5, TLSv1.3, pkcs1.aes256.pem" classname="com.hivemq.cli.commands.cli.test_broker.TestBrokerConnectMTlsST" time="1.715"/>
  <testcase name="[14] 5, TLSv1.3, pkcs1.des3.pem" classname="com.hivemq.cli.commands.cli.test_broker.TestBrokerConnectMTlsST" time="1.712"/>
  <testcase name="[15] 5, TLSv1.3, pkcs8.aes256.pem" classname="com.hivemq.cli.commands.cli.test_broker.TestBrokerConnectMTlsST" time="1.713"/>
  <testcase name="[16] 5, TLSv1.3, pkcs8.des3.pem" classname="com.hivemq.cli.commands.cli.test_broker.TestBrokerConnectMTlsST" time="1.712"/>
  <testcase name="[1] 3, TLSv1.2, jks" classname="com.hivemq.cli.commands.cli.test_broker.TestBrokerConnectMTlsST" time="1.223"/>
  <testcase name="[2] 3, TLSv1.2, p12" classname="com.hivemq.cli.commands.cli.test_broker.TestBrokerConnectMTlsST" time="1.421"/>
  <testcase name="[3] 3, TLSv1.3, jks" classname="com.hivemq.cli.commands.cli.test_broker.TestBrokerConnectMTlsST" time="1.323"/>
  <testcase name="[4] 3, TLSv1.3, p12" classname="com.hivemq.cli.commands.cli.test_broker.TestBrokerConnectMTlsST" time="1.425"/>
  <testcase name="[5] 5, TLSv1.2, jks" classname="com.hivemq.cli.commands.cli.test_broker.TestBrokerConnectMTlsST" time="1.21"/>
  <testcase name="[6] 5, TLSv1.2, p12" classname="com.hivemq.cli.commands.cli.test_broker.TestBrokerConnectMTlsST" time="1.308"/>
  <testcase name="[7] 5, TLSv1.3, jks" classname="com.hivemq.cli.commands.cli.test_broker.TestBrokerConnectMTlsST" time="1.21"/>
  <testcase name="[8] 5, TLSv1.3, p12" classname="com.hivemq.cli.commands.cli.test_broker.TestBrokerConnectMTlsST" time="1.414"/>
  <testcase name="[1] 3, TLSv1.2, pkcs1.aes256.pem" classname="com.hivemq.cli.commands.cli.test_broker.TestBrokerConnectMTlsST" time="1.731"/>
  <testcase name="[2] 3, TLSv1.2, pkcs1.des3.pem" classname="com.hivemq.cli.commands.cli.test_broker.TestBrokerConnectMTlsST" time="1.63"/>
  <testcase name="[3] 3, TLSv1.2, pkcs8.aes256.pem" classname="com.hivemq.cli.commands.cli.test_broker.TestBrokerConnectMTlsST" time="1.724"/>
  <testcase name="[4] 3, TLSv1.2, pkcs8.des3.pem" classname="com.hivemq.cli.commands.cli.test_broker.TestBrokerConnectMTlsST" time="1.725"/>
  <testcase name="[5] 3, TLSv1.3, pkcs1.aes256.pem" classname="com.hivemq.cli.commands.cli.test_broker.TestBrokerConnectMTlsST" time="1.724"/>
  <testcase name="[6] 3, TLSv1.3, pkcs1.des3.pem" classname="com.hivemq.cli.commands.cli.test_broker.TestBrokerConnectMTlsST" time="1.722"/>
  <testcase name="[7] 3, TLSv1.3, pkcs8.aes256.pem" classname="com.hivemq.cli.commands.cli.test_broker.TestBrokerConnectMTlsST" time="1.727"/>
  <testcase name="[8] 3, TLSv1.3, pkcs8.des3.pem" classname="com.hivemq.cli.commands.cli.test_broker.TestBrokerConnectMTlsST" time="1.728"/>
  <testcase name="[9] 5, TLSv1.2, pkcs1.aes256.pem" classname="com.hivemq.cli.commands.cli.test_broker.TestBrokerConnectMTlsST" time="1.614"/>
  <testcase name="[10] 5, TLSv1.2, pkcs1.des3.pem" classname="com.hivemq.cli.commands.cli.test_broker.TestBrokerConnectMTlsST" time="1.612"/>
  <testcase name="[11] 5, TLSv1.2, pkcs8.aes256.pem" classname="com.hivemq.cli.commands.cli.test_broker.TestBrokerConnectMTlsST" time="1.713"/>
  <testcase name="[12] 5, TLSv1.2, pkcs8.des3.pem" classname="com.hivemq.cli.commands.cli.test_broker.TestBrokerConnectMTlsST" time="1.713"/>
  <testcase name="[13] 5, TLSv1.3, pkcs1.aes256.pem" classname="com.hivemq.cli.commands.cli.test_broker.TestBrokerConnectMTlsST" time="1.613"/>
  <testcase name="[14] 5, TLSv1.3, pkcs1.des3.pem" classname="com.hivemq.cli.commands.cli.test_broker.TestBrokerConnectMTlsST" time="1.717"/>
  <testcase name="[15] 5, TLSv1.3, pkcs8.aes256.pem" classname="com.hivemq.cli.commands.cli.test_broker.TestBrokerConnectMTlsST" time="1.816"/>
  <testcase name="[16] 5, TLSv1.3, pkcs8.des3.pem" classname="com.hivemq.cli.commands.cli.test_broker.TestBrokerConnectMTlsST" time="1.811"/>
  <testcase name="[1] 3, TLSv1.2, pkcs1.aes256.pem" classname="com.hivemq.cli.commands.cli.test_broker.TestBrokerConnectMTlsST" time="1.73"/>
  <testcase name="[2] 3, TLSv1.2, pkcs1.des3.pem" classname="com.hivemq.cli.commands.cli.test_broker.TestBrokerConnectMTlsST" time="1.727"/>
  <testcase name="[3] 3, TLSv1.2, pkcs8.aes256.pem" classname="com.hivemq.cli.commands.cli.test_broker.TestBrokerConnectMTlsST" time="1.828"/>
  <testcase name="[4] 3, TLSv1.2, pkcs8.des3.pem" classname="com.hivemq.cli.commands.cli.test_broker.TestBrokerConnectMTlsST" time="1.727"/>
  <testcase name="[5] 3, TLSv1.3, pkcs1.aes256.pem" classname="com.hivemq.cli.commands.cli.test_broker.TestBrokerConnectMTlsST" time="1.823"/>
  <testcase name="[6] 3, TLSv1.3, pkcs1.des3.pem" classname="com.hivemq.cli.commands.cli.test_broker.TestBrokerConnectMTlsST" time="1.724"/>
  <testcase name="[7] 3, TLSv1.3, pkcs8.aes256.pem" classname="com.hivemq.cli.commands.cli.test_broker.TestBrokerConnectMTlsST" time="1.823"/>
  <testcase name="[8] 3, TLSv1.3, pkcs8.des3.pem" classname="com.hivemq.cli.commands.cli.test_broker.TestBrokerConnectMTlsST" time="1.826"/>
  <testcase name="[9] 5, TLSv1.2, pkcs1.aes256.pem" classname="com.hivemq.cli.commands.cli.test_broker.TestBrokerConnectMTlsST" time="1.714"/>
  <testcase name="[10] 5, TLSv1.2, pkcs1.des3.pem" classname="com.hivemq.cli.commands.cli.test_broker.TestBrokerConnectMTlsST" time="1.614"/>
  <testcase name="[11] 5, TLSv1.2, pkcs8.aes256.pem" classname="com.hivemq.cli.commands.cli.test_broker.TestBrokerConnectMTlsST" time="1.817"/>
  <testcase name="[12] 5, TLSv1.2, pkcs8.des3.pem" classname="com.hivemq.cli.commands.cli.test_broker.TestBrokerConnectMTlsST" time="1.713"/>
  <testcase name="[13] 5, TLSv1.3, pkcs1.aes256.pem" classname="com.hivemq.cli.commands.cli.test_broker.TestBrokerConnectMTlsST" time="1.716"/>
  <testcase name="[14] 5, TLSv1.3, pkcs1.des3.pem" classname="com.hivemq.cli.commands.cli.test_broker.TestBrokerConnectMTlsST" time="1.815"/>
  <testcase name="[15] 5, TLSv1.3, pkcs8.aes256.pem" classname="com.hivemq.cli.commands.cli.test_broker.TestBrokerConnectMTlsST" time="1.813"/>
  <testcase name="[16] 5, TLSv1.3, pkcs8.des3.pem" classname="com.hivemq.cli.commands.cli.test_broker.TestBrokerConnectMTlsST" time="1.815"/>
  <testcase name="test_encrypted_der_private_keys_mutualTls(char, TlsVersion, String)" classname="com.hivemq.cli.commands.cli.test_broker.TestBrokerConnectMTlsST" time="59.828">
    <skipped/>
  </testcase>
  <testcase name="test_password_options_encrypted_der_private_keys_mutualTls(char, TlsVersion, String)" classname="com.hivemq.cli.commands.cli.test_broker.TestBrokerConnectMTlsST" time="59.828">
    <skipped/>
  </testcase>
  <testcase name="test_unencrypted_der_private_keys_mutualTls(char, TlsVersion, String)" classname="com.hivemq.cli.commands.cli.test_broker.TestBrokerConnectMTlsST" time="4.246">
    <skipped/>
  </testcase>
  <testcase name="test_properties_encrypted_der_private_keys_mutualTls(char, TlsVersion, String)" classname="com.hivemq.cli.commands.cli.test_broker.TestBrokerConnectMTlsST" time="133.098">
    <skipped/>
  </testcase>
</testsuite>
