<?xml version="1.0" encoding="UTF-8"?>
<testsuite name="com.hivemq.cli.commands.shell.ShellPublishLoggingST" tests="6" skipped="0" failures="0" errors="0" timestamp="2026-03-27T10:17:41" hostname="runnervmrg6be" time="8.952">
  <properties/>
  <testcase name="test_shell_publish_mqtt5_qos2_logging()" classname="com.hivemq.cli.commands.shell.ShellPublishLoggingST" time="2.061"/>
  <testcase name="test_shell_publish_mqtt3_qos0_logging()" classname="com.hivemq.cli.commands.shell.ShellPublishLoggingST" time="1.221"/>
  <testcase name="test_shell_publish_mqtt5_qos1_logging()" classname="com.hivemq.cli.commands.shell.ShellPublishLoggingST" time="1.417"/>
  <testcase name="test_shell_publish_mqtt5_qos2_logging_not_authorized()" classname="com.hivemq.cli.commands.shell.ShellPublishLoggingST" time="1.519"/>
  <testcase name="test_shell_publish_mqtt5_qos1_logging_not_authorized()" classname="com.hivemq.cli.commands.shell.ShellPublishLoggingST" time="1.517"/>
  <testcase name="test_shell_publish_mqtt5_qos0_logging()" classname="com.hivemq.cli.commands.shell.ShellPublishLoggingST" time="1.213"/>
</testsuite>
