<?xml version="1.0" encoding="UTF-8"?>
<testsuite name="com.hivemq.cli.commands.cli.publish.PublishConnectTlsST" tests="50" skipped="0" failures="0" errors="0" timestamp="2026-07-10T14:13:36.677Z" hostname="runnervm5mmn9" time="57.728">
  <properties/>
  <testcase name="[1] 3, TLSv1.2" classname="com.hivemq.cli.commands.cli.publish.PublishConnectTlsST" time="1.274"/>
  <testcase name="[2] 3, TLSv1.3" classname="com.hivemq.cli.commands.cli.publish.PublishConnectTlsST" time="1.111"/>
  <testcase name="[3] 5, TLSv1.2" classname="com.hivemq.cli.commands.cli.publish.PublishConnectTlsST" time="1.011"/>
  <testcase name="[4] 5, TLSv1.3" classname="com.hivemq.cli.commands.cli.publish.PublishConnectTlsST" time="1.114"/>
  <testcase name="[1] 3, TLSv1.2, jks" classname="com.hivemq.cli.commands.cli.publish.PublishConnectTlsST" time="1.314"/>
  <testcase name="[2] 3, TLSv1.2, p12" classname="com.hivemq.cli.commands.cli.publish.PublishConnectTlsST" time="1.211"/>
  <testcase name="[3] 3, TLSv1.3, jks" classname="com.hivemq.cli.commands.cli.publish.PublishConnectTlsST" time="1.415"/>
  <testcase name="[4] 3, TLSv1.3, p12" classname="com.hivemq.cli.commands.cli.publish.PublishConnectTlsST" time="1.216"/>
  <testcase name="[5] 5, TLSv1.2, jks" classname="com.hivemq.cli.commands.cli.publish.PublishConnectTlsST" time="1.113"/>
  <testcase name="[6] 5, TLSv1.2, p12" classname="com.hivemq.cli.commands.cli.publish.PublishConnectTlsST" time="1.213"/>
  <testcase name="[7] 5, TLSv1.3, jks" classname="com.hivemq.cli.commands.cli.publish.PublishConnectTlsST" time="1.21"/>
  <testcase name="[8] 5, TLSv1.3, p12" classname="com.hivemq.cli.commands.cli.publish.PublishConnectTlsST" time="1.31"/>
  <testcase name="[1] 3, TLSv1.2" classname="com.hivemq.cli.commands.cli.publish.PublishConnectTlsST" time="1.013"/>
  <testcase name="[2] 3, TLSv1.3" classname="com.hivemq.cli.commands.cli.publish.PublishConnectTlsST" time="1.11"/>
  <testcase name="[3] 5, TLSv1.2" classname="com.hivemq.cli.commands.cli.publish.PublishConnectTlsST" time="1.016"/>
  <testcase name="[4] 5, TLSv1.3" classname="com.hivemq.cli.commands.cli.publish.PublishConnectTlsST" time="1.111"/>
  <testcase name="[1] 3, TLSv1.2" classname="com.hivemq.cli.commands.cli.publish.PublishConnectTlsST" time="1.014"/>
  <testcase name="[2] 3, TLSv1.3" classname="com.hivemq.cli.commands.cli.publish.PublishConnectTlsST" time="1.111"/>
  <testcase name="[3] 5, TLSv1.2" classname="com.hivemq.cli.commands.cli.publish.PublishConnectTlsST" time="1.013"/>
  <testcase name="[4] 5, TLSv1.3" classname="com.hivemq.cli.commands.cli.publish.PublishConnectTlsST" time="1.11"/>
  <testcase name="[1] 3, TLSv1.2, jks" classname="com.hivemq.cli.commands.cli.publish.PublishConnectTlsST" time="1.012"/>
  <testcase name="[2] 3, TLSv1.2, p12" classname="com.hivemq.cli.commands.cli.publish.PublishConnectTlsST" time="1.114"/>
  <testcase name="[3] 3, TLSv1.3, jks" classname="com.hivemq.cli.commands.cli.publish.PublishConnectTlsST" time="1.113"/>
  <testcase name="[4] 3, TLSv1.3, p12" classname="com.hivemq.cli.commands.cli.publish.PublishConnectTlsST" time="1.116"/>
  <testcase name="[5] 5, TLSv1.2, jks" classname="com.hivemq.cli.commands.cli.publish.PublishConnectTlsST" time="1.015"/>
  <testcase name="[6] 5, TLSv1.2, p12" classname="com.hivemq.cli.commands.cli.publish.PublishConnectTlsST" time="1.215"/>
  <testcase name="[7] 5, TLSv1.3, jks" classname="com.hivemq.cli.commands.cli.publish.PublishConnectTlsST" time="1.112"/>
  <testcase name="[8] 5, TLSv1.3, p12" classname="com.hivemq.cli.commands.cli.publish.PublishConnectTlsST" time="1.211"/>
  <testcase name="[1] 3, TLSv1.2, jks" classname="com.hivemq.cli.commands.cli.publish.PublishConnectTlsST" time="1.012"/>
  <testcase name="[2] 3, TLSv1.2, p12" classname="com.hivemq.cli.commands.cli.publish.PublishConnectTlsST" time="1.109"/>
  <testcase name="[3] 3, TLSv1.3, jks" classname="com.hivemq.cli.commands.cli.publish.PublishConnectTlsST" time="1.111"/>
  <testcase name="[4] 3, TLSv1.3, p12" classname="com.hivemq.cli.commands.cli.publish.PublishConnectTlsST" time="1.21"/>
  <testcase name="[5] 5, TLSv1.2, jks" classname="com.hivemq.cli.commands.cli.publish.PublishConnectTlsST" time="1.012"/>
  <testcase name="[6] 5, TLSv1.2, p12" classname="com.hivemq.cli.commands.cli.publish.PublishConnectTlsST" time="1.111"/>
  <testcase name="[7] 5, TLSv1.3, jks" classname="com.hivemq.cli.commands.cli.publish.PublishConnectTlsST" time="1.11"/>
  <testcase name="[8] 5, TLSv1.3, p12" classname="com.hivemq.cli.commands.cli.publish.PublishConnectTlsST" time="1.211"/>
  <testcase name="[1] 3, TLSv1.2" classname="com.hivemq.cli.commands.cli.publish.PublishConnectTlsST" time="1.209"/>
  <testcase name="[2] 3, TLSv1.3" classname="com.hivemq.cli.commands.cli.publish.PublishConnectTlsST" time="1.11"/>
  <testcase name="[3] 5, TLSv1.2" classname="com.hivemq.cli.commands.cli.publish.PublishConnectTlsST" time="1.008"/>
  <testcase name="[4] 5, TLSv1.3" classname="com.hivemq.cli.commands.cli.publish.PublishConnectTlsST" time="1.113"/>
  <testcase name="[1] 3, TLSv1.2" classname="com.hivemq.cli.commands.cli.publish.PublishConnectTlsST" time="1.01"/>
  <testcase name="[2] 3, TLSv1.3" classname="com.hivemq.cli.commands.cli.publish.PublishConnectTlsST" time="1.112"/>
  <testcase name="[3] 5, TLSv1.2" classname="com.hivemq.cli.commands.cli.publish.PublishConnectTlsST" time="1.011"/>
  <testcase name="[4] 5, TLSv1.3" classname="com.hivemq.cli.commands.cli.publish.PublishConnectTlsST" time="1.119"/>
  <testcase name="[1] 3, TLSv1.2" classname="com.hivemq.cli.commands.cli.publish.PublishConnectTlsST" time="1.007"/>
  <testcase name="[2] 3, TLSv1.3" classname="com.hivemq.cli.commands.cli.publish.PublishConnectTlsST" time="1.113"/>
  <testcase name="[3] 5, TLSv1.2" classname="com.hivemq.cli.commands.cli.publish.PublishConnectTlsST" time="1.011"/>
  <testcase name="[4] 5, TLSv1.3" classname="com.hivemq.cli.commands.cli.publish.PublishConnectTlsST" time="1.114"/>
  <testcase name="[1] '3'" classname="com.hivemq.cli.commands.cli.publish.PublishConnectTlsST" time="1.028"/>
  <testcase name="[2] '5'" classname="com.hivemq.cli.commands.cli.publish.PublishConnectTlsST" time="1.045"/>
</testsuite>
