<?xml version="1.0" encoding="UTF-8"?>
<testsuite name="com.hivemq.cli.commands.shell.ShellListST" tests="9" skipped="0" failures="0" errors="0" timestamp="2026-06-16T18:07:16.336Z" hostname="runnervm1li68" time="30.609">
  <properties/>
  <testcase name="[1] '3'" classname="com.hivemq.cli.commands.shell.ShellListST" time="4.85"/>
  <testcase name="[2] '5'" classname="com.hivemq.cli.commands.shell.ShellListST" time="4.847"/>
  <testcase name="test_emptyList()" classname="com.hivemq.cli.commands.shell.ShellListST" time="1.114"/>
  <testcase name="[1] '3'" classname="com.hivemq.cli.commands.shell.ShellListST" time="3.334"/>
  <testcase name="[2] '5'" classname="com.hivemq.cli.commands.shell.ShellListST" time="3.331"/>
  <testcase name="[1] '3'" classname="com.hivemq.cli.commands.shell.ShellListST" time="3.23"/>
  <testcase name="[2] '5'" classname="com.hivemq.cli.commands.shell.ShellListST" time="3.127"/>
  <testcase name="[1] '3'" classname="com.hivemq.cli.commands.shell.ShellListST" time="3.231"/>
  <testcase name="[2] '5'" classname="com.hivemq.cli.commands.shell.ShellListST" time="3.331"/>
</testsuite>
