<?xml version="1.0" encoding="UTF-8"?>
<testsuite name="com.hivemq.cli.commands.shell.ShellExitST" tests="3" skipped="0" failures="0" errors="0" timestamp="2026-05-05T11:25:07.694Z" hostname="runnervmeorf1" time="2.305">
  <properties/>
  <testcase name="test_exitShell()" classname="com.hivemq.cli.commands.shell.ShellExitST" time="0.21"/>
  <testcase name="[1] '3'" classname="com.hivemq.cli.commands.shell.ShellExitST" time="0.915"/>
  <testcase name="[2] '5'" classname="com.hivemq.cli.commands.shell.ShellExitST" time="0.914"/>
</testsuite>
