<?xml version="1.0" encoding="UTF-8"?>
<testsuite name="com.hivemq.cli.commands.cli.publish.PublishConnectST" tests="52" skipped="0" failures="0" errors="0" timestamp="2026-02-09T08:12:37" hostname="runnervmwffz4" time="53.275">
  <properties/>
  <testcase name="[1] '3'" classname="com.hivemq.cli.commands.cli.publish.PublishConnectST" time="1.165"/>
  <testcase name="[2] '5'" classname="com.hivemq.cli.commands.cli.publish.PublishConnectST" time="1.002"/>
  <testcase name="[1] '3'" classname="com.hivemq.cli.commands.cli.publish.PublishConnectST" time="1.037"/>
  <testcase name="[2] '5'" classname="com.hivemq.cli.commands.cli.publish.PublishConnectST" time="1.025"/>
  <testcase name="[1] '3'" classname="com.hivemq.cli.commands.cli.publish.PublishConnectST" time="0.994"/>
  <testcase name="[2] '5'" classname="com.hivemq.cli.commands.cli.publish.PublishConnectST" time="1.039"/>
  <testcase name="[1] '3'" classname="com.hivemq.cli.commands.cli.publish.PublishConnectST" time="0.923"/>
  <testcase name="[2] '5'" classname="com.hivemq.cli.commands.cli.publish.PublishConnectST" time="0.896"/>
  <testcase name="[1] '3'" classname="com.hivemq.cli.commands.cli.publish.PublishConnectST" time="0.926"/>
  <testcase name="[2] '5'" classname="com.hivemq.cli.commands.cli.publish.PublishConnectST" time="0.932"/>
  <testcase name="[1] '3'" classname="com.hivemq.cli.commands.cli.publish.PublishConnectST" time="1.025"/>
  <testcase name="[2] '5'" classname="com.hivemq.cli.commands.cli.publish.PublishConnectST" time="1.013"/>
  <testcase name="[1] '3'" classname="com.hivemq.cli.commands.cli.publish.PublishConnectST" time="1.019"/>
  <testcase name="[2] '5'" classname="com.hivemq.cli.commands.cli.publish.PublishConnectST" time="1.013"/>
  <testcase name="[1] '3'" classname="com.hivemq.cli.commands.cli.publish.PublishConnectST" time="1.034"/>
  <testcase name="[2] '5'" classname="com.hivemq.cli.commands.cli.publish.PublishConnectST" time="1.001"/>
  <testcase name="[1] '3'" classname="com.hivemq.cli.commands.cli.publish.PublishConnectST" time="0.734"/>
  <testcase name="[2] '5'" classname="com.hivemq.cli.commands.cli.publish.PublishConnectST" time="0.989"/>
  <testcase name="[1] '3'" classname="com.hivemq.cli.commands.cli.publish.PublishConnectST" time="1.33"/>
  <testcase name="[2] '5'" classname="com.hivemq.cli.commands.cli.publish.PublishConnectST" time="1.002"/>
  <testcase name="[1] '3'" classname="com.hivemq.cli.commands.cli.publish.PublishConnectST" time="0.691"/>
  <testcase name="[2] '5'" classname="com.hivemq.cli.commands.cli.publish.PublishConnectST" time="1.009"/>
  <testcase name="[1] '3'" classname="com.hivemq.cli.commands.cli.publish.PublishConnectST" time="1.026"/>
  <testcase name="[2] '5'" classname="com.hivemq.cli.commands.cli.publish.PublishConnectST" time="1.015"/>
  <testcase name="[1] '3'" classname="com.hivemq.cli.commands.cli.publish.PublishConnectST" time="0.993"/>
  <testcase name="[2] '5'" classname="com.hivemq.cli.commands.cli.publish.PublishConnectST" time="1.343"/>
  <testcase name="[1] '3'" classname="com.hivemq.cli.commands.cli.publish.PublishConnectST" time="1.016"/>
  <testcase name="[2] '5'" classname="com.hivemq.cli.commands.cli.publish.PublishConnectST" time="1.004"/>
  <testcase name="[1] '3'" classname="com.hivemq.cli.commands.cli.publish.PublishConnectST" time="1.008"/>
  <testcase name="[2] '5'" classname="com.hivemq.cli.commands.cli.publish.PublishConnectST" time="1.046"/>
  <testcase name="[1] '3'" classname="com.hivemq.cli.commands.cli.publish.PublishConnectST" time="1.029"/>
  <testcase name="[2] '5'" classname="com.hivemq.cli.commands.cli.publish.PublishConnectST" time="1.016"/>
  <testcase name="[1] '3'" classname="com.hivemq.cli.commands.cli.publish.PublishConnectST" time="1.121"/>
  <testcase name="[2] '5'" classname="com.hivemq.cli.commands.cli.publish.PublishConnectST" time="1.104"/>
  <testcase name="[1] '3'" classname="com.hivemq.cli.commands.cli.publish.PublishConnectST" time="1.033"/>
  <testcase name="[2] '5'" classname="com.hivemq.cli.commands.cli.publish.PublishConnectST" time="1.016"/>
  <testcase name="[1] '3'" classname="com.hivemq.cli.commands.cli.publish.PublishConnectST" time="1.046"/>
  <testcase name="[2] '5'" classname="com.hivemq.cli.commands.cli.publish.PublishConnectST" time="0.993"/>
  <testcase name="[1] '3'" classname="com.hivemq.cli.commands.cli.publish.PublishConnectST" time="1.183"/>
  <testcase name="[2] '5'" classname="com.hivemq.cli.commands.cli.publish.PublishConnectST" time="1.184"/>
  <testcase name="[1] '3'" classname="com.hivemq.cli.commands.cli.publish.PublishConnectST" time="1.314"/>
  <testcase name="[2] '5'" classname="com.hivemq.cli.commands.cli.publish.PublishConnectST" time="1.19"/>
  <testcase name="[1] '3'" classname="com.hivemq.cli.commands.cli.publish.PublishConnectST" time="0.697"/>
  <testcase name="[2] '5'" classname="com.hivemq.cli.commands.cli.publish.PublishConnectST" time="0.986"/>
  <testcase name="[1] '3'" classname="com.hivemq.cli.commands.cli.publish.PublishConnectST" time="1.0"/>
  <testcase name="[2] '5'" classname="com.hivemq.cli.commands.cli.publish.PublishConnectST" time="0.989"/>
  <testcase name="[1] '3'" classname="com.hivemq.cli.commands.cli.publish.PublishConnectST" time="1.005"/>
  <testcase name="[2] '5'" classname="com.hivemq.cli.commands.cli.publish.PublishConnectST" time="1.008"/>
  <testcase name="[1] '3'" classname="com.hivemq.cli.commands.cli.publish.PublishConnectST" time="1.048"/>
  <testcase name="[2] '5'" classname="com.hivemq.cli.commands.cli.publish.PublishConnectST" time="0.982"/>
  <testcase name="[1] '3'" classname="com.hivemq.cli.commands.cli.publish.PublishConnectST" time="1.007"/>
  <testcase name="[2] '5'" classname="com.hivemq.cli.commands.cli.publish.PublishConnectST" time="1.0"/>
</testsuite>
