<?xml version="1.0" encoding="UTF-8"?>
<testsuite name="com.hivemq.cli.commands.shell.ShellDisconnectST" tests="13" skipped="0" failures="0" errors="0" timestamp="2026-06-03T07:48:10.668Z" hostname="runnervm3jyl0" time="26.631">
  <properties/>
  <testcase name="[1] '3'" classname="com.hivemq.cli.commands.shell.ShellDisconnectST" time="3.336"/>
  <testcase name="[2] '5'" classname="com.hivemq.cli.commands.shell.ShellDisconnectST" time="3.334"/>
  <testcase name="[1] '3'" classname="com.hivemq.cli.commands.shell.ShellDisconnectST" time="1.417"/>
  <testcase name="[2] '5'" classname="com.hivemq.cli.commands.shell.ShellDisconnectST" time="1.415"/>
  <testcase name="[1] '3'" classname="com.hivemq.cli.commands.shell.ShellDisconnectST" time="1.919"/>
  <testcase name="[2] '5'" classname="com.hivemq.cli.commands.shell.ShellDisconnectST" time="1.918"/>
  <testcase name="test_notConnectedDisconnect()" classname="com.hivemq.cli.commands.shell.ShellDisconnectST" time="1.116"/>
  <testcase name="[1] '3'" classname="com.hivemq.cli.commands.shell.ShellDisconnectST" time="2.02"/>
  <testcase name="[2] '5'" classname="com.hivemq.cli.commands.shell.ShellDisconnectST" time="2.023"/>
  <testcase name="[1] '3'" classname="com.hivemq.cli.commands.shell.ShellDisconnectST" time="2.019"/>
  <testcase name="[2] '5'" classname="com.hivemq.cli.commands.shell.ShellDisconnectST" time="1.916"/>
  <testcase name="[1] '3'" classname="com.hivemq.cli.commands.shell.ShellDisconnectST" time="2.02"/>
  <testcase name="[2] '5'" classname="com.hivemq.cli.commands.shell.ShellDisconnectST" time="1.924"/>
</testsuite>
