<?xml version="1.0" encoding="UTF-8"?>
<testsuite name="com.hivemq.cli.commands.hivemq.export.clients.ExportClientsCommandIT" tests="5" skipped="0" failures="0" errors="0" timestamp="2026-07-08T22:50:55.065Z" hostname="runnervm5mmn9" time="57.304">
  <properties/>
  <testcase name="rate_limit()" classname="com.hivemq.cli.commands.hivemq.export.clients.ExportClientsCommandIT" time="19.785"/>
  <testcase name="client_detail_1_success()" classname="com.hivemq.cli.commands.hivemq.export.clients.ExportClientsCommandIT" time="8.819"/>
  <testcase name="connection_refused()" classname="com.hivemq.cli.commands.hivemq.export.clients.ExportClientsCommandIT" time="8.441"/>
  <testcase name="csv_options()" classname="com.hivemq.cli.commands.hivemq.export.clients.ExportClientsCommandIT" time="8.704"/>
  <testcase name="client_details_25_success()" classname="com.hivemq.cli.commands.hivemq.export.clients.ExportClientsCommandIT" time="8.879"/>
</testsuite>
