<?xml version="1.0" encoding="UTF-8"?>
<testsuite name="com.hivemq.cli.commands.shell.ShellPublishST" tests="29" skipped="0" failures="0" errors="0" timestamp="2026-05-05T14:02:46.130Z" hostname="runnervmeorf1" time="35.501">
  <properties/>
  <testcase name="[1] '3'" classname="com.hivemq.cli.commands.shell.ShellPublishST" time="1.255"/>
  <testcase name="[2] '5'" classname="com.hivemq.cli.commands.shell.ShellPublishST" time="1.118"/>
  <testcase name="[1] '3'" classname="com.hivemq.cli.commands.shell.ShellPublishST" time="1.624"/>
  <testcase name="[2] '5'" classname="com.hivemq.cli.commands.shell.ShellPublishST" time="1.621"/>
  <testcase name="[1] '3'" classname="com.hivemq.cli.commands.shell.ShellPublishST" time="1.118"/>
  <testcase name="[2] '5'" classname="com.hivemq.cli.commands.shell.ShellPublishST" time="1.118"/>
  <testcase name="[1] '3'" classname="com.hivemq.cli.commands.shell.ShellPublishST" time="1.326"/>
  <testcase name="[2] '5'" classname="com.hivemq.cli.commands.shell.ShellPublishST" time="1.319"/>
  <testcase name="[1] '3'" classname="com.hivemq.cli.commands.shell.ShellPublishST" time="1.32"/>
  <testcase name="[2] '5'" classname="com.hivemq.cli.commands.shell.ShellPublishST" time="1.116"/>
  <testcase name="[1] '3'" classname="com.hivemq.cli.commands.shell.ShellPublishST" time="1.318"/>
  <testcase name="[2] '5'" classname="com.hivemq.cli.commands.shell.ShellPublishST" time="1.115"/>
  <testcase name="[1] '3'" classname="com.hivemq.cli.commands.shell.ShellPublishST" time="1.317"/>
  <testcase name="[2] '5'" classname="com.hivemq.cli.commands.shell.ShellPublishST" time="1.216"/>
  <testcase name="[1] '3'" classname="com.hivemq.cli.commands.shell.ShellPublishST" time="0.914"/>
  <testcase name="[2] '5'" classname="com.hivemq.cli.commands.shell.ShellPublishST" time="0.915"/>
  <testcase name="[1] '3'" classname="com.hivemq.cli.commands.shell.ShellPublishST" time="1.318"/>
  <testcase name="[2] '5'" classname="com.hivemq.cli.commands.shell.ShellPublishST" time="1.116"/>
  <testcase name="[1] '3'" classname="com.hivemq.cli.commands.shell.ShellPublishST" time="1.117"/>
  <testcase name="[2] '5'" classname="com.hivemq.cli.commands.shell.ShellPublishST" time="1.115"/>
  <testcase name="[1] '3'" classname="com.hivemq.cli.commands.shell.ShellPublishST" time="0.914"/>
  <testcase name="[2] '5'" classname="com.hivemq.cli.commands.shell.ShellPublishST" time="0.914"/>
  <testcase name="[1] '3'" classname="com.hivemq.cli.commands.shell.ShellPublishST" time="1.116"/>
  <testcase name="[2] '5'" classname="com.hivemq.cli.commands.shell.ShellPublishST" time="1.116"/>
  <testcase name="test_missingArguments()" classname="com.hivemq.cli.commands.shell.ShellPublishST" time="0.308"/>
  <testcase name="[1] '3'" classname="com.hivemq.cli.commands.shell.ShellPublishST" time="1.317"/>
  <testcase name="[2] '5'" classname="com.hivemq.cli.commands.shell.ShellPublishST" time="1.115"/>
  <testcase name="[1] '3'" classname="com.hivemq.cli.commands.shell.ShellPublishST" time="1.317"/>
  <testcase name="[2] '5'" classname="com.hivemq.cli.commands.shell.ShellPublishST" time="1.115"/>
</testsuite>
