<?xml version="1.0" encoding="UTF-8"?>
<testsuite name="com.hivemq.cli.mqtt.test.Mqtt5FeatureTesterQos0IT" tests="3" skipped="0" failures="0" errors="0" timestamp="2026-08-03T10:30:30.695Z" hostname="runnervmvrwv9" time="30.944">
  <properties/>
  <testcase name="qos_1_failed()" classname="com.hivemq.cli.mqtt.test.Mqtt5FeatureTesterQos0IT" time="11.434"/>
  <testcase name="qos_0_success()" classname="com.hivemq.cli.mqtt.test.Mqtt5FeatureTesterQos0IT" time="8.223"/>
  <testcase name="qos_2_failed()" classname="com.hivemq.cli.mqtt.test.Mqtt5FeatureTesterQos0IT" time="11.283"/>
</testsuite>
