<?xml version="1.0" encoding="UTF-8"?>
<testsuite name="com.hivemq.cli.mqtt.test.Mqtt3FeatureTesterRestrictedIT" tests="6" skipped="2" failures="0" errors="0" timestamp="2026-08-03T10:29:42.364Z" hostname="runnervmvrwv9" time="54.336">
  <properties/>
  <testcase name="payload_size_1MB_failed_max_500KB()" classname="com.hivemq.cli.mqtt.test.Mqtt3FeatureTesterRestrictedIT" time="25.748"/>
  <testcase name="wildcard_subscriptions_failed()" classname="com.hivemq.cli.mqtt.test.Mqtt3FeatureTesterRestrictedIT" time="8.144"/>
  <testcase name="clientId_length_failed_max_30()" classname="com.hivemq.cli.mqtt.test.Mqtt3FeatureTesterRestrictedIT" time="7.782"/>
  <testcase name="retain_failed()" classname="com.hivemq.cli.mqtt.test.Mqtt3FeatureTesterRestrictedIT" time="8.685"/>
  <testcase name="shared_subscriptions_failed()" classname="com.hivemq.cli.mqtt.test.Mqtt3FeatureTesterRestrictedIT" time="0.001">
    <skipped/>
  </testcase>
  <testcase name="topic_length_failed_max_30()" classname="com.hivemq.cli.mqtt.test.Mqtt3FeatureTesterRestrictedIT" time="0.0">
    <skipped/>
  </testcase>
</testsuite>
