<?xml version="1.0" encoding="UTF-8"?>
<testsuite name="com.hivemq.cli.commands.shell.ShellSwitchST" tests="8" skipped="0" failures="0" errors="0" timestamp="2026-04-18T01:42:55.871Z" hostname="runnervmeorf1" time="17.691">
  <properties/>
  <testcase name="[1] '3'" classname="com.hivemq.cli.commands.shell.ShellSwitchST" time="2.015"/>
  <testcase name="[2] '5'" classname="com.hivemq.cli.commands.shell.ShellSwitchST" time="1.917"/>
  <testcase name="[1] '3'" classname="com.hivemq.cli.commands.shell.ShellSwitchST" time="2.421"/>
  <testcase name="[2] '5'" classname="com.hivemq.cli.commands.shell.ShellSwitchST" time="2.418"/>
  <testcase name="[1] '3'" classname="com.hivemq.cli.commands.shell.ShellSwitchST" time="2.419"/>
  <testcase name="[2] '5'" classname="com.hivemq.cli.commands.shell.ShellSwitchST" time="2.416"/>
  <testcase name="[1] '3'" classname="com.hivemq.cli.commands.shell.ShellSwitchST" time="1.918"/>
  <testcase name="[2] '5'" classname="com.hivemq.cli.commands.shell.ShellSwitchST" time="1.914"/>
</testsuite>
