<?xml version="1.0" encoding="UTF-8"?>
<testsuite name="com.hivemq.cli.mqtt.test.Mqtt5FeatureTesterDefaultIT" tests="12" skipped="0" failures="0" errors="0" timestamp="2026-02-08T06:27:24" hostname="runnervmwffz4" time="105.305">
  <properties/>
  <testcase name="wildcard_subscriptions_success()" classname="com.hivemq.cli.mqtt.test.Mqtt5FeatureTesterDefaultIT" time="16.844"/>
  <testcase name="clientId_length_success()" classname="com.hivemq.cli.mqtt.test.Mqtt5FeatureTesterDefaultIT" time="7.869"/>
  <testcase name="retain_success()" classname="com.hivemq.cli.mqtt.test.Mqtt5FeatureTesterDefaultIT" time="8.108"/>
  <testcase name="qos_1_success()" classname="com.hivemq.cli.mqtt.test.Mqtt5FeatureTesterDefaultIT" time="8.072"/>
  <testcase name="shared_subscriptions_success()" classname="com.hivemq.cli.mqtt.test.Mqtt5FeatureTesterDefaultIT" time="8.18"/>
  <testcase name="asciiChars_success()" classname="com.hivemq.cli.mqtt.test.Mqtt5FeatureTesterDefaultIT" time="8.394"/>
  <testcase name="connect_success()" classname="com.hivemq.cli.mqtt.test.Mqtt5FeatureTesterDefaultIT" time="8.09"/>
  <testcase name="qos_0_success()" classname="com.hivemq.cli.mqtt.test.Mqtt5FeatureTesterDefaultIT" time="8.092"/>
  <testcase name="connect_failed()" classname="com.hivemq.cli.mqtt.test.Mqtt5FeatureTesterDefaultIT" time="7.641"/>
  <testcase name="qos_2_success()" classname="com.hivemq.cli.mqtt.test.Mqtt5FeatureTesterDefaultIT" time="8.029"/>
  <testcase name="topic_length_success()" classname="com.hivemq.cli.mqtt.test.Mqtt5FeatureTesterDefaultIT" time="7.966"/>
  <testcase name="payload_size_1MB_success()" classname="com.hivemq.cli.mqtt.test.Mqtt5FeatureTesterDefaultIT" time="8.009"/>
</testsuite>
