<?xml version="1.0" encoding="UTF-8"?>
<testsuite name="com.hivemq.cli.mqtt.test.Mqtt3FeatureTesterDefaultIT" tests="12" skipped="0" failures="0" errors="0" timestamp="2026-06-25T17:26:33.822Z" hostname="runnervmmklqx" time="116.508">
  <properties/>
  <testcase name="wildcard_subscriptions_success()" classname="com.hivemq.cli.mqtt.test.Mqtt3FeatureTesterDefaultIT" time="18.052"/>
  <testcase name="clientId_length_success()" classname="com.hivemq.cli.mqtt.test.Mqtt3FeatureTesterDefaultIT" time="8.802"/>
  <testcase name="retain_success()" classname="com.hivemq.cli.mqtt.test.Mqtt3FeatureTesterDefaultIT" time="8.536"/>
  <testcase name="qos_1_success()" classname="com.hivemq.cli.mqtt.test.Mqtt3FeatureTesterDefaultIT" time="8.748"/>
  <testcase name="shared_subscriptions_success()" classname="com.hivemq.cli.mqtt.test.Mqtt3FeatureTesterDefaultIT" time="8.755"/>
  <testcase name="asciiChars_success()" classname="com.hivemq.cli.mqtt.test.Mqtt3FeatureTesterDefaultIT" time="8.69"/>
  <testcase name="connect_success()" classname="com.hivemq.cli.mqtt.test.Mqtt3FeatureTesterDefaultIT" time="8.554"/>
  <testcase name="qos_0_success()" classname="com.hivemq.cli.mqtt.test.Mqtt3FeatureTesterDefaultIT" time="8.571"/>
  <testcase name="connect_failed()" classname="com.hivemq.cli.mqtt.test.Mqtt3FeatureTesterDefaultIT" time="8.48"/>
  <testcase name="qos_2_success()" classname="com.hivemq.cli.mqtt.test.Mqtt3FeatureTesterDefaultIT" time="8.71"/>
  <testcase name="topic_length_success()" classname="com.hivemq.cli.mqtt.test.Mqtt3FeatureTesterDefaultIT" time="8.656"/>
  <testcase name="payload_size_1MB_success()" classname="com.hivemq.cli.mqtt.test.Mqtt3FeatureTesterDefaultIT" time="8.855"/>
</testsuite>
