<?xml version="1.0" encoding="UTF-8"?>
<testsuite name="com.hivemq.cli.commands.shell.ShellSwitchST" tests="8" skipped="0" failures="0" errors="0" timestamp="2026-02-09T15:55:15" hostname="runnervmwffz4" time="17.666">
  <properties/>
  <testcase name="[1] '3'" classname="com.hivemq.cli.commands.shell.ShellSwitchST" time="2.019"/>
  <testcase name="[2] '5'" classname="com.hivemq.cli.commands.shell.ShellSwitchST" time="1.916"/>
  <testcase name="[1] '3'" classname="com.hivemq.cli.commands.shell.ShellSwitchST" time="2.524"/>
  <testcase name="[2] '5'" classname="com.hivemq.cli.commands.shell.ShellSwitchST" time="2.422"/>
  <testcase name="[1] '3'" classname="com.hivemq.cli.commands.shell.ShellSwitchST" time="2.422"/>
  <testcase name="[2] '5'" classname="com.hivemq.cli.commands.shell.ShellSwitchST" time="2.52"/>
  <testcase name="[1] '3'" classname="com.hivemq.cli.commands.shell.ShellSwitchST" time="1.917"/>
  <testcase name="[2] '5'" classname="com.hivemq.cli.commands.shell.ShellSwitchST" time="1.92"/>
</testsuite>
