<?xml version="1.0" encoding="UTF-8"?>
<testsuite name="com.hivemq.cli.commands.shell.ShellListST" tests="9" skipped="0" failures="0" errors="0" timestamp="2026-02-09T09:55:50" hostname="runnervmwffz4" time="20.821">
  <properties/>
  <testcase name="[1] '3'" classname="com.hivemq.cli.commands.shell.ShellListST" time="3.734"/>
  <testcase name="[2] '5'" classname="com.hivemq.cli.commands.shell.ShellListST" time="3.734"/>
  <testcase name="test_emptyList()" classname="com.hivemq.cli.commands.shell.ShellListST" time="0.207"/>
  <testcase name="[1] '3'" classname="com.hivemq.cli.commands.shell.ShellListST" time="2.223"/>
  <testcase name="[2] '5'" classname="com.hivemq.cli.commands.shell.ShellListST" time="2.222"/>
  <testcase name="[1] '3'" classname="com.hivemq.cli.commands.shell.ShellListST" time="2.122"/>
  <testcase name="[2] '5'" classname="com.hivemq.cli.commands.shell.ShellListST" time="2.121"/>
  <testcase name="[1] '3'" classname="com.hivemq.cli.commands.shell.ShellListST" time="2.224"/>
  <testcase name="[2] '5'" classname="com.hivemq.cli.commands.shell.ShellListST" time="2.225"/>
</testsuite>
