<?xml version="1.0" encoding="UTF-8"?>
<testsuite name="com.hivemq.cli.commands.cli.test_broker.TestBrokerST" tests="8" skipped="0" failures="0" errors="0" timestamp="2026-02-09T15:53:39" hostname="runnervmwffz4" time="11.794">
  <properties/>
  <testcase name="[1] '3'" classname="com.hivemq.cli.commands.cli.test_broker.TestBrokerST" time="1.866"/>
  <testcase name="[2] '5'" classname="com.hivemq.cli.commands.cli.test_broker.TestBrokerST" time="0.998"/>
  <testcase name="[1] '3'" classname="com.hivemq.cli.commands.cli.test_broker.TestBrokerST" time="1.755"/>
  <testcase name="[2] '5'" classname="com.hivemq.cli.commands.cli.test_broker.TestBrokerST" time="1.724"/>
  <testcase name="[1] '3'" classname="com.hivemq.cli.commands.cli.test_broker.TestBrokerST" time="1.732"/>
  <testcase name="[2] '5'" classname="com.hivemq.cli.commands.cli.test_broker.TestBrokerST" time="1.008"/>
  <testcase name="[1] '3'" classname="com.hivemq.cli.commands.cli.test_broker.TestBrokerST" time="1.7"/>
  <testcase name="[2] '5'" classname="com.hivemq.cli.commands.cli.test_broker.TestBrokerST" time="1.005"/>
</testsuite>
