<?xml version="1.0" encoding="UTF-8"?>
<testsuite name="com.hivemq.cli.commands.cli.subscribe.SubscribeConnectST" tests="46" skipped="0" failures="0" errors="0" timestamp="2026-04-02T08:23:54" hostname="runnervmrg6be" time="56.763">
  <properties/>
  <testcase name="[1] '3'" classname="com.hivemq.cli.commands.cli.subscribe.SubscribeConnectST" time="1.224"/>
  <testcase name="[2] '5'" classname="com.hivemq.cli.commands.cli.subscribe.SubscribeConnectST" time="1.222"/>
  <testcase name="[1] '3'" classname="com.hivemq.cli.commands.cli.subscribe.SubscribeConnectST" time="1.222"/>
  <testcase name="[2] '5'" classname="com.hivemq.cli.commands.cli.subscribe.SubscribeConnectST" time="1.221"/>
  <testcase name="[1] '3'" classname="com.hivemq.cli.commands.cli.subscribe.SubscribeConnectST" time="1.32"/>
  <testcase name="[2] '5'" classname="com.hivemq.cli.commands.cli.subscribe.SubscribeConnectST" time="1.221"/>
  <testcase name="[1] '3'" classname="com.hivemq.cli.commands.cli.subscribe.SubscribeConnectST" time="1.322"/>
  <testcase name="[2] '5'" classname="com.hivemq.cli.commands.cli.subscribe.SubscribeConnectST" time="1.221"/>
  <testcase name="[1] '3'" classname="com.hivemq.cli.commands.cli.subscribe.SubscribeConnectST" time="1.221"/>
  <testcase name="[2] '5'" classname="com.hivemq.cli.commands.cli.subscribe.SubscribeConnectST" time="1.221"/>
  <testcase name="[1] '3'" classname="com.hivemq.cli.commands.cli.subscribe.SubscribeConnectST" time="1.321"/>
  <testcase name="[2] '5'" classname="com.hivemq.cli.commands.cli.subscribe.SubscribeConnectST" time="1.22"/>
  <testcase name="[1] '3'" classname="com.hivemq.cli.commands.cli.subscribe.SubscribeConnectST" time="0.718"/>
  <testcase name="[2] '5'" classname="com.hivemq.cli.commands.cli.subscribe.SubscribeConnectST" time="1.223"/>
  <testcase name="[1] '3'" classname="com.hivemq.cli.commands.cli.subscribe.SubscribeConnectST" time="1.32"/>
  <testcase name="[2] '5'" classname="com.hivemq.cli.commands.cli.subscribe.SubscribeConnectST" time="1.219"/>
  <testcase name="[1] '3'" classname="com.hivemq.cli.commands.cli.subscribe.SubscribeConnectST" time="0.81"/>
  <testcase name="[2] '5'" classname="com.hivemq.cli.commands.cli.subscribe.SubscribeConnectST" time="1.222"/>
  <testcase name="[1] '3'" classname="com.hivemq.cli.commands.cli.subscribe.SubscribeConnectST" time="1.323"/>
  <testcase name="[2] '5'" classname="com.hivemq.cli.commands.cli.subscribe.SubscribeConnectST" time="1.224"/>
  <testcase name="[1] '3'" classname="com.hivemq.cli.commands.cli.subscribe.SubscribeConnectST" time="1.321"/>
  <testcase name="[2] '5'" classname="com.hivemq.cli.commands.cli.subscribe.SubscribeConnectST" time="1.223"/>
  <testcase name="[1] '3'" classname="com.hivemq.cli.commands.cli.subscribe.SubscribeConnectST" time="1.221"/>
  <testcase name="[2] '5'" classname="com.hivemq.cli.commands.cli.subscribe.SubscribeConnectST" time="1.219"/>
  <testcase name="[1] '3'" classname="com.hivemq.cli.commands.cli.subscribe.SubscribeConnectST" time="1.323"/>
  <testcase name="[2] '5'" classname="com.hivemq.cli.commands.cli.subscribe.SubscribeConnectST" time="1.219"/>
  <testcase name="[1] '3'" classname="com.hivemq.cli.commands.cli.subscribe.SubscribeConnectST" time="1.22"/>
  <testcase name="[2] '5'" classname="com.hivemq.cli.commands.cli.subscribe.SubscribeConnectST" time="1.22"/>
  <testcase name="[1] '3'" classname="com.hivemq.cli.commands.cli.subscribe.SubscribeConnectST" time="1.32"/>
  <testcase name="[2] '5'" classname="com.hivemq.cli.commands.cli.subscribe.SubscribeConnectST" time="1.321"/>
  <testcase name="[1] '3'" classname="com.hivemq.cli.commands.cli.subscribe.SubscribeConnectST" time="1.83"/>
  <testcase name="[2] '5'" classname="com.hivemq.cli.commands.cli.subscribe.SubscribeConnectST" time="1.222"/>
  <testcase name="[1] '3'" classname="com.hivemq.cli.commands.cli.subscribe.SubscribeConnectST" time="1.322"/>
  <testcase name="[2] '5'" classname="com.hivemq.cli.commands.cli.subscribe.SubscribeConnectST" time="1.22"/>
  <testcase name="[1] '3'" classname="com.hivemq.cli.commands.cli.subscribe.SubscribeConnectST" time="1.172"/>
  <testcase name="[2] '5'" classname="com.hivemq.cli.commands.cli.subscribe.SubscribeConnectST" time="1.166"/>
  <testcase name="[1] '3'" classname="com.hivemq.cli.commands.cli.subscribe.SubscribeConnectST" time="1.309"/>
  <testcase name="[2] '5'" classname="com.hivemq.cli.commands.cli.subscribe.SubscribeConnectST" time="1.19"/>
  <testcase name="[1] '3'" classname="com.hivemq.cli.commands.cli.subscribe.SubscribeConnectST" time="0.811"/>
  <testcase name="[2] '5'" classname="com.hivemq.cli.commands.cli.subscribe.SubscribeConnectST" time="1.219"/>
  <testcase name="[1] '3'" classname="com.hivemq.cli.commands.cli.subscribe.SubscribeConnectST" time="1.22"/>
  <testcase name="[2] '5'" classname="com.hivemq.cli.commands.cli.subscribe.SubscribeConnectST" time="1.225"/>
  <testcase name="[1] '3'" classname="com.hivemq.cli.commands.cli.subscribe.SubscribeConnectST" time="1.32"/>
  <testcase name="[2] '5'" classname="com.hivemq.cli.commands.cli.subscribe.SubscribeConnectST" time="1.221"/>
  <testcase name="[1] '3'" classname="com.hivemq.cli.commands.cli.subscribe.SubscribeConnectST" time="1.42"/>
  <testcase name="[2] '5'" classname="com.hivemq.cli.commands.cli.subscribe.SubscribeConnectST" time="1.219"/>
</testsuite>
