<?xml version="1.0" encoding="UTF-8"?>
<testsuite name="com.hivemq.cli.commands.cli.subscribe.SubscribeConnectWebsocketsST" tests="2" skipped="0" failures="0" errors="0" timestamp="2026-04-01T14:31:50" hostname="runnervmrg6be" time="0.627">
  <properties/>
  <testcase name="[1] '3'" classname="com.hivemq.cli.commands.cli.subscribe.SubscribeConnectWebsocketsST" time="0.313"/>
  <testcase name="[2] '5'" classname="com.hivemq.cli.commands.cli.subscribe.SubscribeConnectWebsocketsST" time="0.313"/>
</testsuite>
