<?xml version="1.0" encoding="UTF-8"?>
<testsuite name="com.hivemq.cli.mqtt.test.Mqtt5FeatureTesterDefaultIT" tests="12" skipped="0" failures="0" errors="0" timestamp="2026-03-10T08:42:17" hostname="runnervm0kj6c" time="107.826">
  <properties/>
  <testcase name="wildcard_subscriptions_success()" classname="com.hivemq.cli.mqtt.test.Mqtt5FeatureTesterDefaultIT" time="17.057"/>
  <testcase name="clientId_length_success()" classname="com.hivemq.cli.mqtt.test.Mqtt5FeatureTesterDefaultIT" time="8.268"/>
  <testcase name="retain_success()" classname="com.hivemq.cli.mqtt.test.Mqtt5FeatureTesterDefaultIT" time="7.975"/>
  <testcase name="qos_1_success()" classname="com.hivemq.cli.mqtt.test.Mqtt5FeatureTesterDefaultIT" time="8.387"/>
  <testcase name="shared_subscriptions_success()" classname="com.hivemq.cli.mqtt.test.Mqtt5FeatureTesterDefaultIT" time="8.404"/>
  <testcase name="asciiChars_success()" classname="com.hivemq.cli.mqtt.test.Mqtt5FeatureTesterDefaultIT" time="8.257"/>
  <testcase name="connect_success()" classname="com.hivemq.cli.mqtt.test.Mqtt5FeatureTesterDefaultIT" time="8.064"/>
  <testcase name="qos_0_success()" classname="com.hivemq.cli.mqtt.test.Mqtt5FeatureTesterDefaultIT" time="8.264"/>
  <testcase name="connect_failed()" classname="com.hivemq.cli.mqtt.test.Mqtt5FeatureTesterDefaultIT" time="8.244"/>
  <testcase name="qos_2_success()" classname="com.hivemq.cli.mqtt.test.Mqtt5FeatureTesterDefaultIT" time="8.229"/>
  <testcase name="topic_length_success()" classname="com.hivemq.cli.mqtt.test.Mqtt5FeatureTesterDefaultIT" time="8.236"/>
  <testcase name="payload_size_1MB_success()" classname="com.hivemq.cli.mqtt.test.Mqtt5FeatureTesterDefaultIT" time="8.428"/>
</testsuite>
