<?xml version="1.0" encoding="UTF-8"?>
<testsuite name="com.hivemq.cli.mqtt.test.Mqtt5FeatureTesterRestrictedIT" tests="6" skipped="2" failures="0" errors="0" timestamp="2026-09-25T00:22:23.284Z" hostname="runnervmtr4k5" time="33.997">
  <properties/>
  <testcase name="payload_size_1MB_failed_max_500KB()" classname="com.hivemq.cli.mqtt.test.Mqtt5FeatureTesterRestrictedIT" time="8.75"/>
  <testcase name="wildcard_subscriptions_failed()" classname="com.hivemq.cli.mqtt.test.Mqtt5FeatureTesterRestrictedIT" time="8.422"/>
  <testcase name="clientId_length_failed_max_30()" classname="com.hivemq.cli.mqtt.test.Mqtt5FeatureTesterRestrictedIT" time="8.602"/>
  <testcase name="retain_failed()" classname="com.hivemq.cli.mqtt.test.Mqtt5FeatureTesterRestrictedIT" time="8.213"/>
  <testcase name="shared_subscriptions_failed()" classname="com.hivemq.cli.mqtt.test.Mqtt5FeatureTesterRestrictedIT" time="0.001">
    <skipped/>
  </testcase>
  <testcase name="topic_length_failed_max_30()" classname="com.hivemq.cli.mqtt.test.Mqtt5FeatureTesterRestrictedIT" time="0.0">
    <skipped/>
  </testcase>
</testsuite>
