<?xml version="1.0" encoding="UTF-8"?>
<testsuite name="com.hivemq.cli.commands.cli.subscribe.SubscribeLoggingST" tests="12" skipped="0" failures="0" errors="0" timestamp="2026-04-29T11:08:34.538Z" hostname="runnervmeorf1" time="22.872">
  <properties/>
  <testcase name="test_subscribe_with_message_mqtt3_qos1_logging()" classname="com.hivemq.cli.commands.cli.subscribe.SubscribeLoggingST" time="1.836"/>
  <testcase name="test_subscribe_mqtt5_qos2_logging_not_authorized()" classname="com.hivemq.cli.commands.cli.subscribe.SubscribeLoggingST" time="1.821"/>
  <testcase name="test_subscribe_mqtt5_qos1_logging_not_authorized()" classname="com.hivemq.cli.commands.cli.subscribe.SubscribeLoggingST" time="1.817"/>
  <testcase name="test_subscribe_mqtt5_qos0_logging_not_authorized()" classname="com.hivemq.cli.commands.cli.subscribe.SubscribeLoggingST" time="1.916"/>
  <testcase name="test_subscribe_with_message_mqtt5_qos0_logging()" classname="com.hivemq.cli.commands.cli.subscribe.SubscribeLoggingST" time="1.828"/>
  <testcase name="test_subscribe_with_message_mqtt5_qos2_logging()" classname="com.hivemq.cli.commands.cli.subscribe.SubscribeLoggingST" time="2.431"/>
  <testcase name="test_subscribe_with_message_mqtt3_qos0_logging()" classname="com.hivemq.cli.commands.cli.subscribe.SubscribeLoggingST" time="1.826"/>
  <testcase name="test_subscribe_with_message_mqtt3_qos2_logging()" classname="com.hivemq.cli.commands.cli.subscribe.SubscribeLoggingST" time="1.826"/>
  <testcase name="test_subscribe_mqtt3_qos2_logging_not_authorized()" classname="com.hivemq.cli.commands.cli.subscribe.SubscribeLoggingST" time="1.815"/>
  <testcase name="test_subscribe_mqtt3_qos1_logging_not_authorized()" classname="com.hivemq.cli.commands.cli.subscribe.SubscribeLoggingST" time="1.813"/>
  <testcase name="test_subscribe_mqtt3_qos0_logging_not_authorized()" classname="com.hivemq.cli.commands.cli.subscribe.SubscribeLoggingST" time="1.815"/>
  <testcase name="test_subscribe_with_message_mqtt5_qos1_logging()" classname="com.hivemq.cli.commands.cli.subscribe.SubscribeLoggingST" time="1.929"/>
</testsuite>
