<?xml version="1.0" encoding="UTF-8"?>
<testsuite name="com.hivemq.cli.commands.shell.connect.ShellConnectMTlsST" tests="67" skipped="3" failures="0" errors="0" timestamp="2026-03-12T07:51:49" hostname="runnervm0kj6c" time="185.051">
  <properties/>
  <testcase name="[1] 3, TLSv1.2, jks" classname="com.hivemq.cli.commands.shell.connect.ShellConnectMTlsST" time="2.536"/>
  <testcase name="[2] 3, TLSv1.2, p12" classname="com.hivemq.cli.commands.shell.connect.ShellConnectMTlsST" time="2.737"/>
  <testcase name="[3] 3, TLSv1.3, jks" classname="com.hivemq.cli.commands.shell.connect.ShellConnectMTlsST" time="2.933"/>
  <testcase name="[4] 3, TLSv1.3, p12" classname="com.hivemq.cli.commands.shell.connect.ShellConnectMTlsST" time="3.037"/>
  <testcase name="[5] 5, TLSv1.2, jks" classname="com.hivemq.cli.commands.shell.connect.ShellConnectMTlsST" time="2.831"/>
  <testcase name="[6] 5, TLSv1.2, p12" classname="com.hivemq.cli.commands.shell.connect.ShellConnectMTlsST" time="2.836"/>
  <testcase name="[7] 5, TLSv1.3, jks" classname="com.hivemq.cli.commands.shell.connect.ShellConnectMTlsST" time="2.531"/>
  <testcase name="[8] 5, TLSv1.3, p12" classname="com.hivemq.cli.commands.shell.connect.ShellConnectMTlsST" time="2.626"/>
  <testcase name="[1] 3, TLSv1.2, jks" classname="com.hivemq.cli.commands.shell.connect.ShellConnectMTlsST" time="2.324"/>
  <testcase name="[2] 3, TLSv1.2, p12" classname="com.hivemq.cli.commands.shell.connect.ShellConnectMTlsST" time="2.428"/>
  <testcase name="[3] 3, TLSv1.3, jks" classname="com.hivemq.cli.commands.shell.connect.ShellConnectMTlsST" time="2.528"/>
  <testcase name="[4] 3, TLSv1.3, p12" classname="com.hivemq.cli.commands.shell.connect.ShellConnectMTlsST" time="2.83"/>
  <testcase name="[5] 5, TLSv1.2, jks" classname="com.hivemq.cli.commands.shell.connect.ShellConnectMTlsST" time="2.521"/>
  <testcase name="[6] 5, TLSv1.2, p12" classname="com.hivemq.cli.commands.shell.connect.ShellConnectMTlsST" time="2.426"/>
  <testcase name="[7] 5, TLSv1.3, jks" classname="com.hivemq.cli.commands.shell.connect.ShellConnectMTlsST" time="2.932"/>
  <testcase name="[8] 5, TLSv1.3, p12" classname="com.hivemq.cli.commands.shell.connect.ShellConnectMTlsST" time="3.136"/>
  <testcase name="[1] 3, TLSv1.2, pkcs1.unencrypted.pem" classname="com.hivemq.cli.commands.shell.connect.ShellConnectMTlsST" time="3.23"/>
  <testcase name="[2] 3, TLSv1.2, pkcs8.unencrypted.pem" classname="com.hivemq.cli.commands.shell.connect.ShellConnectMTlsST" time="3.331"/>
  <testcase name="[3] 3, TLSv1.3, pkcs1.unencrypted.pem" classname="com.hivemq.cli.commands.shell.connect.ShellConnectMTlsST" time="3.232"/>
  <testcase name="[4] 3, TLSv1.3, pkcs8.unencrypted.pem" classname="com.hivemq.cli.commands.shell.connect.ShellConnectMTlsST" time="3.332"/>
  <testcase name="[5] 5, TLSv1.2, pkcs1.unencrypted.pem" classname="com.hivemq.cli.commands.shell.connect.ShellConnectMTlsST" time="3.228"/>
  <testcase name="[6] 5, TLSv1.2, pkcs8.unencrypted.pem" classname="com.hivemq.cli.commands.shell.connect.ShellConnectMTlsST" time="3.131"/>
  <testcase name="[7] 5, TLSv1.3, pkcs1.unencrypted.pem" classname="com.hivemq.cli.commands.shell.connect.ShellConnectMTlsST" time="3.231"/>
  <testcase name="[8] 5, TLSv1.3, pkcs8.unencrypted.pem" classname="com.hivemq.cli.commands.shell.connect.ShellConnectMTlsST" time="3.125"/>
  <testcase name="[1] 3, TLSv1.2, jks" classname="com.hivemq.cli.commands.shell.connect.ShellConnectMTlsST" time="2.019"/>
  <testcase name="[2] 3, TLSv1.2, p12" classname="com.hivemq.cli.commands.shell.connect.ShellConnectMTlsST" time="2.223"/>
  <testcase name="[3] 3, TLSv1.3, jks" classname="com.hivemq.cli.commands.shell.connect.ShellConnectMTlsST" time="2.429"/>
  <testcase name="[4] 3, TLSv1.3, p12" classname="com.hivemq.cli.commands.shell.connect.ShellConnectMTlsST" time="2.529"/>
  <testcase name="[5] 5, TLSv1.2, jks" classname="com.hivemq.cli.commands.shell.connect.ShellConnectMTlsST" time="2.219"/>
  <testcase name="[6] 5, TLSv1.2, p12" classname="com.hivemq.cli.commands.shell.connect.ShellConnectMTlsST" time="2.324"/>
  <testcase name="[7] 5, TLSv1.3, jks" classname="com.hivemq.cli.commands.shell.connect.ShellConnectMTlsST" time="2.016"/>
  <testcase name="[8] 5, TLSv1.3, p12" classname="com.hivemq.cli.commands.shell.connect.ShellConnectMTlsST" time="2.927"/>
  <testcase name="[1] 3, TLSv1.2, pkcs1.aes256.pem" classname="com.hivemq.cli.commands.shell.connect.ShellConnectMTlsST" time="3.335"/>
  <testcase name="[2] 3, TLSv1.2, pkcs1.des3.pem" classname="com.hivemq.cli.commands.shell.connect.ShellConnectMTlsST" time="3.529"/>
  <testcase name="[3] 3, TLSv1.2, pkcs8.aes256.pem" classname="com.hivemq.cli.commands.shell.connect.ShellConnectMTlsST" time="2.924"/>
  <testcase name="[4] 3, TLSv1.2, pkcs8.des3.pem" classname="com.hivemq.cli.commands.shell.connect.ShellConnectMTlsST" time="3.23"/>
  <testcase name="[5] 3, TLSv1.3, pkcs1.aes256.pem" classname="com.hivemq.cli.commands.shell.connect.ShellConnectMTlsST" time="3.33"/>
  <testcase name="[6] 3, TLSv1.3, pkcs1.des3.pem" classname="com.hivemq.cli.commands.shell.connect.ShellConnectMTlsST" time="3.229"/>
  <testcase name="[7] 3, TLSv1.3, pkcs8.aes256.pem" classname="com.hivemq.cli.commands.shell.connect.ShellConnectMTlsST" time="3.433"/>
  <testcase name="[8] 3, TLSv1.3, pkcs8.des3.pem" classname="com.hivemq.cli.commands.shell.connect.ShellConnectMTlsST" time="3.535"/>
  <testcase name="[9] 5, TLSv1.2, pkcs1.aes256.pem" classname="com.hivemq.cli.commands.shell.connect.ShellConnectMTlsST" time="3.232"/>
  <testcase name="[10] 5, TLSv1.2, pkcs1.des3.pem" classname="com.hivemq.cli.commands.shell.connect.ShellConnectMTlsST" time="3.334"/>
  <testcase name="[11] 5, TLSv1.2, pkcs8.aes256.pem" classname="com.hivemq.cli.commands.shell.connect.ShellConnectMTlsST" time="3.028"/>
  <testcase name="[12] 5, TLSv1.2, pkcs8.des3.pem" classname="com.hivemq.cli.commands.shell.connect.ShellConnectMTlsST" time="2.725"/>
  <testcase name="[13] 5, TLSv1.3, pkcs1.aes256.pem" classname="com.hivemq.cli.commands.shell.connect.ShellConnectMTlsST" time="2.416"/>
  <testcase name="[14] 5, TLSv1.3, pkcs1.des3.pem" classname="com.hivemq.cli.commands.shell.connect.ShellConnectMTlsST" time="2.922"/>
  <testcase name="[15] 5, TLSv1.3, pkcs8.aes256.pem" classname="com.hivemq.cli.commands.shell.connect.ShellConnectMTlsST" time="2.721"/>
  <testcase name="[16] 5, TLSv1.3, pkcs8.des3.pem" classname="com.hivemq.cli.commands.shell.connect.ShellConnectMTlsST" time="2.618"/>
  <testcase name="[1] 3, TLSv1.2, pkcs1.aes256.pem" classname="com.hivemq.cli.commands.shell.connect.ShellConnectMTlsST" time="2.825"/>
  <testcase name="[2] 3, TLSv1.2, pkcs1.des3.pem" classname="com.hivemq.cli.commands.shell.connect.ShellConnectMTlsST" time="3.131"/>
  <testcase name="[3] 3, TLSv1.2, pkcs8.aes256.pem" classname="com.hivemq.cli.commands.shell.connect.ShellConnectMTlsST" time="3.323"/>
  <testcase name="[4] 3, TLSv1.2, pkcs8.des3.pem" classname="com.hivemq.cli.commands.shell.connect.ShellConnectMTlsST" time="2.719"/>
  <testcase name="[5] 3, TLSv1.3, pkcs1.aes256.pem" classname="com.hivemq.cli.commands.shell.connect.ShellConnectMTlsST" time="2.924"/>
  <testcase name="[6] 3, TLSv1.3, pkcs1.des3.pem" classname="com.hivemq.cli.commands.shell.connect.ShellConnectMTlsST" time="2.722"/>
  <testcase name="[7] 3, TLSv1.3, pkcs8.aes256.pem" classname="com.hivemq.cli.commands.shell.connect.ShellConnectMTlsST" time="2.32"/>
  <testcase name="[8] 3, TLSv1.3, pkcs8.des3.pem" classname="com.hivemq.cli.commands.shell.connect.ShellConnectMTlsST" time="2.621"/>
  <testcase name="[9] 5, TLSv1.2, pkcs1.aes256.pem" classname="com.hivemq.cli.commands.shell.connect.ShellConnectMTlsST" time="2.522"/>
  <testcase name="[10] 5, TLSv1.2, pkcs1.des3.pem" classname="com.hivemq.cli.commands.shell.connect.ShellConnectMTlsST" time="2.316"/>
  <testcase name="[11] 5, TLSv1.2, pkcs8.aes256.pem" classname="com.hivemq.cli.commands.shell.connect.ShellConnectMTlsST" time="2.316"/>
  <testcase name="[12] 5, TLSv1.2, pkcs8.des3.pem" classname="com.hivemq.cli.commands.shell.connect.ShellConnectMTlsST" time="2.824"/>
  <testcase name="[13] 5, TLSv1.3, pkcs1.aes256.pem" classname="com.hivemq.cli.commands.shell.connect.ShellConnectMTlsST" time="3.129"/>
  <testcase name="[14] 5, TLSv1.3, pkcs1.des3.pem" classname="com.hivemq.cli.commands.shell.connect.ShellConnectMTlsST" time="2.819"/>
  <testcase name="[15] 5, TLSv1.3, pkcs8.aes256.pem" classname="com.hivemq.cli.commands.shell.connect.ShellConnectMTlsST" time="2.423"/>
  <testcase name="[16] 5, TLSv1.3, pkcs8.des3.pem" classname="com.hivemq.cli.commands.shell.connect.ShellConnectMTlsST" time="2.518"/>
  <testcase name="test_password_options_encrypted_der_private_keys_mutualTls(char, TlsVersion, String)" classname="com.hivemq.cli.commands.shell.connect.ShellConnectMTlsST" time="97.258">
    <skipped/>
  </testcase>
  <testcase name="test_encrypted_der_private_keys_mutualTls(char, TlsVersion, String)" classname="com.hivemq.cli.commands.shell.connect.ShellConnectMTlsST" time="97.256">
    <skipped/>
  </testcase>
  <testcase name="test_unencrypted_der_private_keys_mutualTls(char, TlsVersion, String)" classname="com.hivemq.cli.commands.shell.connect.ShellConnectMTlsST" time="4.217">
    <skipped/>
  </testcase>
</testsuite>
