<?xml version="1.0" encoding="UTF-8"?>
<testsuite name="com.hivemq.cli.commands.cli.publish.PublishConnectWebsocketsST" tests="2" skipped="0" failures="0" errors="0" timestamp="2026-08-11T16:36:29.545Z" hostname="runnervmzvulz" time="3.963">
  <properties/>
  <testcase name="[1] '3'" classname="com.hivemq.cli.commands.cli.publish.PublishConnectWebsocketsST" time="0.485"/>
  <testcase name="[2] '5'" classname="com.hivemq.cli.commands.cli.publish.PublishConnectWebsocketsST" time="0.25"/>
</testsuite>
