<?xml version="1.0" encoding="UTF-8"?>
<testsuite name="com.hivemq.cli.commands.cli.test_broker.TestBrokerConnectTlsST" tests="50" skipped="0" failures="0" errors="0" timestamp="2026-09-08T21:46:39.049Z" hostname="runnervmlun5p" time="61.408">
  <properties/>
  <testcase name="[1] 3, TLSv1.2, jks" classname="com.hivemq.cli.commands.cli.test_broker.TestBrokerConnectTlsST" time="1.326"/>
  <testcase name="[2] 3, TLSv1.2, p12" classname="com.hivemq.cli.commands.cli.test_broker.TestBrokerConnectTlsST" time="1.22"/>
  <testcase name="[3] 3, TLSv1.3, jks" classname="com.hivemq.cli.commands.cli.test_broker.TestBrokerConnectTlsST" time="1.221"/>
  <testcase name="[4] 3, TLSv1.3, p12" classname="com.hivemq.cli.commands.cli.test_broker.TestBrokerConnectTlsST" time="1.316"/>
  <testcase name="[5] 5, TLSv1.2, jks" classname="com.hivemq.cli.commands.cli.test_broker.TestBrokerConnectTlsST" time="1.213"/>
  <testcase name="[6] 5, TLSv1.2, p12" classname="com.hivemq.cli.commands.cli.test_broker.TestBrokerConnectTlsST" time="1.21"/>
  <testcase name="[7] 5, TLSv1.3, jks" classname="com.hivemq.cli.commands.cli.test_broker.TestBrokerConnectTlsST" time="1.212"/>
  <testcase name="[8] 5, TLSv1.3, p12" classname="com.hivemq.cli.commands.cli.test_broker.TestBrokerConnectTlsST" time="1.311"/>
  <testcase name="[1] 3, TLSv1.2" classname="com.hivemq.cli.commands.cli.test_broker.TestBrokerConnectTlsST" time="1.117"/>
  <testcase name="[2] 3, TLSv1.3" classname="com.hivemq.cli.commands.cli.test_broker.TestBrokerConnectTlsST" time="1.221"/>
  <testcase name="[3] 5, TLSv1.2" classname="com.hivemq.cli.commands.cli.test_broker.TestBrokerConnectTlsST" time="1.213"/>
  <testcase name="[4] 5, TLSv1.3" classname="com.hivemq.cli.commands.cli.test_broker.TestBrokerConnectTlsST" time="1.213"/>
  <testcase name="[1] 3, TLSv1.2, jks" classname="com.hivemq.cli.commands.cli.test_broker.TestBrokerConnectTlsST" time="1.219"/>
  <testcase name="[2] 3, TLSv1.2, p12" classname="com.hivemq.cli.commands.cli.test_broker.TestBrokerConnectTlsST" time="1.218"/>
  <testcase name="[3] 3, TLSv1.3, jks" classname="com.hivemq.cli.commands.cli.test_broker.TestBrokerConnectTlsST" time="1.216"/>
  <testcase name="[4] 3, TLSv1.3, p12" classname="com.hivemq.cli.commands.cli.test_broker.TestBrokerConnectTlsST" time="1.424"/>
  <testcase name="[5] 5, TLSv1.2, jks" classname="com.hivemq.cli.commands.cli.test_broker.TestBrokerConnectTlsST" time="1.313"/>
  <testcase name="[6] 5, TLSv1.2, p12" classname="com.hivemq.cli.commands.cli.test_broker.TestBrokerConnectTlsST" time="1.315"/>
  <testcase name="[7] 5, TLSv1.3, jks" classname="com.hivemq.cli.commands.cli.test_broker.TestBrokerConnectTlsST" time="1.211"/>
  <testcase name="[8] 5, TLSv1.3, p12" classname="com.hivemq.cli.commands.cli.test_broker.TestBrokerConnectTlsST" time="1.312"/>
  <testcase name="[1] 3, TLSv1.2" classname="com.hivemq.cli.commands.cli.test_broker.TestBrokerConnectTlsST" time="1.216"/>
  <testcase name="[2] 3, TLSv1.3" classname="com.hivemq.cli.commands.cli.test_broker.TestBrokerConnectTlsST" time="1.217"/>
  <testcase name="[3] 5, TLSv1.2" classname="com.hivemq.cli.commands.cli.test_broker.TestBrokerConnectTlsST" time="1.212"/>
  <testcase name="[4] 5, TLSv1.3" classname="com.hivemq.cli.commands.cli.test_broker.TestBrokerConnectTlsST" time="1.31"/>
  <testcase name="[1] 3, TLSv1.2" classname="com.hivemq.cli.commands.cli.test_broker.TestBrokerConnectTlsST" time="1.22"/>
  <testcase name="[2] 3, TLSv1.3" classname="com.hivemq.cli.commands.cli.test_broker.TestBrokerConnectTlsST" time="1.218"/>
  <testcase name="[3] 5, TLSv1.2" classname="com.hivemq.cli.commands.cli.test_broker.TestBrokerConnectTlsST" time="1.113"/>
  <testcase name="[4] 5, TLSv1.3" classname="com.hivemq.cli.commands.cli.test_broker.TestBrokerConnectTlsST" time="1.209"/>
  <testcase name="[1] 3, TLSv1.2, jks" classname="com.hivemq.cli.commands.cli.test_broker.TestBrokerConnectTlsST" time="1.116"/>
  <testcase name="[2] 3, TLSv1.2, p12" classname="com.hivemq.cli.commands.cli.test_broker.TestBrokerConnectTlsST" time="1.218"/>
  <testcase name="[3] 3, TLSv1.3, jks" classname="com.hivemq.cli.commands.cli.test_broker.TestBrokerConnectTlsST" time="1.317"/>
  <testcase name="[4] 3, TLSv1.3, p12" classname="com.hivemq.cli.commands.cli.test_broker.TestBrokerConnectTlsST" time="1.32"/>
  <testcase name="[5] 5, TLSv1.2, jks" classname="com.hivemq.cli.commands.cli.test_broker.TestBrokerConnectTlsST" time="1.111"/>
  <testcase name="[6] 5, TLSv1.2, p12" classname="com.hivemq.cli.commands.cli.test_broker.TestBrokerConnectTlsST" time="1.21"/>
  <testcase name="[7] 5, TLSv1.3, jks" classname="com.hivemq.cli.commands.cli.test_broker.TestBrokerConnectTlsST" time="1.21"/>
  <testcase name="[8] 5, TLSv1.3, p12" classname="com.hivemq.cli.commands.cli.test_broker.TestBrokerConnectTlsST" time="1.315"/>
  <testcase name="[1] 3, TLSv1.2" classname="com.hivemq.cli.commands.cli.test_broker.TestBrokerConnectTlsST" time="1.223"/>
  <testcase name="[2] 3, TLSv1.3" classname="com.hivemq.cli.commands.cli.test_broker.TestBrokerConnectTlsST" time="1.216"/>
  <testcase name="[3] 5, TLSv1.2" classname="com.hivemq.cli.commands.cli.test_broker.TestBrokerConnectTlsST" time="1.109"/>
  <testcase name="[4] 5, TLSv1.3" classname="com.hivemq.cli.commands.cli.test_broker.TestBrokerConnectTlsST" time="1.213"/>
  <testcase name="[1] 3, TLSv1.2" classname="com.hivemq.cli.commands.cli.test_broker.TestBrokerConnectTlsST" time="1.117"/>
  <testcase name="[2] 3, TLSv1.3" classname="com.hivemq.cli.commands.cli.test_broker.TestBrokerConnectTlsST" time="1.218"/>
  <testcase name="[3] 5, TLSv1.2" classname="com.hivemq.cli.commands.cli.test_broker.TestBrokerConnectTlsST" time="1.111"/>
  <testcase name="[4] 5, TLSv1.3" classname="com.hivemq.cli.commands.cli.test_broker.TestBrokerConnectTlsST" time="1.209"/>
  <testcase name="[1] 3, TLSv1.2" classname="com.hivemq.cli.commands.cli.test_broker.TestBrokerConnectTlsST" time="1.115"/>
  <testcase name="[2] 3, TLSv1.3" classname="com.hivemq.cli.commands.cli.test_broker.TestBrokerConnectTlsST" time="1.216"/>
  <testcase name="[3] 5, TLSv1.2" classname="com.hivemq.cli.commands.cli.test_broker.TestBrokerConnectTlsST" time="1.21"/>
  <testcase name="[4] 5, TLSv1.3" classname="com.hivemq.cli.commands.cli.test_broker.TestBrokerConnectTlsST" time="1.213"/>
  <testcase name="[1] '3'" classname="com.hivemq.cli.commands.cli.test_broker.TestBrokerConnectTlsST" time="0.93"/>
  <testcase name="[2] '5'" classname="com.hivemq.cli.commands.cli.test_broker.TestBrokerConnectTlsST" time="0.93"/>
</testsuite>
