<?xml version="1.0" encoding="UTF-8"?>
<testsuite name="com.hivemq.cli.mqtt.test.Mqtt3FeatureTesterQos0IT" tests="3" skipped="0" failures="0" errors="0" timestamp="2026-09-17T20:11:04.916Z" hostname="runnervmlun5p" time="24.939">
  <properties/>
  <testcase name="qos_1_failed()" classname="com.hivemq.cli.mqtt.test.Mqtt3FeatureTesterQos0IT" time="8.427"/>
  <testcase name="qos_0_success()" classname="com.hivemq.cli.mqtt.test.Mqtt3FeatureTesterQos0IT" time="8.343"/>
  <testcase name="qos_2_failed()" classname="com.hivemq.cli.mqtt.test.Mqtt3FeatureTesterQos0IT" time="8.159"/>
</testsuite>
