<?xml version="1.0" encoding="UTF-8"?>
<testsuite name="com.hivemq.cli.commands.shell.connect.ShellConnectWebsocketsST" tests="2" skipped="0" failures="0" errors="0" timestamp="2026-07-12T17:46:53.271Z" hostname="runnervm5mmn9" time="3.443">
  <properties/>
  <testcase name="[1] '3'" classname="com.hivemq.cli.commands.shell.connect.ShellConnectWebsocketsST" time="1.617"/>
  <testcase name="[2] '5'" classname="com.hivemq.cli.commands.shell.connect.ShellConnectWebsocketsST" time="1.616"/>
</testsuite>
