<?xml version="1.0" encoding="UTF-8"?>
<testsuite name="com.hivemq.cli.commands.cli.test_broker.TestBrokerConnectTlsST" tests="50" skipped="0" failures="0" errors="0" timestamp="2026-06-13T15:58:45.481Z" hostname="runnervm1li68" time="64.414">
  <properties/>
  <testcase name="[1] 3, TLSv1.2, jks" classname="com.hivemq.cli.commands.cli.test_broker.TestBrokerConnectTlsST" time="1.33"/>
  <testcase name="[2] 3, TLSv1.2, p12" classname="com.hivemq.cli.commands.cli.test_broker.TestBrokerConnectTlsST" time="1.326"/>
  <testcase name="[3] 3, TLSv1.3, jks" classname="com.hivemq.cli.commands.cli.test_broker.TestBrokerConnectTlsST" time="1.328"/>
  <testcase name="[4] 3, TLSv1.3, p12" classname="com.hivemq.cli.commands.cli.test_broker.TestBrokerConnectTlsST" time="1.429"/>
  <testcase name="[5] 5, TLSv1.2, jks" classname="com.hivemq.cli.commands.cli.test_broker.TestBrokerConnectTlsST" time="1.214"/>
  <testcase name="[6] 5, TLSv1.2, p12" classname="com.hivemq.cli.commands.cli.test_broker.TestBrokerConnectTlsST" time="1.315"/>
  <testcase name="[7] 5, TLSv1.3, jks" classname="com.hivemq.cli.commands.cli.test_broker.TestBrokerConnectTlsST" time="1.311"/>
  <testcase name="[8] 5, TLSv1.3, p12" classname="com.hivemq.cli.commands.cli.test_broker.TestBrokerConnectTlsST" time="1.318"/>
  <testcase name="[1] 3, TLSv1.2" classname="com.hivemq.cli.commands.cli.test_broker.TestBrokerConnectTlsST" time="1.224"/>
  <testcase name="[2] 3, TLSv1.3" classname="com.hivemq.cli.commands.cli.test_broker.TestBrokerConnectTlsST" time="1.323"/>
  <testcase name="[3] 5, TLSv1.2" classname="com.hivemq.cli.commands.cli.test_broker.TestBrokerConnectTlsST" time="1.214"/>
  <testcase name="[4] 5, TLSv1.3" classname="com.hivemq.cli.commands.cli.test_broker.TestBrokerConnectTlsST" time="1.414"/>
  <testcase name="[1] 3, TLSv1.2, jks" classname="com.hivemq.cli.commands.cli.test_broker.TestBrokerConnectTlsST" time="1.225"/>
  <testcase name="[2] 3, TLSv1.2, p12" classname="com.hivemq.cli.commands.cli.test_broker.TestBrokerConnectTlsST" time="1.326"/>
  <testcase name="[3] 3, TLSv1.3, jks" classname="com.hivemq.cli.commands.cli.test_broker.TestBrokerConnectTlsST" time="1.32"/>
  <testcase name="[4] 3, TLSv1.3, p12" classname="com.hivemq.cli.commands.cli.test_broker.TestBrokerConnectTlsST" time="1.428"/>
  <testcase name="[5] 5, TLSv1.2, jks" classname="com.hivemq.cli.commands.cli.test_broker.TestBrokerConnectTlsST" time="1.215"/>
  <testcase name="[6] 5, TLSv1.2, p12" classname="com.hivemq.cli.commands.cli.test_broker.TestBrokerConnectTlsST" time="1.317"/>
  <testcase name="[7] 5, TLSv1.3, jks" classname="com.hivemq.cli.commands.cli.test_broker.TestBrokerConnectTlsST" time="1.311"/>
  <testcase name="[8] 5, TLSv1.3, p12" classname="com.hivemq.cli.commands.cli.test_broker.TestBrokerConnectTlsST" time="1.412"/>
  <testcase name="[1] 3, TLSv1.2" classname="com.hivemq.cli.commands.cli.test_broker.TestBrokerConnectTlsST" time="1.221"/>
  <testcase name="[2] 3, TLSv1.3" classname="com.hivemq.cli.commands.cli.test_broker.TestBrokerConnectTlsST" time="1.323"/>
  <testcase name="[3] 5, TLSv1.2" classname="com.hivemq.cli.commands.cli.test_broker.TestBrokerConnectTlsST" time="1.213"/>
  <testcase name="[4] 5, TLSv1.3" classname="com.hivemq.cli.commands.cli.test_broker.TestBrokerConnectTlsST" time="1.314"/>
  <testcase name="[1] 3, TLSv1.2" classname="com.hivemq.cli.commands.cli.test_broker.TestBrokerConnectTlsST" time="1.221"/>
  <testcase name="[2] 3, TLSv1.3" classname="com.hivemq.cli.commands.cli.test_broker.TestBrokerConnectTlsST" time="1.323"/>
  <testcase name="[3] 5, TLSv1.2" classname="com.hivemq.cli.commands.cli.test_broker.TestBrokerConnectTlsST" time="1.311"/>
  <testcase name="[4] 5, TLSv1.3" classname="com.hivemq.cli.commands.cli.test_broker.TestBrokerConnectTlsST" time="1.311"/>
  <testcase name="[1] 3, TLSv1.2, jks" classname="com.hivemq.cli.commands.cli.test_broker.TestBrokerConnectTlsST" time="1.228"/>
  <testcase name="[2] 3, TLSv1.2, p12" classname="com.hivemq.cli.commands.cli.test_broker.TestBrokerConnectTlsST" time="1.326"/>
  <testcase name="[3] 3, TLSv1.3, jks" classname="com.hivemq.cli.commands.cli.test_broker.TestBrokerConnectTlsST" time="1.322"/>
  <testcase name="[4] 3, TLSv1.3, p12" classname="com.hivemq.cli.commands.cli.test_broker.TestBrokerConnectTlsST" time="1.429"/>
  <testcase name="[5] 5, TLSv1.2, jks" classname="com.hivemq.cli.commands.cli.test_broker.TestBrokerConnectTlsST" time="1.213"/>
  <testcase name="[6] 5, TLSv1.2, p12" classname="com.hivemq.cli.commands.cli.test_broker.TestBrokerConnectTlsST" time="1.319"/>
  <testcase name="[7] 5, TLSv1.3, jks" classname="com.hivemq.cli.commands.cli.test_broker.TestBrokerConnectTlsST" time="1.315"/>
  <testcase name="[8] 5, TLSv1.3, p12" classname="com.hivemq.cli.commands.cli.test_broker.TestBrokerConnectTlsST" time="1.411"/>
  <testcase name="[1] 3, TLSv1.2" classname="com.hivemq.cli.commands.cli.test_broker.TestBrokerConnectTlsST" time="1.225"/>
  <testcase name="[2] 3, TLSv1.3" classname="com.hivemq.cli.commands.cli.test_broker.TestBrokerConnectTlsST" time="1.325"/>
  <testcase name="[3] 5, TLSv1.2" classname="com.hivemq.cli.commands.cli.test_broker.TestBrokerConnectTlsST" time="1.211"/>
  <testcase name="[4] 5, TLSv1.3" classname="com.hivemq.cli.commands.cli.test_broker.TestBrokerConnectTlsST" time="1.313"/>
  <testcase name="[1] 3, TLSv1.2" classname="com.hivemq.cli.commands.cli.test_broker.TestBrokerConnectTlsST" time="1.227"/>
  <testcase name="[2] 3, TLSv1.3" classname="com.hivemq.cli.commands.cli.test_broker.TestBrokerConnectTlsST" time="1.322"/>
  <testcase name="[3] 5, TLSv1.2" classname="com.hivemq.cli.commands.cli.test_broker.TestBrokerConnectTlsST" time="1.213"/>
  <testcase name="[4] 5, TLSv1.3" classname="com.hivemq.cli.commands.cli.test_broker.TestBrokerConnectTlsST" time="1.317"/>
  <testcase name="[1] 3, TLSv1.2" classname="com.hivemq.cli.commands.cli.test_broker.TestBrokerConnectTlsST" time="1.226"/>
  <testcase name="[2] 3, TLSv1.3" classname="com.hivemq.cli.commands.cli.test_broker.TestBrokerConnectTlsST" time="1.234"/>
  <testcase name="[3] 5, TLSv1.2" classname="com.hivemq.cli.commands.cli.test_broker.TestBrokerConnectTlsST" time="1.214"/>
  <testcase name="[4] 5, TLSv1.3" classname="com.hivemq.cli.commands.cli.test_broker.TestBrokerConnectTlsST" time="1.314"/>
  <testcase name="[1] '3'" classname="com.hivemq.cli.commands.cli.test_broker.TestBrokerConnectTlsST" time="0.94"/>
  <testcase name="[2] '5'" classname="com.hivemq.cli.commands.cli.test_broker.TestBrokerConnectTlsST" time="0.952"/>
</testsuite>
