<?xml version="1.0" encoding="UTF-8"?>
<testsuite name="com.hivemq.cli.commands.cli.publish.PublishST" tests="26" skipped="0" failures="0" errors="0" timestamp="2026-05-05T09:49:46.954Z" hostname="runnervmeorf1" time="27.745">
  <properties/>
  <testcase name="[1] '3'" classname="com.hivemq.cli.commands.cli.publish.PublishST" time="1.122"/>
  <testcase name="[2] '5'" classname="com.hivemq.cli.commands.cli.publish.PublishST" time="1.026"/>
  <testcase name="test_publish_missing_message()" classname="com.hivemq.cli.commands.cli.publish.PublishST" time="0.591"/>
  <testcase name="[1] '3'" classname="com.hivemq.cli.commands.cli.publish.PublishST" time="1.098"/>
  <testcase name="[2] '5'" classname="com.hivemq.cli.commands.cli.publish.PublishST" time="1.102"/>
  <testcase name="[1] '3'" classname="com.hivemq.cli.commands.cli.publish.PublishST" time="1.135"/>
  <testcase name="[2] '5'" classname="com.hivemq.cli.commands.cli.publish.PublishST" time="1.087"/>
  <testcase name="[1] '3'" classname="com.hivemq.cli.commands.cli.publish.PublishST" time="0.988"/>
  <testcase name="[2] '5'" classname="com.hivemq.cli.commands.cli.publish.PublishST" time="0.968"/>
  <testcase name="[1] '3'" classname="com.hivemq.cli.commands.cli.publish.PublishST" time="1.011"/>
  <testcase name="[2] '5'" classname="com.hivemq.cli.commands.cli.publish.PublishST" time="0.995"/>
  <testcase name="[1] '3'" classname="com.hivemq.cli.commands.cli.publish.PublishST" time="0.99"/>
  <testcase name="[2] '5'" classname="com.hivemq.cli.commands.cli.publish.PublishST" time="0.998"/>
  <testcase name="[1] '3'" classname="com.hivemq.cli.commands.cli.publish.PublishST" time="1.001"/>
  <testcase name="[2] '5'" classname="com.hivemq.cli.commands.cli.publish.PublishST" time="1.011"/>
  <testcase name="[1] '3'" classname="com.hivemq.cli.commands.cli.publish.PublishST" time="0.966"/>
  <testcase name="[2] '5'" classname="com.hivemq.cli.commands.cli.publish.PublishST" time="0.987"/>
  <testcase name="[1] '3'" classname="com.hivemq.cli.commands.cli.publish.PublishST" time="1.008"/>
  <testcase name="[2] '5'" classname="com.hivemq.cli.commands.cli.publish.PublishST" time="0.994"/>
  <testcase name="test_publish_missing_topic()" classname="com.hivemq.cli.commands.cli.publish.PublishST" time="0.592"/>
  <testcase name="[1] '3'" classname="com.hivemq.cli.commands.cli.publish.PublishST" time="1.114"/>
  <testcase name="[2] '5'" classname="com.hivemq.cli.commands.cli.publish.PublishST" time="1.117"/>
  <testcase name="[1] '3'" classname="com.hivemq.cli.commands.cli.publish.PublishST" time="0.999"/>
  <testcase name="[2] '5'" classname="com.hivemq.cli.commands.cli.publish.PublishST" time="0.965"/>
  <testcase name="[1] '3'" classname="com.hivemq.cli.commands.cli.publish.PublishST" time="0.98"/>
  <testcase name="[2] '5'" classname="com.hivemq.cli.commands.cli.publish.PublishST" time="0.983"/>
</testsuite>
