<?xml version="1.0" encoding="UTF-8"?>
<testsuite name="com.hivemq.cli.commands.cli.publish.PublishST" tests="26" skipped="0" failures="0" errors="0" timestamp="2026-04-09T16:30:39.307Z" hostname="runnervm727z3" time="6.29">
  <properties/>
  <testcase name="[1] '3'" classname="com.hivemq.cli.commands.cli.publish.PublishST" time="0.315"/>
  <testcase name="[2] '5'" classname="com.hivemq.cli.commands.cli.publish.PublishST" time="0.154"/>
  <testcase name="test_publish_missing_message()" classname="com.hivemq.cli.commands.cli.publish.PublishST" time="0.031"/>
  <testcase name="[1] '3'" classname="com.hivemq.cli.commands.cli.publish.PublishST" time="0.25"/>
  <testcase name="[2] '5'" classname="com.hivemq.cli.commands.cli.publish.PublishST" time="0.248"/>
  <testcase name="[1] '3'" classname="com.hivemq.cli.commands.cli.publish.PublishST" time="0.248"/>
  <testcase name="[2] '5'" classname="com.hivemq.cli.commands.cli.publish.PublishST" time="0.248"/>
  <testcase name="[1] '3'" classname="com.hivemq.cli.commands.cli.publish.PublishST" time="0.149"/>
  <testcase name="[2] '5'" classname="com.hivemq.cli.commands.cli.publish.PublishST" time="0.147"/>
  <testcase name="[1] '3'" classname="com.hivemq.cli.commands.cli.publish.PublishST" time="0.151"/>
  <testcase name="[2] '5'" classname="com.hivemq.cli.commands.cli.publish.PublishST" time="0.144"/>
  <testcase name="[1] '3'" classname="com.hivemq.cli.commands.cli.publish.PublishST" time="0.144"/>
  <testcase name="[2] '5'" classname="com.hivemq.cli.commands.cli.publish.PublishST" time="0.143"/>
  <testcase name="[1] '3'" classname="com.hivemq.cli.commands.cli.publish.PublishST" time="0.145"/>
  <testcase name="[2] '5'" classname="com.hivemq.cli.commands.cli.publish.PublishST" time="0.143"/>
  <testcase name="[1] '3'" classname="com.hivemq.cli.commands.cli.publish.PublishST" time="0.143"/>
  <testcase name="[2] '5'" classname="com.hivemq.cli.commands.cli.publish.PublishST" time="0.143"/>
  <testcase name="[1] '3'" classname="com.hivemq.cli.commands.cli.publish.PublishST" time="0.144"/>
  <testcase name="[2] '5'" classname="com.hivemq.cli.commands.cli.publish.PublishST" time="0.148"/>
  <testcase name="test_publish_missing_topic()" classname="com.hivemq.cli.commands.cli.publish.PublishST" time="0.031"/>
  <testcase name="[1] '3'" classname="com.hivemq.cli.commands.cli.publish.PublishST" time="0.251"/>
  <testcase name="[2] '5'" classname="com.hivemq.cli.commands.cli.publish.PublishST" time="0.248"/>
  <testcase name="[1] '3'" classname="com.hivemq.cli.commands.cli.publish.PublishST" time="0.143"/>
  <testcase name="[2] '5'" classname="com.hivemq.cli.commands.cli.publish.PublishST" time="0.146"/>
  <testcase name="[1] '3'" classname="com.hivemq.cli.commands.cli.publish.PublishST" time="0.142"/>
  <testcase name="[2] '5'" classname="com.hivemq.cli.commands.cli.publish.PublishST" time="0.144"/>
</testsuite>
