<?xml version="1.0" encoding="UTF-8"?>
<testsuite name="com.hivemq.cli.commands.shell.ShellUnsubscribeST" tests="9" skipped="0" failures="0" errors="0" timestamp="2026-08-05T11:52:00.934Z" hostname="runnervmvrwv9" time="9.658">
  <properties/>
  <testcase name="test_UnsubscribeWhileNotConnected()" classname="com.hivemq.cli.commands.shell.ShellUnsubscribeST" time="0.309"/>
  <testcase name="[1] '3'" classname="com.hivemq.cli.commands.shell.ShellUnsubscribeST" time="1.419"/>
  <testcase name="[2] '5'" classname="com.hivemq.cli.commands.shell.ShellUnsubscribeST" time="1.419"/>
  <testcase name="[1] '3'" classname="com.hivemq.cli.commands.shell.ShellUnsubscribeST" time="1.014"/>
  <testcase name="[2] '5'" classname="com.hivemq.cli.commands.shell.ShellUnsubscribeST" time="1.015"/>
  <testcase name="[1] '3'" classname="com.hivemq.cli.commands.shell.ShellUnsubscribeST" time="1.012"/>
  <testcase name="[2] '5'" classname="com.hivemq.cli.commands.shell.ShellUnsubscribeST" time="1.013"/>
  <testcase name="[1] '3'" classname="com.hivemq.cli.commands.shell.ShellUnsubscribeST" time="1.215"/>
  <testcase name="[2] '5'" classname="com.hivemq.cli.commands.shell.ShellUnsubscribeST" time="1.013"/>
</testsuite>
