<?xml version="1.0" encoding="UTF-8"?>
<testsuite name="com.hivemq.cli.commands.cli.subscribe.SubscribeConnectMTlsST" tests="92" skipped="4" failures="0" errors="0" timestamp="2026-02-09T14:56:55" hostname="runnervmwffz4" time="159.851">
  <properties/>
  <testcase name="[1] 3, TLSv1.2, jks" classname="com.hivemq.cli.commands.cli.subscribe.SubscribeConnectMTlsST" time="1.981"/>
  <testcase name="[2] 3, TLSv1.2, p12" classname="com.hivemq.cli.commands.cli.subscribe.SubscribeConnectMTlsST" time="1.626"/>
  <testcase name="[3] 3, TLSv1.3, jks" classname="com.hivemq.cli.commands.cli.subscribe.SubscribeConnectMTlsST" time="1.724"/>
  <testcase name="[4] 3, TLSv1.3, p12" classname="com.hivemq.cli.commands.cli.subscribe.SubscribeConnectMTlsST" time="1.726"/>
  <testcase name="[5] 5, TLSv1.2, jks" classname="com.hivemq.cli.commands.cli.subscribe.SubscribeConnectMTlsST" time="1.623"/>
  <testcase name="[6] 5, TLSv1.2, p12" classname="com.hivemq.cli.commands.cli.subscribe.SubscribeConnectMTlsST" time="1.625"/>
  <testcase name="[7] 5, TLSv1.3, jks" classname="com.hivemq.cli.commands.cli.subscribe.SubscribeConnectMTlsST" time="1.726"/>
  <testcase name="[8] 5, TLSv1.3, p12" classname="com.hivemq.cli.commands.cli.subscribe.SubscribeConnectMTlsST" time="1.729"/>
  <testcase name="[1] 3, TLSv1.2, jks" classname="com.hivemq.cli.commands.cli.subscribe.SubscribeConnectMTlsST" time="1.522"/>
  <testcase name="[2] 3, TLSv1.2, p12" classname="com.hivemq.cli.commands.cli.subscribe.SubscribeConnectMTlsST" time="1.629"/>
  <testcase name="[3] 3, TLSv1.3, jks" classname="com.hivemq.cli.commands.cli.subscribe.SubscribeConnectMTlsST" time="1.63"/>
  <testcase name="[4] 3, TLSv1.3, p12" classname="com.hivemq.cli.commands.cli.subscribe.SubscribeConnectMTlsST" time="1.727"/>
  <testcase name="[5] 5, TLSv1.2, jks" classname="com.hivemq.cli.commands.cli.subscribe.SubscribeConnectMTlsST" time="1.528"/>
  <testcase name="[6] 5, TLSv1.2, p12" classname="com.hivemq.cli.commands.cli.subscribe.SubscribeConnectMTlsST" time="1.624"/>
  <testcase name="[7] 5, TLSv1.3, jks" classname="com.hivemq.cli.commands.cli.subscribe.SubscribeConnectMTlsST" time="1.623"/>
  <testcase name="[8] 5, TLSv1.3, p12" classname="com.hivemq.cli.commands.cli.subscribe.SubscribeConnectMTlsST" time="1.727"/>
  <testcase name="[1] 3, TLSv1.2, jks" classname="com.hivemq.cli.commands.cli.subscribe.SubscribeConnectMTlsST" time="1.423"/>
  <testcase name="[2] 3, TLSv1.2, p12" classname="com.hivemq.cli.commands.cli.subscribe.SubscribeConnectMTlsST" time="1.524"/>
  <testcase name="[3] 3, TLSv1.3, jks" classname="com.hivemq.cli.commands.cli.subscribe.SubscribeConnectMTlsST" time="1.525"/>
  <testcase name="[4] 3, TLSv1.3, p12" classname="com.hivemq.cli.commands.cli.subscribe.SubscribeConnectMTlsST" time="1.623"/>
  <testcase name="[5] 5, TLSv1.2, jks" classname="com.hivemq.cli.commands.cli.subscribe.SubscribeConnectMTlsST" time="1.322"/>
  <testcase name="[6] 5, TLSv1.2, p12" classname="com.hivemq.cli.commands.cli.subscribe.SubscribeConnectMTlsST" time="1.526"/>
  <testcase name="[7] 5, TLSv1.3, jks" classname="com.hivemq.cli.commands.cli.subscribe.SubscribeConnectMTlsST" time="1.426"/>
  <testcase name="[8] 5, TLSv1.3, p12" classname="com.hivemq.cli.commands.cli.subscribe.SubscribeConnectMTlsST" time="1.527"/>
  <testcase name="[1] 3, TLSv1.2, pkcs1.unencrypted.pem" classname="com.hivemq.cli.commands.cli.subscribe.SubscribeConnectMTlsST" time="1.831"/>
  <testcase name="[2] 3, TLSv1.2, pkcs8.unencrypted.pem" classname="com.hivemq.cli.commands.cli.subscribe.SubscribeConnectMTlsST" time="1.735"/>
  <testcase name="[3] 3, TLSv1.3, pkcs1.unencrypted.pem" classname="com.hivemq.cli.commands.cli.subscribe.SubscribeConnectMTlsST" time="1.925"/>
  <testcase name="[4] 3, TLSv1.3, pkcs8.unencrypted.pem" classname="com.hivemq.cli.commands.cli.subscribe.SubscribeConnectMTlsST" time="1.824"/>
  <testcase name="[5] 5, TLSv1.2, pkcs1.unencrypted.pem" classname="com.hivemq.cli.commands.cli.subscribe.SubscribeConnectMTlsST" time="1.825"/>
  <testcase name="[6] 5, TLSv1.2, pkcs8.unencrypted.pem" classname="com.hivemq.cli.commands.cli.subscribe.SubscribeConnectMTlsST" time="1.826"/>
  <testcase name="[7] 5, TLSv1.3, pkcs1.unencrypted.pem" classname="com.hivemq.cli.commands.cli.subscribe.SubscribeConnectMTlsST" time="1.933"/>
  <testcase name="[8] 5, TLSv1.3, pkcs8.unencrypted.pem" classname="com.hivemq.cli.commands.cli.subscribe.SubscribeConnectMTlsST" time="1.93"/>
  <testcase name="[1] 3, TLSv1.2, pkcs1.aes256.pem" classname="com.hivemq.cli.commands.cli.subscribe.SubscribeConnectMTlsST" time="1.925"/>
  <testcase name="[2] 3, TLSv1.2, pkcs1.des3.pem" classname="com.hivemq.cli.commands.cli.subscribe.SubscribeConnectMTlsST" time="1.83"/>
  <testcase name="[3] 3, TLSv1.2, pkcs8.aes256.pem" classname="com.hivemq.cli.commands.cli.subscribe.SubscribeConnectMTlsST" time="1.923"/>
  <testcase name="[4] 3, TLSv1.2, pkcs8.des3.pem" classname="com.hivemq.cli.commands.cli.subscribe.SubscribeConnectMTlsST" time="1.932"/>
  <testcase name="[5] 3, TLSv1.3, pkcs1.aes256.pem" classname="com.hivemq.cli.commands.cli.subscribe.SubscribeConnectMTlsST" time="1.831"/>
  <testcase name="[6] 3, TLSv1.3, pkcs1.des3.pem" classname="com.hivemq.cli.commands.cli.subscribe.SubscribeConnectMTlsST" time="1.926"/>
  <testcase name="[7] 3, TLSv1.3, pkcs8.aes256.pem" classname="com.hivemq.cli.commands.cli.subscribe.SubscribeConnectMTlsST" time="1.926"/>
  <testcase name="[8] 3, TLSv1.3, pkcs8.des3.pem" classname="com.hivemq.cli.commands.cli.subscribe.SubscribeConnectMTlsST" time="1.927"/>
  <testcase name="[9] 5, TLSv1.2, pkcs1.aes256.pem" classname="com.hivemq.cli.commands.cli.subscribe.SubscribeConnectMTlsST" time="1.73"/>
  <testcase name="[10] 5, TLSv1.2, pkcs1.des3.pem" classname="com.hivemq.cli.commands.cli.subscribe.SubscribeConnectMTlsST" time="1.824"/>
  <testcase name="[11] 5, TLSv1.2, pkcs8.aes256.pem" classname="com.hivemq.cli.commands.cli.subscribe.SubscribeConnectMTlsST" time="1.827"/>
  <testcase name="[12] 5, TLSv1.2, pkcs8.des3.pem" classname="com.hivemq.cli.commands.cli.subscribe.SubscribeConnectMTlsST" time="1.727"/>
  <testcase name="[13] 5, TLSv1.3, pkcs1.aes256.pem" classname="com.hivemq.cli.commands.cli.subscribe.SubscribeConnectMTlsST" time="1.724"/>
  <testcase name="[14] 5, TLSv1.3, pkcs1.des3.pem" classname="com.hivemq.cli.commands.cli.subscribe.SubscribeConnectMTlsST" time="1.926"/>
  <testcase name="[15] 5, TLSv1.3, pkcs8.aes256.pem" classname="com.hivemq.cli.commands.cli.subscribe.SubscribeConnectMTlsST" time="1.924"/>
  <testcase name="[16] 5, TLSv1.3, pkcs8.des3.pem" classname="com.hivemq.cli.commands.cli.subscribe.SubscribeConnectMTlsST" time="1.927"/>
  <testcase name="[1] 3, TLSv1.2, jks" classname="com.hivemq.cli.commands.cli.subscribe.SubscribeConnectMTlsST" time="1.421"/>
  <testcase name="[2] 3, TLSv1.2, p12" classname="com.hivemq.cli.commands.cli.subscribe.SubscribeConnectMTlsST" time="1.526"/>
  <testcase name="[3] 3, TLSv1.3, jks" classname="com.hivemq.cli.commands.cli.subscribe.SubscribeConnectMTlsST" time="1.422"/>
  <testcase name="[4] 3, TLSv1.3, p12" classname="com.hivemq.cli.commands.cli.subscribe.SubscribeConnectMTlsST" time="1.522"/>
  <testcase name="[5] 5, TLSv1.2, jks" classname="com.hivemq.cli.commands.cli.subscribe.SubscribeConnectMTlsST" time="1.318"/>
  <testcase name="[6] 5, TLSv1.2, p12" classname="com.hivemq.cli.commands.cli.subscribe.SubscribeConnectMTlsST" time="1.52"/>
  <testcase name="[7] 5, TLSv1.3, jks" classname="com.hivemq.cli.commands.cli.subscribe.SubscribeConnectMTlsST" time="1.42"/>
  <testcase name="[8] 5, TLSv1.3, p12" classname="com.hivemq.cli.commands.cli.subscribe.SubscribeConnectMTlsST" time="1.528"/>
  <testcase name="[1] 3, TLSv1.2, pkcs1.aes256.pem" classname="com.hivemq.cli.commands.cli.subscribe.SubscribeConnectMTlsST" time="1.829"/>
  <testcase name="[2] 3, TLSv1.2, pkcs1.des3.pem" classname="com.hivemq.cli.commands.cli.subscribe.SubscribeConnectMTlsST" time="1.823"/>
  <testcase name="[3] 3, TLSv1.2, pkcs8.aes256.pem" classname="com.hivemq.cli.commands.cli.subscribe.SubscribeConnectMTlsST" time="1.821"/>
  <testcase name="[4] 3, TLSv1.2, pkcs8.des3.pem" classname="com.hivemq.cli.commands.cli.subscribe.SubscribeConnectMTlsST" time="1.82"/>
  <testcase name="[5] 3, TLSv1.3, pkcs1.aes256.pem" classname="com.hivemq.cli.commands.cli.subscribe.SubscribeConnectMTlsST" time="1.925"/>
  <testcase name="[6] 3, TLSv1.3, pkcs1.des3.pem" classname="com.hivemq.cli.commands.cli.subscribe.SubscribeConnectMTlsST" time="1.826"/>
  <testcase name="[7] 3, TLSv1.3, pkcs8.aes256.pem" classname="com.hivemq.cli.commands.cli.subscribe.SubscribeConnectMTlsST" time="1.825"/>
  <testcase name="[8] 3, TLSv1.3, pkcs8.des3.pem" classname="com.hivemq.cli.commands.cli.subscribe.SubscribeConnectMTlsST" time="1.824"/>
  <testcase name="[9] 5, TLSv1.2, pkcs1.aes256.pem" classname="com.hivemq.cli.commands.cli.subscribe.SubscribeConnectMTlsST" time="1.827"/>
  <testcase name="[10] 5, TLSv1.2, pkcs1.des3.pem" classname="com.hivemq.cli.commands.cli.subscribe.SubscribeConnectMTlsST" time="1.824"/>
  <testcase name="[11] 5, TLSv1.2, pkcs8.aes256.pem" classname="com.hivemq.cli.commands.cli.subscribe.SubscribeConnectMTlsST" time="1.924"/>
  <testcase name="[12] 5, TLSv1.2, pkcs8.des3.pem" classname="com.hivemq.cli.commands.cli.subscribe.SubscribeConnectMTlsST" time="1.824"/>
  <testcase name="[13] 5, TLSv1.3, pkcs1.aes256.pem" classname="com.hivemq.cli.commands.cli.subscribe.SubscribeConnectMTlsST" time="1.921"/>
  <testcase name="[14] 5, TLSv1.3, pkcs1.des3.pem" classname="com.hivemq.cli.commands.cli.subscribe.SubscribeConnectMTlsST" time="1.924"/>
  <testcase name="[15] 5, TLSv1.3, pkcs8.aes256.pem" classname="com.hivemq.cli.commands.cli.subscribe.SubscribeConnectMTlsST" time="1.926"/>
  <testcase name="[16] 5, TLSv1.3, pkcs8.des3.pem" classname="com.hivemq.cli.commands.cli.subscribe.SubscribeConnectMTlsST" time="1.925"/>
  <testcase name="[1] 3, TLSv1.2, pkcs1.aes256.pem" classname="com.hivemq.cli.commands.cli.subscribe.SubscribeConnectMTlsST" time="1.924"/>
  <testcase name="[2] 3, TLSv1.2, pkcs1.des3.pem" classname="com.hivemq.cli.commands.cli.subscribe.SubscribeConnectMTlsST" time="1.727"/>
  <testcase name="[3] 3, TLSv1.2, pkcs8.aes256.pem" classname="com.hivemq.cli.commands.cli.subscribe.SubscribeConnectMTlsST" time="1.928"/>
  <testcase name="[4] 3, TLSv1.2, pkcs8.des3.pem" classname="com.hivemq.cli.commands.cli.subscribe.SubscribeConnectMTlsST" time="1.921"/>
  <testcase name="[5] 3, TLSv1.3, pkcs1.aes256.pem" classname="com.hivemq.cli.commands.cli.subscribe.SubscribeConnectMTlsST" time="1.829"/>
  <testcase name="[6] 3, TLSv1.3, pkcs1.des3.pem" classname="com.hivemq.cli.commands.cli.subscribe.SubscribeConnectMTlsST" time="1.827"/>
  <testcase name="[7] 3, TLSv1.3, pkcs8.aes256.pem" classname="com.hivemq.cli.commands.cli.subscribe.SubscribeConnectMTlsST" time="2.023"/>
  <testcase name="[8] 3, TLSv1.3, pkcs8.des3.pem" classname="com.hivemq.cli.commands.cli.subscribe.SubscribeConnectMTlsST" time="2.023"/>
  <testcase name="[9] 5, TLSv1.2, pkcs1.aes256.pem" classname="com.hivemq.cli.commands.cli.subscribe.SubscribeConnectMTlsST" time="1.925"/>
  <testcase name="[10] 5, TLSv1.2, pkcs1.des3.pem" classname="com.hivemq.cli.commands.cli.subscribe.SubscribeConnectMTlsST" time="1.725"/>
  <testcase name="[11] 5, TLSv1.2, pkcs8.aes256.pem" classname="com.hivemq.cli.commands.cli.subscribe.SubscribeConnectMTlsST" time="1.925"/>
  <testcase name="[12] 5, TLSv1.2, pkcs8.des3.pem" classname="com.hivemq.cli.commands.cli.subscribe.SubscribeConnectMTlsST" time="1.925"/>
  <testcase name="[13] 5, TLSv1.3, pkcs1.aes256.pem" classname="com.hivemq.cli.commands.cli.subscribe.SubscribeConnectMTlsST" time="1.927"/>
  <testcase name="[14] 5, TLSv1.3, pkcs1.des3.pem" classname="com.hivemq.cli.commands.cli.subscribe.SubscribeConnectMTlsST" time="2.029"/>
  <testcase name="[15] 5, TLSv1.3, pkcs8.aes256.pem" classname="com.hivemq.cli.commands.cli.subscribe.SubscribeConnectMTlsST" time="2.029"/>
  <testcase name="[16] 5, TLSv1.3, pkcs8.des3.pem" classname="com.hivemq.cli.commands.cli.subscribe.SubscribeConnectMTlsST" time="2.026"/>
  <testcase name="test_encrypted_der_private_keys_mutualTls(char, TlsVersion, String)" classname="com.hivemq.cli.commands.cli.subscribe.SubscribeConnectMTlsST" time="64.763">
    <skipped/>
  </testcase>
  <testcase name="test_password_options_encrypted_der_private_keys_mutualTls(char, TlsVersion, String)" classname="com.hivemq.cli.commands.cli.subscribe.SubscribeConnectMTlsST" time="64.764">
    <skipped/>
  </testcase>
  <testcase name="test_unencrypted_der_private_keys_mutualTls(char, TlsVersion, String)" classname="com.hivemq.cli.commands.cli.subscribe.SubscribeConnectMTlsST" time="4.224">
    <skipped/>
  </testcase>
  <testcase name="test_properties_encrypted_der_private_keys_mutualTls(char, TlsVersion, String)" classname="com.hivemq.cli.commands.cli.subscribe.SubscribeConnectMTlsST" time="146.077">
    <skipped/>
  </testcase>
</testsuite>
