<?xml version="1.0" encoding="UTF-8"?>
<testsuite name="com.hivemq.cli.commands.shell.ShellDisconnectST" tests="13" skipped="0" failures="0" errors="0" timestamp="2026-03-27T12:03:13" hostname="runnervmrg6be" time="13.618">
  <properties/>
  <testcase name="[1] '3'" classname="com.hivemq.cli.commands.shell.ShellDisconnectST" time="2.432"/>
  <testcase name="[2] '5'" classname="com.hivemq.cli.commands.shell.ShellDisconnectST" time="2.324"/>
  <testcase name="[1] '3'" classname="com.hivemq.cli.commands.shell.ShellDisconnectST" time="0.41"/>
  <testcase name="[2] '5'" classname="com.hivemq.cli.commands.shell.ShellDisconnectST" time="0.41"/>
  <testcase name="[1] '3'" classname="com.hivemq.cli.commands.shell.ShellDisconnectST" time="0.914"/>
  <testcase name="[2] '5'" classname="com.hivemq.cli.commands.shell.ShellDisconnectST" time="0.914"/>
  <testcase name="test_notConnectedDisconnect()" classname="com.hivemq.cli.commands.shell.ShellDisconnectST" time="0.308"/>
  <testcase name="[1] '3'" classname="com.hivemq.cli.commands.shell.ShellDisconnectST" time="1.015"/>
  <testcase name="[2] '5'" classname="com.hivemq.cli.commands.shell.ShellDisconnectST" time="1.014"/>
  <testcase name="[1] '3'" classname="com.hivemq.cli.commands.shell.ShellDisconnectST" time="1.014"/>
  <testcase name="[2] '5'" classname="com.hivemq.cli.commands.shell.ShellDisconnectST" time="0.917"/>
  <testcase name="[1] '3'" classname="com.hivemq.cli.commands.shell.ShellDisconnectST" time="1.014"/>
  <testcase name="[2] '5'" classname="com.hivemq.cli.commands.shell.ShellDisconnectST" time="0.914"/>
</testsuite>
