<?xml version="1.0" encoding="UTF-8"?>
<testsuite name="com.hivemq.cli.commands.cli.subscribe.SubscribeConnectWebsocketsST" tests="2" skipped="0" failures="0" errors="0" timestamp="2026-06-16T13:37:45.691Z" hostname="runnervm1li68" time="2.611">
  <properties/>
  <testcase name="[1] '3'" classname="com.hivemq.cli.commands.cli.subscribe.SubscribeConnectWebsocketsST" time="1.226"/>
  <testcase name="[2] '5'" classname="com.hivemq.cli.commands.cli.subscribe.SubscribeConnectWebsocketsST" time="1.123"/>
</testsuite>
