<?xml version="1.0" encoding="UTF-8"?>
<testsuite name="com.hivemq.cli.commands.shell.connect.ShellConnectEnvST" tests="4" skipped="0" failures="0" errors="0" timestamp="2026-09-05T08:43:49.826Z" hostname="runnervmejwal" time="2.305">
  <properties/>
  <testcase name="[1] '3'" classname="com.hivemq.cli.commands.shell.connect.ShellConnectEnvST" time="0.514"/>
  <testcase name="[2] '5'" classname="com.hivemq.cli.commands.shell.connect.ShellConnectEnvST" time="0.51"/>
  <testcase name="[1] '3'" classname="com.hivemq.cli.commands.shell.connect.ShellConnectEnvST" time="0.511"/>
  <testcase name="[2] '5'" classname="com.hivemq.cli.commands.shell.connect.ShellConnectEnvST" time="0.51"/>
</testsuite>
