<?xml version="1.0" encoding="UTF-8"?>
<testsuite name="com.hivemq.cli.mqtt.test.Mqtt5FeatureTesterQos1IT" tests="3" skipped="0" failures="0" errors="0" timestamp="2026-07-16T20:40:26.260Z" hostname="runnervm3jd5f" time="29.073">
  <properties/>
  <testcase name="qos_1_success()" classname="com.hivemq.cli.mqtt.test.Mqtt5FeatureTesterQos1IT" time="8.812"/>
  <testcase name="qos_0_success()" classname="com.hivemq.cli.mqtt.test.Mqtt5FeatureTesterQos1IT" time="8.597"/>
  <testcase name="qos_2_failed()" classname="com.hivemq.cli.mqtt.test.Mqtt5FeatureTesterQos1IT" time="11.661"/>
</testsuite>
