<?xml version="1.0" encoding="UTF-8"?>
<testsuite name="com.hivemq.cli.commands.cli.test_broker.TestBrokerST" tests="8" skipped="0" failures="0" errors="0" timestamp="2026-02-08T05:39:53" hostname="runnervmwffz4" time="12.384">
  <properties/>
  <testcase name="[1] '3'" classname="com.hivemq.cli.commands.cli.test_broker.TestBrokerST" time="1.953"/>
  <testcase name="[2] '5'" classname="com.hivemq.cli.commands.cli.test_broker.TestBrokerST" time="1.079"/>
  <testcase name="[1] '3'" classname="com.hivemq.cli.commands.cli.test_broker.TestBrokerST" time="1.818"/>
  <testcase name="[2] '5'" classname="com.hivemq.cli.commands.cli.test_broker.TestBrokerST" time="1.831"/>
  <testcase name="[1] '3'" classname="com.hivemq.cli.commands.cli.test_broker.TestBrokerST" time="1.779"/>
  <testcase name="[2] '5'" classname="com.hivemq.cli.commands.cli.test_broker.TestBrokerST" time="1.079"/>
  <testcase name="[1] '3'" classname="com.hivemq.cli.commands.cli.test_broker.TestBrokerST" time="1.763"/>
  <testcase name="[2] '5'" classname="com.hivemq.cli.commands.cli.test_broker.TestBrokerST" time="1.076"/>
</testsuite>
