<?xml version="1.0" encoding="UTF-8"?>
<testsuite name="com.hivemq.cli.commands.shell.ShellUnsubscribeST" tests="9" skipped="0" failures="0" errors="0" timestamp="2026-09-10T05:46:31.039Z" hostname="runnervmlun5p" time="20.303">
  <properties/>
  <testcase name="test_UnsubscribeWhileNotConnected()" classname="com.hivemq.cli.commands.shell.ShellUnsubscribeST" time="1.315"/>
  <testcase name="[1] '3'" classname="com.hivemq.cli.commands.shell.ShellUnsubscribeST" time="2.624"/>
  <testcase name="[2] '5'" classname="com.hivemq.cli.commands.shell.ShellUnsubscribeST" time="2.621"/>
  <testcase name="[1] '3'" classname="com.hivemq.cli.commands.shell.ShellUnsubscribeST" time="2.22"/>
  <testcase name="[2] '5'" classname="com.hivemq.cli.commands.shell.ShellUnsubscribeST" time="2.223"/>
  <testcase name="[1] '3'" classname="com.hivemq.cli.commands.shell.ShellUnsubscribeST" time="2.221"/>
  <testcase name="[2] '5'" classname="com.hivemq.cli.commands.shell.ShellUnsubscribeST" time="2.222"/>
  <testcase name="[1] '3'" classname="com.hivemq.cli.commands.shell.ShellUnsubscribeST" time="2.42"/>
  <testcase name="[2] '5'" classname="com.hivemq.cli.commands.shell.ShellUnsubscribeST" time="2.221"/>
</testsuite>
