<?xml version="1.0" encoding="UTF-8"?>
<testsuite name="com.hivemq.cli.commands.cli.publish.PublishConnectTlsST" tests="50" skipped="0" failures="0" errors="0" timestamp="2026-05-05T09:49:36.320Z" hostname="runnervmeorf1" time="57.906">
  <properties/>
  <testcase name="[1] 3, TLSv1.2" classname="com.hivemq.cli.commands.cli.publish.PublishConnectTlsST" time="1.155"/>
  <testcase name="[2] 3, TLSv1.3" classname="com.hivemq.cli.commands.cli.publish.PublishConnectTlsST" time="1.112"/>
  <testcase name="[3] 5, TLSv1.2" classname="com.hivemq.cli.commands.cli.publish.PublishConnectTlsST" time="1.11"/>
  <testcase name="[4] 5, TLSv1.3" classname="com.hivemq.cli.commands.cli.publish.PublishConnectTlsST" time="1.11"/>
  <testcase name="[1] 3, TLSv1.2, jks" classname="com.hivemq.cli.commands.cli.publish.PublishConnectTlsST" time="1.115"/>
  <testcase name="[2] 3, TLSv1.2, p12" classname="com.hivemq.cli.commands.cli.publish.PublishConnectTlsST" time="1.416"/>
  <testcase name="[3] 3, TLSv1.3, jks" classname="com.hivemq.cli.commands.cli.publish.PublishConnectTlsST" time="1.21"/>
  <testcase name="[4] 3, TLSv1.3, p12" classname="com.hivemq.cli.commands.cli.publish.PublishConnectTlsST" time="1.211"/>
  <testcase name="[5] 5, TLSv1.2, jks" classname="com.hivemq.cli.commands.cli.publish.PublishConnectTlsST" time="1.111"/>
  <testcase name="[6] 5, TLSv1.2, p12" classname="com.hivemq.cli.commands.cli.publish.PublishConnectTlsST" time="1.212"/>
  <testcase name="[7] 5, TLSv1.3, jks" classname="com.hivemq.cli.commands.cli.publish.PublishConnectTlsST" time="1.315"/>
  <testcase name="[8] 5, TLSv1.3, p12" classname="com.hivemq.cli.commands.cli.publish.PublishConnectTlsST" time="1.212"/>
  <testcase name="[1] 3, TLSv1.2" classname="com.hivemq.cli.commands.cli.publish.PublishConnectTlsST" time="1.011"/>
  <testcase name="[2] 3, TLSv1.3" classname="com.hivemq.cli.commands.cli.publish.PublishConnectTlsST" time="1.11"/>
  <testcase name="[3] 5, TLSv1.2" classname="com.hivemq.cli.commands.cli.publish.PublishConnectTlsST" time="1.01"/>
  <testcase name="[4] 5, TLSv1.3" classname="com.hivemq.cli.commands.cli.publish.PublishConnectTlsST" time="1.355"/>
  <testcase name="[1] 3, TLSv1.2" classname="com.hivemq.cli.commands.cli.publish.PublishConnectTlsST" time="1.011"/>
  <testcase name="[2] 3, TLSv1.3" classname="com.hivemq.cli.commands.cli.publish.PublishConnectTlsST" time="1.11"/>
  <testcase name="[3] 5, TLSv1.2" classname="com.hivemq.cli.commands.cli.publish.PublishConnectTlsST" time="1.011"/>
  <testcase name="[4] 5, TLSv1.3" classname="com.hivemq.cli.commands.cli.publish.PublishConnectTlsST" time="1.111"/>
  <testcase name="[1] 3, TLSv1.2, jks" classname="com.hivemq.cli.commands.cli.publish.PublishConnectTlsST" time="1.11"/>
  <testcase name="[2] 3, TLSv1.2, p12" classname="com.hivemq.cli.commands.cli.publish.PublishConnectTlsST" time="1.211"/>
  <testcase name="[3] 3, TLSv1.3, jks" classname="com.hivemq.cli.commands.cli.publish.PublishConnectTlsST" time="1.111"/>
  <testcase name="[4] 3, TLSv1.3, p12" classname="com.hivemq.cli.commands.cli.publish.PublishConnectTlsST" time="1.112"/>
  <testcase name="[5] 5, TLSv1.2, jks" classname="com.hivemq.cli.commands.cli.publish.PublishConnectTlsST" time="1.009"/>
  <testcase name="[6] 5, TLSv1.2, p12" classname="com.hivemq.cli.commands.cli.publish.PublishConnectTlsST" time="1.11"/>
  <testcase name="[7] 5, TLSv1.3, jks" classname="com.hivemq.cli.commands.cli.publish.PublishConnectTlsST" time="1.117"/>
  <testcase name="[8] 5, TLSv1.3, p12" classname="com.hivemq.cli.commands.cli.publish.PublishConnectTlsST" time="1.21"/>
  <testcase name="[1] 3, TLSv1.2, jks" classname="com.hivemq.cli.commands.cli.publish.PublishConnectTlsST" time="1.21"/>
  <testcase name="[2] 3, TLSv1.2, p12" classname="com.hivemq.cli.commands.cli.publish.PublishConnectTlsST" time="1.113"/>
  <testcase name="[3] 3, TLSv1.3, jks" classname="com.hivemq.cli.commands.cli.publish.PublishConnectTlsST" time="1.111"/>
  <testcase name="[4] 3, TLSv1.3, p12" classname="com.hivemq.cli.commands.cli.publish.PublishConnectTlsST" time="1.21"/>
  <testcase name="[5] 5, TLSv1.2, jks" classname="com.hivemq.cli.commands.cli.publish.PublishConnectTlsST" time="1.011"/>
  <testcase name="[6] 5, TLSv1.2, p12" classname="com.hivemq.cli.commands.cli.publish.PublishConnectTlsST" time="1.109"/>
  <testcase name="[7] 5, TLSv1.3, jks" classname="com.hivemq.cli.commands.cli.publish.PublishConnectTlsST" time="1.112"/>
  <testcase name="[8] 5, TLSv1.3, p12" classname="com.hivemq.cli.commands.cli.publish.PublishConnectTlsST" time="1.209"/>
  <testcase name="[1] 3, TLSv1.2" classname="com.hivemq.cli.commands.cli.publish.PublishConnectTlsST" time="1.011"/>
  <testcase name="[2] 3, TLSv1.3" classname="com.hivemq.cli.commands.cli.publish.PublishConnectTlsST" time="1.112"/>
  <testcase name="[3] 5, TLSv1.2" classname="com.hivemq.cli.commands.cli.publish.PublishConnectTlsST" time="1.11"/>
  <testcase name="[4] 5, TLSv1.3" classname="com.hivemq.cli.commands.cli.publish.PublishConnectTlsST" time="1.109"/>
  <testcase name="[1] 3, TLSv1.2" classname="com.hivemq.cli.commands.cli.publish.PublishConnectTlsST" time="1.013"/>
  <testcase name="[2] 3, TLSv1.3" classname="com.hivemq.cli.commands.cli.publish.PublishConnectTlsST" time="1.113"/>
  <testcase name="[3] 5, TLSv1.2" classname="com.hivemq.cli.commands.cli.publish.PublishConnectTlsST" time="1.009"/>
  <testcase name="[4] 5, TLSv1.3" classname="com.hivemq.cli.commands.cli.publish.PublishConnectTlsST" time="1.109"/>
  <testcase name="[1] 3, TLSv1.2" classname="com.hivemq.cli.commands.cli.publish.PublishConnectTlsST" time="1.117"/>
  <testcase name="[2] 3, TLSv1.3" classname="com.hivemq.cli.commands.cli.publish.PublishConnectTlsST" time="1.113"/>
  <testcase name="[3] 5, TLSv1.2" classname="com.hivemq.cli.commands.cli.publish.PublishConnectTlsST" time="1.009"/>
  <testcase name="[4] 5, TLSv1.3" classname="com.hivemq.cli.commands.cli.publish.PublishConnectTlsST" time="1.112"/>
  <testcase name="[1] '3'" classname="com.hivemq.cli.commands.cli.publish.PublishConnectTlsST" time="1.058"/>
  <testcase name="[2] '5'" classname="com.hivemq.cli.commands.cli.publish.PublishConnectTlsST" time="1.058"/>
</testsuite>
