<?xml version="1.0" encoding="UTF-8"?>
<testsuite name="com.hivemq.cli.commands.shell.connect.ShellConnectMTlsST" tests="67" skipped="3" failures="0" errors="0" timestamp="2026-07-27T21:30:00.838Z" hostname="runnervmvrwv9" time="150.687">
  <properties/>
  <testcase name="[1] 3, TLSv1.2, jks" classname="com.hivemq.cli.commands.shell.connect.ShellConnectMTlsST" time="2.368"/>
  <testcase name="[2] 3, TLSv1.2, p12" classname="com.hivemq.cli.commands.shell.connect.ShellConnectMTlsST" time="2.122"/>
  <testcase name="[3] 3, TLSv1.3, jks" classname="com.hivemq.cli.commands.shell.connect.ShellConnectMTlsST" time="2.124"/>
  <testcase name="[4] 3, TLSv1.3, p12" classname="com.hivemq.cli.commands.shell.connect.ShellConnectMTlsST" time="2.124"/>
  <testcase name="[5] 5, TLSv1.2, jks" classname="com.hivemq.cli.commands.shell.connect.ShellConnectMTlsST" time="2.118"/>
  <testcase name="[6] 5, TLSv1.2, p12" classname="com.hivemq.cli.commands.shell.connect.ShellConnectMTlsST" time="2.123"/>
  <testcase name="[7] 5, TLSv1.3, jks" classname="com.hivemq.cli.commands.shell.connect.ShellConnectMTlsST" time="2.223"/>
  <testcase name="[8] 5, TLSv1.3, p12" classname="com.hivemq.cli.commands.shell.connect.ShellConnectMTlsST" time="2.22"/>
  <testcase name="[1] 3, TLSv1.2, jks" classname="com.hivemq.cli.commands.shell.connect.ShellConnectMTlsST" time="2.019"/>
  <testcase name="[2] 3, TLSv1.2, p12" classname="com.hivemq.cli.commands.shell.connect.ShellConnectMTlsST" time="2.122"/>
  <testcase name="[3] 3, TLSv1.3, jks" classname="com.hivemq.cli.commands.shell.connect.ShellConnectMTlsST" time="2.122"/>
  <testcase name="[4] 3, TLSv1.3, p12" classname="com.hivemq.cli.commands.shell.connect.ShellConnectMTlsST" time="2.228"/>
  <testcase name="[5] 5, TLSv1.2, jks" classname="com.hivemq.cli.commands.shell.connect.ShellConnectMTlsST" time="1.919"/>
  <testcase name="[6] 5, TLSv1.2, p12" classname="com.hivemq.cli.commands.shell.connect.ShellConnectMTlsST" time="2.12"/>
  <testcase name="[7] 5, TLSv1.3, jks" classname="com.hivemq.cli.commands.shell.connect.ShellConnectMTlsST" time="1.918"/>
  <testcase name="[8] 5, TLSv1.3, p12" classname="com.hivemq.cli.commands.shell.connect.ShellConnectMTlsST" time="2.023"/>
  <testcase name="[1] 3, TLSv1.2, pkcs1.unencrypted.pem" classname="com.hivemq.cli.commands.shell.connect.ShellConnectMTlsST" time="2.22"/>
  <testcase name="[2] 3, TLSv1.2, pkcs8.unencrypted.pem" classname="com.hivemq.cli.commands.shell.connect.ShellConnectMTlsST" time="2.317"/>
  <testcase name="[3] 3, TLSv1.3, pkcs1.unencrypted.pem" classname="com.hivemq.cli.commands.shell.connect.ShellConnectMTlsST" time="2.222"/>
  <testcase name="[4] 3, TLSv1.3, pkcs8.unencrypted.pem" classname="com.hivemq.cli.commands.shell.connect.ShellConnectMTlsST" time="2.422"/>
  <testcase name="[5] 5, TLSv1.2, pkcs1.unencrypted.pem" classname="com.hivemq.cli.commands.shell.connect.ShellConnectMTlsST" time="2.224"/>
  <testcase name="[6] 5, TLSv1.2, pkcs8.unencrypted.pem" classname="com.hivemq.cli.commands.shell.connect.ShellConnectMTlsST" time="2.322"/>
  <testcase name="[7] 5, TLSv1.3, pkcs1.unencrypted.pem" classname="com.hivemq.cli.commands.shell.connect.ShellConnectMTlsST" time="2.226"/>
  <testcase name="[8] 5, TLSv1.3, pkcs8.unencrypted.pem" classname="com.hivemq.cli.commands.shell.connect.ShellConnectMTlsST" time="2.423"/>
  <testcase name="[1] 3, TLSv1.2, jks" classname="com.hivemq.cli.commands.shell.connect.ShellConnectMTlsST" time="1.814"/>
  <testcase name="[2] 3, TLSv1.2, p12" classname="com.hivemq.cli.commands.shell.connect.ShellConnectMTlsST" time="1.919"/>
  <testcase name="[3] 3, TLSv1.3, jks" classname="com.hivemq.cli.commands.shell.connect.ShellConnectMTlsST" time="1.817"/>
  <testcase name="[4] 3, TLSv1.3, p12" classname="com.hivemq.cli.commands.shell.connect.ShellConnectMTlsST" time="2.117"/>
  <testcase name="[5] 5, TLSv1.2, jks" classname="com.hivemq.cli.commands.shell.connect.ShellConnectMTlsST" time="1.819"/>
  <testcase name="[6] 5, TLSv1.2, p12" classname="com.hivemq.cli.commands.shell.connect.ShellConnectMTlsST" time="1.921"/>
  <testcase name="[7] 5, TLSv1.3, jks" classname="com.hivemq.cli.commands.shell.connect.ShellConnectMTlsST" time="1.818"/>
  <testcase name="[8] 5, TLSv1.3, p12" classname="com.hivemq.cli.commands.shell.connect.ShellConnectMTlsST" time="1.916"/>
  <testcase name="test_password_options_encrypted_der_private_keys_mutualTls(char, TlsVersion, String)" classname="com.hivemq.cli.commands.shell.connect.ShellConnectMTlsST" time="80.537">
    <skipped/>
  </testcase>
  <testcase name="test_encrypted_der_private_keys_mutualTls(char, TlsVersion, String)" classname="com.hivemq.cli.commands.shell.connect.ShellConnectMTlsST" time="80.536">
    <skipped/>
  </testcase>
  <testcase name="[1] 3, TLSv1.2, pkcs1.aes256.pem" classname="com.hivemq.cli.commands.shell.connect.ShellConnectMTlsST" time="2.317"/>
  <testcase name="[2] 3, TLSv1.2, pkcs1.des3.pem" classname="com.hivemq.cli.commands.shell.connect.ShellConnectMTlsST" time="2.22"/>
  <testcase name="[3] 3, TLSv1.2, pkcs8.aes256.pem" classname="com.hivemq.cli.commands.shell.connect.ShellConnectMTlsST" time="2.321"/>
  <testcase name="[4] 3, TLSv1.2, pkcs8.des3.pem" classname="com.hivemq.cli.commands.shell.connect.ShellConnectMTlsST" time="2.219"/>
  <testcase name="[5] 3, TLSv1.3, pkcs1.aes256.pem" classname="com.hivemq.cli.commands.shell.connect.ShellConnectMTlsST" time="2.421"/>
  <testcase name="[6] 3, TLSv1.3, pkcs1.des3.pem" classname="com.hivemq.cli.commands.shell.connect.ShellConnectMTlsST" time="2.322"/>
  <testcase name="[7] 3, TLSv1.3, pkcs8.aes256.pem" classname="com.hivemq.cli.commands.shell.connect.ShellConnectMTlsST" time="2.523"/>
  <testcase name="[8] 3, TLSv1.3, pkcs8.des3.pem" classname="com.hivemq.cli.commands.shell.connect.ShellConnectMTlsST" time="2.321"/>
  <testcase name="[9] 5, TLSv1.2, pkcs1.aes256.pem" classname="com.hivemq.cli.commands.shell.connect.ShellConnectMTlsST" time="2.422"/>
  <testcase name="[10] 5, TLSv1.2, pkcs1.des3.pem" classname="com.hivemq.cli.commands.shell.connect.ShellConnectMTlsST" time="2.319"/>
  <testcase name="[11] 5, TLSv1.2, pkcs8.aes256.pem" classname="com.hivemq.cli.commands.shell.connect.ShellConnectMTlsST" time="2.218"/>
  <testcase name="[12] 5, TLSv1.2, pkcs8.des3.pem" classname="com.hivemq.cli.commands.shell.connect.ShellConnectMTlsST" time="2.322"/>
  <testcase name="[13] 5, TLSv1.3, pkcs1.aes256.pem" classname="com.hivemq.cli.commands.shell.connect.ShellConnectMTlsST" time="2.417"/>
  <testcase name="[14] 5, TLSv1.3, pkcs1.des3.pem" classname="com.hivemq.cli.commands.shell.connect.ShellConnectMTlsST" time="2.521"/>
  <testcase name="[15] 5, TLSv1.3, pkcs8.aes256.pem" classname="com.hivemq.cli.commands.shell.connect.ShellConnectMTlsST" time="2.419"/>
  <testcase name="[16] 5, TLSv1.3, pkcs8.des3.pem" classname="com.hivemq.cli.commands.shell.connect.ShellConnectMTlsST" time="2.42"/>
  <testcase name="[1] 3, TLSv1.2, pkcs1.aes256.pem" classname="com.hivemq.cli.commands.shell.connect.ShellConnectMTlsST" time="2.317"/>
  <testcase name="[2] 3, TLSv1.2, pkcs1.des3.pem" classname="com.hivemq.cli.commands.shell.connect.ShellConnectMTlsST" time="2.318"/>
  <testcase name="[3] 3, TLSv1.2, pkcs8.aes256.pem" classname="com.hivemq.cli.commands.shell.connect.ShellConnectMTlsST" time="2.317"/>
  <testcase name="[4] 3, TLSv1.2, pkcs8.des3.pem" classname="com.hivemq.cli.commands.shell.connect.ShellConnectMTlsST" time="2.418"/>
  <testcase name="[5] 3, TLSv1.3, pkcs1.aes256.pem" classname="com.hivemq.cli.commands.shell.connect.ShellConnectMTlsST" time="2.43"/>
  <testcase name="[6] 3, TLSv1.3, pkcs1.des3.pem" classname="com.hivemq.cli.commands.shell.connect.ShellConnectMTlsST" time="2.423"/>
  <testcase name="[7] 3, TLSv1.3, pkcs8.aes256.pem" classname="com.hivemq.cli.commands.shell.connect.ShellConnectMTlsST" time="2.516"/>
  <testcase name="[8] 3, TLSv1.3, pkcs8.des3.pem" classname="com.hivemq.cli.commands.shell.connect.ShellConnectMTlsST" time="2.415"/>
  <testcase name="[9] 5, TLSv1.2, pkcs1.aes256.pem" classname="com.hivemq.cli.commands.shell.connect.ShellConnectMTlsST" time="2.321"/>
  <testcase name="[10] 5, TLSv1.2, pkcs1.des3.pem" classname="com.hivemq.cli.commands.shell.connect.ShellConnectMTlsST" time="2.42"/>
  <testcase name="[11] 5, TLSv1.2, pkcs8.aes256.pem" classname="com.hivemq.cli.commands.shell.connect.ShellConnectMTlsST" time="2.42"/>
  <testcase name="[12] 5, TLSv1.2, pkcs8.des3.pem" classname="com.hivemq.cli.commands.shell.connect.ShellConnectMTlsST" time="2.317"/>
  <testcase name="[13] 5, TLSv1.3, pkcs1.aes256.pem" classname="com.hivemq.cli.commands.shell.connect.ShellConnectMTlsST" time="2.422"/>
  <testcase name="[14] 5, TLSv1.3, pkcs1.des3.pem" classname="com.hivemq.cli.commands.shell.connect.ShellConnectMTlsST" time="2.424"/>
  <testcase name="[15] 5, TLSv1.3, pkcs8.aes256.pem" classname="com.hivemq.cli.commands.shell.connect.ShellConnectMTlsST" time="2.522"/>
  <testcase name="[16] 5, TLSv1.3, pkcs8.des3.pem" classname="com.hivemq.cli.commands.shell.connect.ShellConnectMTlsST" time="2.516"/>
  <testcase name="test_unencrypted_der_private_keys_mutualTls(char, TlsVersion, String)" classname="com.hivemq.cli.commands.shell.connect.ShellConnectMTlsST" time="4.254">
    <skipped/>
  </testcase>
</testsuite>
