<?xml version="1.0" encoding="UTF-8"?>
<testsuite name="com.hivemq.cli.commands.cli.publish.PublishConnectMTlsST" tests="92" skipped="4" failures="0" errors="0" timestamp="2026-02-09T15:20:43" hostname="runnervmwffz4" time="157.191">
  <properties/>
  <testcase name="[1] 3, TLSv1.2, jks" classname="com.hivemq.cli.commands.cli.publish.PublishConnectMTlsST" time="1.878"/>
  <testcase name="[2] 3, TLSv1.2, p12" classname="com.hivemq.cli.commands.cli.publish.PublishConnectMTlsST" time="1.619"/>
  <testcase name="[3] 3, TLSv1.3, jks" classname="com.hivemq.cli.commands.cli.publish.PublishConnectMTlsST" time="1.717"/>
  <testcase name="[4] 3, TLSv1.3, p12" classname="com.hivemq.cli.commands.cli.publish.PublishConnectMTlsST" time="1.716"/>
  <testcase name="[5] 5, TLSv1.2, jks" classname="com.hivemq.cli.commands.cli.publish.PublishConnectMTlsST" time="1.618"/>
  <testcase name="[6] 5, TLSv1.2, p12" classname="com.hivemq.cli.commands.cli.publish.PublishConnectMTlsST" time="1.517"/>
  <testcase name="[7] 5, TLSv1.3, jks" classname="com.hivemq.cli.commands.cli.publish.PublishConnectMTlsST" time="1.717"/>
  <testcase name="[8] 5, TLSv1.3, p12" classname="com.hivemq.cli.commands.cli.publish.PublishConnectMTlsST" time="1.824"/>
  <testcase name="[1] 3, TLSv1.2, jks" classname="com.hivemq.cli.commands.cli.publish.PublishConnectMTlsST" time="1.518"/>
  <testcase name="[2] 3, TLSv1.2, p12" classname="com.hivemq.cli.commands.cli.publish.PublishConnectMTlsST" time="1.519"/>
  <testcase name="[3] 3, TLSv1.3, jks" classname="com.hivemq.cli.commands.cli.publish.PublishConnectMTlsST" time="1.616"/>
  <testcase name="[4] 3, TLSv1.3, p12" classname="com.hivemq.cli.commands.cli.publish.PublishConnectMTlsST" time="1.819"/>
  <testcase name="[5] 5, TLSv1.2, jks" classname="com.hivemq.cli.commands.cli.publish.PublishConnectMTlsST" time="1.516"/>
  <testcase name="[6] 5, TLSv1.2, p12" classname="com.hivemq.cli.commands.cli.publish.PublishConnectMTlsST" time="1.618"/>
  <testcase name="[7] 5, TLSv1.3, jks" classname="com.hivemq.cli.commands.cli.publish.PublishConnectMTlsST" time="1.616"/>
  <testcase name="[8] 5, TLSv1.3, p12" classname="com.hivemq.cli.commands.cli.publish.PublishConnectMTlsST" time="1.716"/>
  <testcase name="[1] 3, TLSv1.2, jks" classname="com.hivemq.cli.commands.cli.publish.PublishConnectMTlsST" time="1.315"/>
  <testcase name="[2] 3, TLSv1.2, p12" classname="com.hivemq.cli.commands.cli.publish.PublishConnectMTlsST" time="1.513"/>
  <testcase name="[3] 3, TLSv1.3, jks" classname="com.hivemq.cli.commands.cli.publish.PublishConnectMTlsST" time="1.414"/>
  <testcase name="[4] 3, TLSv1.3, p12" classname="com.hivemq.cli.commands.cli.publish.PublishConnectMTlsST" time="1.518"/>
  <testcase name="[5] 5, TLSv1.2, jks" classname="com.hivemq.cli.commands.cli.publish.PublishConnectMTlsST" time="1.314"/>
  <testcase name="[6] 5, TLSv1.2, p12" classname="com.hivemq.cli.commands.cli.publish.PublishConnectMTlsST" time="1.516"/>
  <testcase name="[7] 5, TLSv1.3, jks" classname="com.hivemq.cli.commands.cli.publish.PublishConnectMTlsST" time="1.414"/>
  <testcase name="[8] 5, TLSv1.3, p12" classname="com.hivemq.cli.commands.cli.publish.PublishConnectMTlsST" time="1.518"/>
  <testcase name="[1] 3, TLSv1.2, pkcs1.unencrypted.pem" classname="com.hivemq.cli.commands.cli.publish.PublishConnectMTlsST" time="1.814"/>
  <testcase name="[2] 3, TLSv1.2, pkcs8.unencrypted.pem" classname="com.hivemq.cli.commands.cli.publish.PublishConnectMTlsST" time="1.714"/>
  <testcase name="[3] 3, TLSv1.3, pkcs1.unencrypted.pem" classname="com.hivemq.cli.commands.cli.publish.PublishConnectMTlsST" time="1.719"/>
  <testcase name="[4] 3, TLSv1.3, pkcs8.unencrypted.pem" classname="com.hivemq.cli.commands.cli.publish.PublishConnectMTlsST" time="1.818"/>
  <testcase name="[5] 5, TLSv1.2, pkcs1.unencrypted.pem" classname="com.hivemq.cli.commands.cli.publish.PublishConnectMTlsST" time="1.816"/>
  <testcase name="[6] 5, TLSv1.2, pkcs8.unencrypted.pem" classname="com.hivemq.cli.commands.cli.publish.PublishConnectMTlsST" time="1.814"/>
  <testcase name="[7] 5, TLSv1.3, pkcs1.unencrypted.pem" classname="com.hivemq.cli.commands.cli.publish.PublishConnectMTlsST" time="1.823"/>
  <testcase name="[8] 5, TLSv1.3, pkcs8.unencrypted.pem" classname="com.hivemq.cli.commands.cli.publish.PublishConnectMTlsST" time="1.918"/>
  <testcase name="[1] 3, TLSv1.2, pkcs1.aes256.pem" classname="com.hivemq.cli.commands.cli.publish.PublishConnectMTlsST" time="1.816"/>
  <testcase name="[2] 3, TLSv1.2, pkcs1.des3.pem" classname="com.hivemq.cli.commands.cli.publish.PublishConnectMTlsST" time="1.713"/>
  <testcase name="[3] 3, TLSv1.2, pkcs8.aes256.pem" classname="com.hivemq.cli.commands.cli.publish.PublishConnectMTlsST" time="1.821"/>
  <testcase name="[4] 3, TLSv1.2, pkcs8.des3.pem" classname="com.hivemq.cli.commands.cli.publish.PublishConnectMTlsST" time="1.816"/>
  <testcase name="[5] 3, TLSv1.3, pkcs1.aes256.pem" classname="com.hivemq.cli.commands.cli.publish.PublishConnectMTlsST" time="1.918"/>
  <testcase name="[6] 3, TLSv1.3, pkcs1.des3.pem" classname="com.hivemq.cli.commands.cli.publish.PublishConnectMTlsST" time="1.815"/>
  <testcase name="[7] 3, TLSv1.3, pkcs8.aes256.pem" classname="com.hivemq.cli.commands.cli.publish.PublishConnectMTlsST" time="1.814"/>
  <testcase name="[8] 3, TLSv1.3, pkcs8.des3.pem" classname="com.hivemq.cli.commands.cli.publish.PublishConnectMTlsST" time="1.815"/>
  <testcase name="[9] 5, TLSv1.2, pkcs1.aes256.pem" classname="com.hivemq.cli.commands.cli.publish.PublishConnectMTlsST" time="1.817"/>
  <testcase name="[10] 5, TLSv1.2, pkcs1.des3.pem" classname="com.hivemq.cli.commands.cli.publish.PublishConnectMTlsST" time="1.713"/>
  <testcase name="[11] 5, TLSv1.2, pkcs8.aes256.pem" classname="com.hivemq.cli.commands.cli.publish.PublishConnectMTlsST" time="1.815"/>
  <testcase name="[12] 5, TLSv1.2, pkcs8.des3.pem" classname="com.hivemq.cli.commands.cli.publish.PublishConnectMTlsST" time="1.819"/>
  <testcase name="[13] 5, TLSv1.3, pkcs1.aes256.pem" classname="com.hivemq.cli.commands.cli.publish.PublishConnectMTlsST" time="1.815"/>
  <testcase name="[14] 5, TLSv1.3, pkcs1.des3.pem" classname="com.hivemq.cli.commands.cli.publish.PublishConnectMTlsST" time="1.915"/>
  <testcase name="[15] 5, TLSv1.3, pkcs8.aes256.pem" classname="com.hivemq.cli.commands.cli.publish.PublishConnectMTlsST" time="1.913"/>
  <testcase name="[16] 5, TLSv1.3, pkcs8.des3.pem" classname="com.hivemq.cli.commands.cli.publish.PublishConnectMTlsST" time="1.812"/>
  <testcase name="[1] 3, TLSv1.2, jks" classname="com.hivemq.cli.commands.cli.publish.PublishConnectMTlsST" time="1.315"/>
  <testcase name="[2] 3, TLSv1.2, p12" classname="com.hivemq.cli.commands.cli.publish.PublishConnectMTlsST" time="1.51"/>
  <testcase name="[3] 3, TLSv1.3, jks" classname="com.hivemq.cli.commands.cli.publish.PublishConnectMTlsST" time="1.413"/>
  <testcase name="[4] 3, TLSv1.3, p12" classname="com.hivemq.cli.commands.cli.publish.PublishConnectMTlsST" time="1.612"/>
  <testcase name="[5] 5, TLSv1.2, jks" classname="com.hivemq.cli.commands.cli.publish.PublishConnectMTlsST" time="1.313"/>
  <testcase name="[6] 5, TLSv1.2, p12" classname="com.hivemq.cli.commands.cli.publish.PublishConnectMTlsST" time="1.513"/>
  <testcase name="[7] 5, TLSv1.3, jks" classname="com.hivemq.cli.commands.cli.publish.PublishConnectMTlsST" time="1.412"/>
  <testcase name="[8] 5, TLSv1.3, p12" classname="com.hivemq.cli.commands.cli.publish.PublishConnectMTlsST" time="1.513"/>
  <testcase name="[1] 3, TLSv1.2, pkcs1.aes256.pem" classname="com.hivemq.cli.commands.cli.publish.PublishConnectMTlsST" time="1.713"/>
  <testcase name="[2] 3, TLSv1.2, pkcs1.des3.pem" classname="com.hivemq.cli.commands.cli.publish.PublishConnectMTlsST" time="1.814"/>
  <testcase name="[3] 3, TLSv1.2, pkcs8.aes256.pem" classname="com.hivemq.cli.commands.cli.publish.PublishConnectMTlsST" time="1.817"/>
  <testcase name="[4] 3, TLSv1.2, pkcs8.des3.pem" classname="com.hivemq.cli.commands.cli.publish.PublishConnectMTlsST" time="1.922"/>
  <testcase name="[5] 3, TLSv1.3, pkcs1.aes256.pem" classname="com.hivemq.cli.commands.cli.publish.PublishConnectMTlsST" time="1.918"/>
  <testcase name="[6] 3, TLSv1.3, pkcs1.des3.pem" classname="com.hivemq.cli.commands.cli.publish.PublishConnectMTlsST" time="1.915"/>
  <testcase name="[7] 3, TLSv1.3, pkcs8.aes256.pem" classname="com.hivemq.cli.commands.cli.publish.PublishConnectMTlsST" time="1.816"/>
  <testcase name="[8] 3, TLSv1.3, pkcs8.des3.pem" classname="com.hivemq.cli.commands.cli.publish.PublishConnectMTlsST" time="1.813"/>
  <testcase name="[9] 5, TLSv1.2, pkcs1.aes256.pem" classname="com.hivemq.cli.commands.cli.publish.PublishConnectMTlsST" time="1.717"/>
  <testcase name="[10] 5, TLSv1.2, pkcs1.des3.pem" classname="com.hivemq.cli.commands.cli.publish.PublishConnectMTlsST" time="1.812"/>
  <testcase name="[11] 5, TLSv1.2, pkcs8.aes256.pem" classname="com.hivemq.cli.commands.cli.publish.PublishConnectMTlsST" time="1.816"/>
  <testcase name="[12] 5, TLSv1.2, pkcs8.des3.pem" classname="com.hivemq.cli.commands.cli.publish.PublishConnectMTlsST" time="1.816"/>
  <testcase name="[13] 5, TLSv1.3, pkcs1.aes256.pem" classname="com.hivemq.cli.commands.cli.publish.PublishConnectMTlsST" time="1.818"/>
  <testcase name="[14] 5, TLSv1.3, pkcs1.des3.pem" classname="com.hivemq.cli.commands.cli.publish.PublishConnectMTlsST" time="1.914"/>
  <testcase name="[15] 5, TLSv1.3, pkcs8.aes256.pem" classname="com.hivemq.cli.commands.cli.publish.PublishConnectMTlsST" time="1.917"/>
  <testcase name="[16] 5, TLSv1.3, pkcs8.des3.pem" classname="com.hivemq.cli.commands.cli.publish.PublishConnectMTlsST" time="1.915"/>
  <testcase name="[1] 3, TLSv1.2, pkcs1.aes256.pem" classname="com.hivemq.cli.commands.cli.publish.PublishConnectMTlsST" time="1.713"/>
  <testcase name="[2] 3, TLSv1.2, pkcs1.des3.pem" classname="com.hivemq.cli.commands.cli.publish.PublishConnectMTlsST" time="1.812"/>
  <testcase name="[3] 3, TLSv1.2, pkcs8.aes256.pem" classname="com.hivemq.cli.commands.cli.publish.PublishConnectMTlsST" time="1.816"/>
  <testcase name="[4] 3, TLSv1.2, pkcs8.des3.pem" classname="com.hivemq.cli.commands.cli.publish.PublishConnectMTlsST" time="1.912"/>
  <testcase name="[5] 3, TLSv1.3, pkcs1.aes256.pem" classname="com.hivemq.cli.commands.cli.publish.PublishConnectMTlsST" time="1.915"/>
  <testcase name="[6] 3, TLSv1.3, pkcs1.des3.pem" classname="com.hivemq.cli.commands.cli.publish.PublishConnectMTlsST" time="2.011"/>
  <testcase name="[7] 3, TLSv1.3, pkcs8.aes256.pem" classname="com.hivemq.cli.commands.cli.publish.PublishConnectMTlsST" time="1.921"/>
  <testcase name="[8] 3, TLSv1.3, pkcs8.des3.pem" classname="com.hivemq.cli.commands.cli.publish.PublishConnectMTlsST" time="1.916"/>
  <testcase name="[9] 5, TLSv1.2, pkcs1.aes256.pem" classname="com.hivemq.cli.commands.cli.publish.PublishConnectMTlsST" time="1.915"/>
  <testcase name="[10] 5, TLSv1.2, pkcs1.des3.pem" classname="com.hivemq.cli.commands.cli.publish.PublishConnectMTlsST" time="1.719"/>
  <testcase name="[11] 5, TLSv1.2, pkcs8.aes256.pem" classname="com.hivemq.cli.commands.cli.publish.PublishConnectMTlsST" time="1.913"/>
  <testcase name="[12] 5, TLSv1.2, pkcs8.des3.pem" classname="com.hivemq.cli.commands.cli.publish.PublishConnectMTlsST" time="1.912"/>
  <testcase name="[13] 5, TLSv1.3, pkcs1.aes256.pem" classname="com.hivemq.cli.commands.cli.publish.PublishConnectMTlsST" time="1.92"/>
  <testcase name="[14] 5, TLSv1.3, pkcs1.des3.pem" classname="com.hivemq.cli.commands.cli.publish.PublishConnectMTlsST" time="1.817"/>
  <testcase name="[15] 5, TLSv1.3, pkcs8.aes256.pem" classname="com.hivemq.cli.commands.cli.publish.PublishConnectMTlsST" time="2.018"/>
  <testcase name="[16] 5, TLSv1.3, pkcs8.des3.pem" classname="com.hivemq.cli.commands.cli.publish.PublishConnectMTlsST" time="1.914"/>
  <testcase name="test_encrypted_der_private_keys_mutualTls(char, TlsVersion, String)" classname="com.hivemq.cli.commands.cli.publish.PublishConnectMTlsST" time="63.86">
    <skipped/>
  </testcase>
  <testcase name="test_password_arguments_encrypted_der_private_keys_mutualTls(char, TlsVersion, String)" classname="com.hivemq.cli.commands.cli.publish.PublishConnectMTlsST" time="63.861">
    <skipped/>
  </testcase>
  <testcase name="test_unencrypted_der_private_keys_mutualTls(char, TlsVersion, String)" classname="com.hivemq.cli.commands.cli.publish.PublishConnectMTlsST" time="4.228">
    <skipped/>
  </testcase>
  <testcase name="test_properties_encrypted_der_private_keys_mutualTls(char, TlsVersion, String)" classname="com.hivemq.cli.commands.cli.publish.PublishConnectMTlsST" time="143.572">
    <skipped/>
  </testcase>
</testsuite>
