<?xml version="1.0" encoding="UTF-8"?>
<testsuite name="com.hivemq.cli.mqtt.test.Mqtt5FeatureTesterQos0IT" tests="3" skipped="0" failures="0" errors="0" timestamp="2026-09-17T13:57:56.819Z" hostname="runnervmlun5p" time="31.165">
  <properties/>
  <testcase name="qos_1_failed()" classname="com.hivemq.cli.mqtt.test.Mqtt5FeatureTesterQos0IT" time="11.327"/>
  <testcase name="qos_0_success()" classname="com.hivemq.cli.mqtt.test.Mqtt5FeatureTesterQos0IT" time="8.385"/>
  <testcase name="qos_2_failed()" classname="com.hivemq.cli.mqtt.test.Mqtt5FeatureTesterQos0IT" time="11.449"/>
</testsuite>
