<?xml version="1.0" encoding="UTF-8"?>
<testsuite name="com.hivemq.cli.commands.shell.ShellExitST" tests="3" skipped="0" failures="0" errors="0" timestamp="2026-07-01T08:42:08.233Z" hostname="runnervmkkn4f" time="5.061">
  <properties/>
  <testcase name="test_exitShell()" classname="com.hivemq.cli.commands.shell.ShellExitST" time="1.013"/>
  <testcase name="[1] '3'" classname="com.hivemq.cli.commands.shell.ShellExitST" time="1.919"/>
  <testcase name="[2] '5'" classname="com.hivemq.cli.commands.shell.ShellExitST" time="1.915"/>
</testsuite>
