<?xml version="1.0" encoding="UTF-8"?>
<testsuite name="com.hivemq.cli.mqtt.test.Mqtt5FeatureTesterRestrictedIT" tests="6" skipped="2" failures="0" errors="0" timestamp="2026-04-28T09:46:20.392Z" hostname="runnervmeorf1" time="30.236">
  <properties/>
  <testcase name="payload_size_1MB_failed_max_500KB()" classname="com.hivemq.cli.mqtt.test.Mqtt5FeatureTesterRestrictedIT" time="7.419"/>
  <testcase name="wildcard_subscriptions_failed()" classname="com.hivemq.cli.mqtt.test.Mqtt5FeatureTesterRestrictedIT" time="7.429"/>
  <testcase name="clientId_length_failed_max_30()" classname="com.hivemq.cli.mqtt.test.Mqtt5FeatureTesterRestrictedIT" time="7.53"/>
  <testcase name="retain_failed()" classname="com.hivemq.cli.mqtt.test.Mqtt5FeatureTesterRestrictedIT" time="7.848"/>
  <testcase name="shared_subscriptions_failed()" classname="com.hivemq.cli.mqtt.test.Mqtt5FeatureTesterRestrictedIT" time="0.0">
    <skipped/>
  </testcase>
  <testcase name="topic_length_failed_max_30()" classname="com.hivemq.cli.mqtt.test.Mqtt5FeatureTesterRestrictedIT" time="0.0">
    <skipped/>
  </testcase>
</testsuite>
