<?xml version="1.0" encoding="UTF-8"?>
<testsuite name="com.hivemq.cli.mqtt.test.Mqtt3FeatureTesterQos1IT" tests="3" skipped="0" failures="0" errors="0" timestamp="2026-03-02T04:04:22" hostname="runnervmnay03" time="25.913">
  <properties/>
  <testcase name="qos_1_success()" classname="com.hivemq.cli.mqtt.test.Mqtt3FeatureTesterQos1IT" time="8.709"/>
  <testcase name="qos_0_success()" classname="com.hivemq.cli.mqtt.test.Mqtt3FeatureTesterQos1IT" time="8.735"/>
  <testcase name="qos_2_failed()" classname="com.hivemq.cli.mqtt.test.Mqtt3FeatureTesterQos1IT" time="8.467"/>
</testsuite>
