<?xml version="1.0" encoding="UTF-8"?>
<testsuite name="com.hivemq.cli.commands.shell.ShellSubscribeLoggingST" tests="12" skipped="0" failures="0" errors="0" timestamp="2026-09-17T06:26:44.165Z" hostname="runnervmlun5p" time="29.724">
  <properties/>
  <testcase name="test_shell_subscribe_with_message_mqtt5_qos2_logging()" classname="com.hivemq.cli.commands.shell.ShellSubscribeLoggingST" time="3.023"/>
  <testcase name="test_shell_subscribe_with_message_mqtt3_qos0_logging()" classname="com.hivemq.cli.commands.shell.ShellSubscribeLoggingST" time="2.225"/>
  <testcase name="test_shell_subscribe_mqtt3_qos2_logging_not_authorized()" classname="com.hivemq.cli.commands.shell.ShellSubscribeLoggingST" time="2.417"/>
  <testcase name="test_shell_subscribe_mqtt3_qos1_logging_not_authorized()" classname="com.hivemq.cli.commands.shell.ShellSubscribeLoggingST" time="2.624"/>
  <testcase name="test_shell_subscribe_mqtt3_qos0_logging_not_authorized()" classname="com.hivemq.cli.commands.shell.ShellSubscribeLoggingST" time="2.321"/>
  <testcase name="test_shell_subscribe_with_message_mqtt3_qos2_logging()" classname="com.hivemq.cli.commands.shell.ShellSubscribeLoggingST" time="2.369"/>
  <testcase name="test_shell_subscribe_with_message_mqtt5_qos1_logging()" classname="com.hivemq.cli.commands.shell.ShellSubscribeLoggingST" time="2.45"/>
  <testcase name="test_shell_subscribe_mqtt5_qos2_logging_not_authorized()" classname="com.hivemq.cli.commands.shell.ShellSubscribeLoggingST" time="2.424"/>
  <testcase name="test_shell_subscribe_mqtt5_qos1_logging_not_authorized()" classname="com.hivemq.cli.commands.shell.ShellSubscribeLoggingST" time="2.325"/>
  <testcase name="test_shell_subscribe_mqtt5_qos0_logging_not_authorized()" classname="com.hivemq.cli.commands.shell.ShellSubscribeLoggingST" time="2.319"/>
  <testcase name="test_shell_subscribe_with_message_mqtt3_qos1_logging()" classname="com.hivemq.cli.commands.shell.ShellSubscribeLoggingST" time="2.474"/>
  <testcase name="test_shell_subscribe_with_message_mqtt5_qos0_logging()" classname="com.hivemq.cli.commands.shell.ShellSubscribeLoggingST" time="2.425"/>
</testsuite>
