<?xml version="1.0" encoding="UTF-8"?>
<testsuite name="com.hivemq.cli.commands.shell.ShellPublishLoggingST" tests="6" skipped="0" failures="0" errors="0" timestamp="2026-02-21T02:57:06" hostname="runnervmwffz4" time="14.851">
  <properties/>
  <testcase name="test_shell_publish_mqtt5_qos2_logging()" classname="com.hivemq.cli.commands.shell.ShellPublishLoggingST" time="2.933"/>
  <testcase name="test_shell_publish_mqtt3_qos0_logging()" classname="com.hivemq.cli.commands.shell.ShellPublishLoggingST" time="2.222"/>
  <testcase name="test_shell_publish_mqtt5_qos1_logging()" classname="com.hivemq.cli.commands.shell.ShellPublishLoggingST" time="2.426"/>
  <testcase name="test_shell_publish_mqtt5_qos2_logging_not_authorized()" classname="com.hivemq.cli.commands.shell.ShellPublishLoggingST" time="2.523"/>
  <testcase name="test_shell_publish_mqtt5_qos1_logging_not_authorized()" classname="com.hivemq.cli.commands.shell.ShellPublishLoggingST" time="2.524"/>
  <testcase name="test_shell_publish_mqtt5_qos0_logging()" classname="com.hivemq.cli.commands.shell.ShellPublishLoggingST" time="2.222"/>
</testsuite>
