<?xml version="1.0" encoding="UTF-8"?>
<testsuite name="com.hivemq.cli.commands.cli.publish.PublishLoggingST" tests="6" skipped="0" failures="0" errors="0" timestamp="2026-04-27T21:32:23.951Z" hostname="runnervmhkfpo" time="6.121">
  <properties/>
  <testcase name="test_publish_mqtt5_qos0_logging()" classname="com.hivemq.cli.commands.cli.publish.PublishLoggingST" time="0.959"/>
  <testcase name="test_publish_mqtt5_qos2_logging()" classname="com.hivemq.cli.commands.cli.publish.PublishLoggingST" time="0.964"/>
  <testcase name="test_publish_mqtt3_qos0_logging()" classname="com.hivemq.cli.commands.cli.publish.PublishLoggingST" time="1.013"/>
  <testcase name="test_publish_mqtt5_qos1_logging()" classname="com.hivemq.cli.commands.cli.publish.PublishLoggingST" time="0.973"/>
  <testcase name="test_publish_mqtt5_qos2_logging_not_authorized()" classname="com.hivemq.cli.commands.cli.publish.PublishLoggingST" time="0.978"/>
  <testcase name="test_publish_mqtt5_qos1_logging_not_authorized()" classname="com.hivemq.cli.commands.cli.publish.PublishLoggingST" time="0.959"/>
</testsuite>
