<?xml version="1.0" encoding="UTF-8"?>
<testsuite name="com.hivemq.cli.commands.shell.ShellSubscribeST" tests="23" skipped="0" failures="0" errors="0" timestamp="2026-03-21T12:50:53" hostname="runnervm46oaq" time="26.066">
  <properties/>
  <testcase name="[1] '3'" classname="com.hivemq.cli.commands.shell.ShellSubscribeST" time="1.529"/>
  <testcase name="[2] '5'" classname="com.hivemq.cli.commands.shell.ShellSubscribeST" time="1.52"/>
  <testcase name="[1] '3'" classname="com.hivemq.cli.commands.shell.ShellSubscribeST" time="1.117"/>
  <testcase name="[2] '5'" classname="com.hivemq.cli.commands.shell.ShellSubscribeST" time="1.116"/>
  <testcase name="[1] '3'" classname="com.hivemq.cli.commands.shell.ShellSubscribeST" time="1.017"/>
  <testcase name="[2] '5'" classname="com.hivemq.cli.commands.shell.ShellSubscribeST" time="1.016"/>
  <testcase name="[1] '3'" classname="com.hivemq.cli.commands.shell.ShellSubscribeST" time="1.414"/>
  <testcase name="[2] '5'" classname="com.hivemq.cli.commands.shell.ShellSubscribeST" time="1.415"/>
  <testcase name="[1] '3'" classname="com.hivemq.cli.commands.shell.ShellSubscribeST" time="1.117"/>
  <testcase name="[2] '5'" classname="com.hivemq.cli.commands.shell.ShellSubscribeST" time="1.116"/>
  <testcase name="[1] '3'" classname="com.hivemq.cli.commands.shell.ShellSubscribeST" time="1.116"/>
  <testcase name="[2] '5'" classname="com.hivemq.cli.commands.shell.ShellSubscribeST" time="1.116"/>
  <testcase name="[1] '3'" classname="com.hivemq.cli.commands.shell.ShellSubscribeST" time="1.011"/>
  <testcase name="[2] '5'" classname="com.hivemq.cli.commands.shell.ShellSubscribeST" time="1.012"/>
  <testcase name="[1] '3'" classname="com.hivemq.cli.commands.shell.ShellSubscribeST" time="0.911"/>
  <testcase name="[2] '5'" classname="com.hivemq.cli.commands.shell.ShellSubscribeST" time="0.911"/>
  <testcase name="[1] '3'" classname="com.hivemq.cli.commands.shell.ShellSubscribeST" time="1.115"/>
  <testcase name="[2] '5'" classname="com.hivemq.cli.commands.shell.ShellSubscribeST" time="1.116"/>
  <testcase name="test_missingArguments()" classname="com.hivemq.cli.commands.shell.ShellSubscribeST" time="0.306"/>
  <testcase name="[1] '3'" classname="com.hivemq.cli.commands.shell.ShellSubscribeST" time="1.414"/>
  <testcase name="[2] '5'" classname="com.hivemq.cli.commands.shell.ShellSubscribeST" time="1.414"/>
  <testcase name="[1] '3'" classname="com.hivemq.cli.commands.shell.ShellSubscribeST" time="1.213"/>
  <testcase name="[2] '5'" classname="com.hivemq.cli.commands.shell.ShellSubscribeST" time="1.011"/>
</testsuite>
