<?xml version="1.0" encoding="UTF-8"?>
<testsuite name="com.hivemq.cli.mqtt.test.Mqtt3FeatureTesterRestrictedIT" tests="6" skipped="2" failures="0" errors="0" timestamp="2026-07-10T07:49:26.671Z" hostname="runnervm5mmn9" time="33.884">
  <properties/>
  <testcase name="payload_size_1MB_failed_max_500KB()" classname="com.hivemq.cli.mqtt.test.Mqtt3FeatureTesterRestrictedIT" time="8.901"/>
  <testcase name="wildcard_subscriptions_failed()" classname="com.hivemq.cli.mqtt.test.Mqtt3FeatureTesterRestrictedIT" time="8.267"/>
  <testcase name="clientId_length_failed_max_30()" classname="com.hivemq.cli.mqtt.test.Mqtt3FeatureTesterRestrictedIT" time="8.462"/>
  <testcase name="retain_failed()" classname="com.hivemq.cli.mqtt.test.Mqtt3FeatureTesterRestrictedIT" time="8.241"/>
  <testcase name="shared_subscriptions_failed()" classname="com.hivemq.cli.mqtt.test.Mqtt3FeatureTesterRestrictedIT" time="0.0">
    <skipped/>
  </testcase>
  <testcase name="topic_length_failed_max_30()" classname="com.hivemq.cli.mqtt.test.Mqtt3FeatureTesterRestrictedIT" time="0.0">
    <skipped/>
  </testcase>
</testsuite>
