<?xml version="1.0" encoding="UTF-8"?>
<testsuite name="com.hivemq.cli.commands.shell.connect.ShellConnectST" tests="47" skipped="0" failures="0" errors="0" timestamp="2026-07-27T21:31:32.159Z" hostname="runnervmvrwv9" time="79.097">
  <properties/>
  <testcase name="[1] '3'" classname="com.hivemq.cli.commands.shell.connect.ShellConnectST" time="1.62"/>
  <testcase name="[2] '5'" classname="com.hivemq.cli.commands.shell.connect.ShellConnectST" time="1.511"/>
  <testcase name="[1] '3'" classname="com.hivemq.cli.commands.shell.connect.ShellConnectST" time="1.615"/>
  <testcase name="[2] '5'" classname="com.hivemq.cli.commands.shell.connect.ShellConnectST" time="1.615"/>
  <testcase name="[1] '3'" classname="com.hivemq.cli.commands.shell.connect.ShellConnectST" time="1.918"/>
  <testcase name="[2] '5'" classname="com.hivemq.cli.commands.shell.connect.ShellConnectST" time="1.615"/>
  <testcase name="[1] '3'" classname="com.hivemq.cli.commands.shell.connect.ShellConnectST" time="1.717"/>
  <testcase name="[2] '5'" classname="com.hivemq.cli.commands.shell.connect.ShellConnectST" time="1.717"/>
  <testcase name="[1] '3'" classname="com.hivemq.cli.commands.shell.connect.ShellConnectST" time="1.617"/>
  <testcase name="[2] '5'" classname="com.hivemq.cli.commands.shell.connect.ShellConnectST" time="1.617"/>
  <testcase name="[1] '3'" classname="com.hivemq.cli.commands.shell.connect.ShellConnectST" time="1.616"/>
  <testcase name="[2] '5'" classname="com.hivemq.cli.commands.shell.connect.ShellConnectST" time="1.615"/>
  <testcase name="test_help()" classname="com.hivemq.cli.commands.shell.connect.ShellConnectST" time="1.213"/>
  <testcase name="[1] '3'" classname="com.hivemq.cli.commands.shell.connect.ShellConnectST" time="2.224"/>
  <testcase name="[2] '5'" classname="com.hivemq.cli.commands.shell.connect.ShellConnectST" time="1.618"/>
  <testcase name="[1] '3'" classname="com.hivemq.cli.commands.shell.connect.ShellConnectST" time="1.817"/>
  <testcase name="[2] '5'" classname="com.hivemq.cli.commands.shell.connect.ShellConnectST" time="1.615"/>
  <testcase name="[1] '3'" classname="com.hivemq.cli.commands.shell.connect.ShellConnectST" time="1.416"/>
  <testcase name="[2] '5'" classname="com.hivemq.cli.commands.shell.connect.ShellConnectST" time="1.416"/>
  <testcase name="[1] '3'" classname="com.hivemq.cli.commands.shell.connect.ShellConnectST" time="1.615"/>
  <testcase name="[2] '5'" classname="com.hivemq.cli.commands.shell.connect.ShellConnectST" time="1.513"/>
  <testcase name="[1] '3'" classname="com.hivemq.cli.commands.shell.connect.ShellConnectST" time="1.718"/>
  <testcase name="[2] '5'" classname="com.hivemq.cli.commands.shell.connect.ShellConnectST" time="1.717"/>
  <testcase name="[1] '3'" classname="com.hivemq.cli.commands.shell.connect.ShellConnectST" time="1.215"/>
  <testcase name="[2] '5'" classname="com.hivemq.cli.commands.shell.connect.ShellConnectST" time="1.616"/>
  <testcase name="[1] '3'" classname="com.hivemq.cli.commands.shell.connect.ShellConnectST" time="2.015"/>
  <testcase name="[2] '5'" classname="com.hivemq.cli.commands.shell.connect.ShellConnectST" time="2.019"/>
  <testcase name="[1] '3'" classname="com.hivemq.cli.commands.shell.connect.ShellConnectST" time="1.214"/>
  <testcase name="[2] '5'" classname="com.hivemq.cli.commands.shell.connect.ShellConnectST" time="1.614"/>
  <testcase name="[1] '3'" classname="com.hivemq.cli.commands.shell.connect.ShellConnectST" time="1.816"/>
  <testcase name="[2] '5'" classname="com.hivemq.cli.commands.shell.connect.ShellConnectST" time="1.62"/>
  <testcase name="[1] '3'" classname="com.hivemq.cli.commands.shell.connect.ShellConnectST" time="1.613"/>
  <testcase name="[2] '5'" classname="com.hivemq.cli.commands.shell.connect.ShellConnectST" time="1.616"/>
  <testcase name="[1] '3'" classname="com.hivemq.cli.commands.shell.connect.ShellConnectST" time="1.817"/>
  <testcase name="[2] '5'" classname="com.hivemq.cli.commands.shell.connect.ShellConnectST" time="1.613"/>
  <testcase name="[1] '3'" classname="com.hivemq.cli.commands.shell.connect.ShellConnectST" time="1.814"/>
  <testcase name="[2] '5'" classname="com.hivemq.cli.commands.shell.connect.ShellConnectST" time="2.621"/>
  <testcase name="[1] '3'" classname="com.hivemq.cli.commands.shell.connect.ShellConnectST" time="1.717"/>
  <testcase name="[2] '5'" classname="com.hivemq.cli.commands.shell.connect.ShellConnectST" time="1.614"/>
  <testcase name="[1] '3'" classname="com.hivemq.cli.commands.shell.connect.ShellConnectST" time="1.715"/>
  <testcase name="[2] '5'" classname="com.hivemq.cli.commands.shell.connect.ShellConnectST" time="1.814"/>
  <testcase name="[1] '3'" classname="com.hivemq.cli.commands.shell.connect.ShellConnectST" time="1.617"/>
  <testcase name="[2] '5'" classname="com.hivemq.cli.commands.shell.connect.ShellConnectST" time="1.714"/>
  <testcase name="[1] '3'" classname="com.hivemq.cli.commands.shell.connect.ShellConnectST" time="1.816"/>
  <testcase name="[2] '5'" classname="com.hivemq.cli.commands.shell.connect.ShellConnectST" time="1.611"/>
  <testcase name="[1] '3'" classname="com.hivemq.cli.commands.shell.connect.ShellConnectST" time="1.616"/>
  <testcase name="[2] '5'" classname="com.hivemq.cli.commands.shell.connect.ShellConnectST" time="1.713"/>
</testsuite>
