<?xml version="1.0" encoding="UTF-8"?>
<testsuite name="com.hivemq.cli.commands.shell.connect.ShellConnectWebsocketsST" tests="2" skipped="0" failures="0" errors="0" timestamp="2026-07-21T18:37:32.133Z" hostname="runnervm3jd5f" time="3.641">
  <properties/>
  <testcase name="[1] '3'" classname="com.hivemq.cli.commands.shell.connect.ShellConnectWebsocketsST" time="1.726"/>
  <testcase name="[2] '5'" classname="com.hivemq.cli.commands.shell.connect.ShellConnectWebsocketsST" time="1.718"/>
</testsuite>
