<?xml version="1.0" encoding="UTF-8"?>
<testsuite name="com.hivemq.cli.commands.hivemq.export.clients.ExportClientsCommandIT" tests="5" skipped="0" failures="0" errors="0" timestamp="2026-03-21T17:41:25" hostname="runnervm46oaq" time="55.041">
  <properties/>
  <testcase name="rate_limit()" classname="com.hivemq.cli.commands.hivemq.export.clients.ExportClientsCommandIT" time="19.644"/>
  <testcase name="client_detail_1_success()" classname="com.hivemq.cli.commands.hivemq.export.clients.ExportClientsCommandIT" time="8.782"/>
  <testcase name="connection_refused()" classname="com.hivemq.cli.commands.hivemq.export.clients.ExportClientsCommandIT" time="8.744"/>
  <testcase name="csv_options()" classname="com.hivemq.cli.commands.hivemq.export.clients.ExportClientsCommandIT" time="8.843"/>
  <testcase name="client_details_25_success()" classname="com.hivemq.cli.commands.hivemq.export.clients.ExportClientsCommandIT" time="9.023"/>
</testsuite>
