<?xml version="1.0" encoding="UTF-8"?>
<testsuite name="com.hivemq.cli.commands.shell.ShellSubscribeLoggingST" tests="12" skipped="0" failures="0" errors="0" timestamp="2026-06-13T15:59:11.528Z" hostname="runnervm1li68" time="20.681">
  <properties/>
  <testcase name="test_shell_subscribe_with_message_mqtt5_qos2_logging()" classname="com.hivemq.cli.commands.shell.ShellSubscribeLoggingST" time="2.335"/>
  <testcase name="test_shell_subscribe_with_message_mqtt3_qos0_logging()" classname="com.hivemq.cli.commands.shell.ShellSubscribeLoggingST" time="1.433"/>
  <testcase name="test_shell_subscribe_mqtt3_qos2_logging_not_authorized()" classname="com.hivemq.cli.commands.shell.ShellSubscribeLoggingST" time="1.522"/>
  <testcase name="test_shell_subscribe_mqtt3_qos1_logging_not_authorized()" classname="com.hivemq.cli.commands.shell.ShellSubscribeLoggingST" time="1.522"/>
  <testcase name="test_shell_subscribe_mqtt3_qos0_logging_not_authorized()" classname="com.hivemq.cli.commands.shell.ShellSubscribeLoggingST" time="1.519"/>
  <testcase name="test_shell_subscribe_with_message_mqtt3_qos2_logging()" classname="com.hivemq.cli.commands.shell.ShellSubscribeLoggingST" time="1.427"/>
  <testcase name="test_shell_subscribe_with_message_mqtt5_qos1_logging()" classname="com.hivemq.cli.commands.shell.ShellSubscribeLoggingST" time="1.626"/>
  <testcase name="test_shell_subscribe_mqtt5_qos2_logging_not_authorized()" classname="com.hivemq.cli.commands.shell.ShellSubscribeLoggingST" time="1.517"/>
  <testcase name="test_shell_subscribe_mqtt5_qos1_logging_not_authorized()" classname="com.hivemq.cli.commands.shell.ShellSubscribeLoggingST" time="1.523"/>
  <testcase name="test_shell_subscribe_mqtt5_qos0_logging_not_authorized()" classname="com.hivemq.cli.commands.shell.ShellSubscribeLoggingST" time="1.517"/>
  <testcase name="test_shell_subscribe_with_message_mqtt3_qos1_logging()" classname="com.hivemq.cli.commands.shell.ShellSubscribeLoggingST" time="1.427"/>
  <testcase name="test_shell_subscribe_with_message_mqtt5_qos0_logging()" classname="com.hivemq.cli.commands.shell.ShellSubscribeLoggingST" time="1.424"/>
</testsuite>
