<?xml version="1.0" encoding="UTF-8"?>
<testsuite name="com.hivemq.cli.mqtt.test.Mqtt5FeatureTesterQos1IT" tests="3" skipped="0" failures="0" errors="0" timestamp="2026-04-08T09:53:31.423Z" hostname="runnervm35a4x" time="28.603">
  <properties/>
  <testcase name="qos_1_success()" classname="com.hivemq.cli.mqtt.test.Mqtt5FeatureTesterQos1IT" time="8.658"/>
  <testcase name="qos_0_success()" classname="com.hivemq.cli.mqtt.test.Mqtt5FeatureTesterQos1IT" time="8.496"/>
  <testcase name="qos_2_failed()" classname="com.hivemq.cli.mqtt.test.Mqtt5FeatureTesterQos1IT" time="11.444"/>
</testsuite>
