<?xml version="1.0" encoding="UTF-8"?>
<testsuite name="com.hivemq.cli.commands.shell.connect.ShellConnectEnvST" tests="4" skipped="0" failures="0" errors="0" timestamp="2026-06-01T09:21:14.116Z" hostname="runnervm3jyl0" time="5.973">
  <properties/>
  <testcase name="[1] '3'" classname="com.hivemq.cli.commands.shell.connect.ShellConnectEnvST" time="1.22"/>
  <testcase name="[2] '5'" classname="com.hivemq.cli.commands.shell.connect.ShellConnectEnvST" time="1.517"/>
  <testcase name="[1] '3'" classname="com.hivemq.cli.commands.shell.connect.ShellConnectEnvST" time="1.521"/>
  <testcase name="[2] '5'" classname="com.hivemq.cli.commands.shell.connect.ShellConnectEnvST" time="1.518"/>
</testsuite>
