<?xml version="1.0" encoding="UTF-8"?>
<testsuite name="com.hivemq.cli.commands.shell.connect.ShellConnectTlsST" tests="34" skipped="0" failures="0" errors="0" timestamp="2026-04-13T09:39:27.719Z" hostname="runnervm35a4x" time="56.903">
  <properties/>
  <testcase name="[1] 3, TLSv1.2, jks" classname="com.hivemq.cli.commands.shell.connect.ShellConnectTlsST" time="1.82"/>
  <testcase name="[2] 3, TLSv1.2, p12" classname="com.hivemq.cli.commands.shell.connect.ShellConnectTlsST" time="1.816"/>
  <testcase name="[3] 3, TLSv1.3, jks" classname="com.hivemq.cli.commands.shell.connect.ShellConnectTlsST" time="1.819"/>
  <testcase name="[4] 3, TLSv1.3, p12" classname="com.hivemq.cli.commands.shell.connect.ShellConnectTlsST" time="1.918"/>
  <testcase name="[5] 5, TLSv1.2, jks" classname="com.hivemq.cli.commands.shell.connect.ShellConnectTlsST" time="1.611"/>
  <testcase name="[6] 5, TLSv1.2, p12" classname="com.hivemq.cli.commands.shell.connect.ShellConnectTlsST" time="1.718"/>
  <testcase name="[7] 5, TLSv1.3, jks" classname="com.hivemq.cli.commands.shell.connect.ShellConnectTlsST" time="1.819"/>
  <testcase name="[8] 5, TLSv1.3, p12" classname="com.hivemq.cli.commands.shell.connect.ShellConnectTlsST" time="1.817"/>
  <testcase name="[1] 3, TLSv1.2, jks" classname="com.hivemq.cli.commands.shell.connect.ShellConnectTlsST" time="1.718"/>
  <testcase name="[2] 3, TLSv1.2, p12" classname="com.hivemq.cli.commands.shell.connect.ShellConnectTlsST" time="1.816"/>
  <testcase name="[3] 3, TLSv1.3, jks" classname="com.hivemq.cli.commands.shell.connect.ShellConnectTlsST" time="1.715"/>
  <testcase name="[4] 3, TLSv1.3, p12" classname="com.hivemq.cli.commands.shell.connect.ShellConnectTlsST" time="1.817"/>
  <testcase name="[5] 5, TLSv1.2, jks" classname="com.hivemq.cli.commands.shell.connect.ShellConnectTlsST" time="1.716"/>
  <testcase name="[6] 5, TLSv1.2, p12" classname="com.hivemq.cli.commands.shell.connect.ShellConnectTlsST" time="1.817"/>
  <testcase name="[7] 5, TLSv1.3, jks" classname="com.hivemq.cli.commands.shell.connect.ShellConnectTlsST" time="1.812"/>
  <testcase name="[8] 5, TLSv1.3, p12" classname="com.hivemq.cli.commands.shell.connect.ShellConnectTlsST" time="1.818"/>
  <testcase name="[1] 3, TLSv1.2" classname="com.hivemq.cli.commands.shell.connect.ShellConnectTlsST" time="1.42"/>
  <testcase name="[2] 3, TLSv1.3" classname="com.hivemq.cli.commands.shell.connect.ShellConnectTlsST" time="1.514"/>
  <testcase name="[3] 5, TLSv1.2" classname="com.hivemq.cli.commands.shell.connect.ShellConnectTlsST" time="1.413"/>
  <testcase name="[4] 5, TLSv1.3" classname="com.hivemq.cli.commands.shell.connect.ShellConnectTlsST" time="1.514"/>
  <testcase name="[1] 3, TLSv1.2" classname="com.hivemq.cli.commands.shell.connect.ShellConnectTlsST" time="1.416"/>
  <testcase name="[2] 3, TLSv1.3" classname="com.hivemq.cli.commands.shell.connect.ShellConnectTlsST" time="1.617"/>
  <testcase name="[3] 5, TLSv1.2" classname="com.hivemq.cli.commands.shell.connect.ShellConnectTlsST" time="1.517"/>
  <testcase name="[4] 5, TLSv1.3" classname="com.hivemq.cli.commands.shell.connect.ShellConnectTlsST" time="1.613"/>
  <testcase name="[1] 3, TLSv1.2" classname="com.hivemq.cli.commands.shell.connect.ShellConnectTlsST" time="1.614"/>
  <testcase name="[2] 3, TLSv1.3" classname="com.hivemq.cli.commands.shell.connect.ShellConnectTlsST" time="1.615"/>
  <testcase name="[3] 5, TLSv1.2" classname="com.hivemq.cli.commands.shell.connect.ShellConnectTlsST" time="1.615"/>
  <testcase name="[4] 5, TLSv1.3" classname="com.hivemq.cli.commands.shell.connect.ShellConnectTlsST" time="1.616"/>
  <testcase name="[1] 3, TLSv1.2" classname="com.hivemq.cli.commands.shell.connect.ShellConnectTlsST" time="1.616"/>
  <testcase name="[2] 3, TLSv1.3" classname="com.hivemq.cli.commands.shell.connect.ShellConnectTlsST" time="1.615"/>
  <testcase name="[3] 5, TLSv1.2" classname="com.hivemq.cli.commands.shell.connect.ShellConnectTlsST" time="1.516"/>
  <testcase name="[4] 5, TLSv1.3" classname="com.hivemq.cli.commands.shell.connect.ShellConnectTlsST" time="1.612"/>
  <testcase name="[1] '3'" classname="com.hivemq.cli.commands.shell.connect.ShellConnectTlsST" time="1.415"/>
  <testcase name="[2] '5'" classname="com.hivemq.cli.commands.shell.connect.ShellConnectTlsST" time="1.412"/>
</testsuite>
